Mon Nov 21 09:21:37 UTC 2022 - Executing "openroad -exit -no_init -python /openlane/scripts/odbpy/lefutil.py get_metal_layers -o /openlane/designs/spm/runs/tmp/layers.list /home/yazan/OpenLane/pdks/sky130A/libs.ref/sky130_fd_sc_hd/techlef/sky130_fd_sc_hd__nom.tlef"

Mon Nov 21 09:21:37 UTC 2022 - Executing "/openlane/scripts/mergeLef.py -o /openlane/designs/spm/runs/tmp/merged.nom.lef -i /home/yazan/OpenLane/pdks/sky130A/libs.ref/sky130_fd_sc_hd/techlef/sky130_fd_sc_hd__nom.tlef {/home/yazan/OpenLane/pdks/sky130A/libs.ref/sky130_fd_sc_hd/lef/sky130_fd_sc_hd.lef /home/yazan/OpenLane/pdks/sky130A/libs.ref/sky130_fd_sc_hd/lef/sky130_ef_sc_hd.lef} |& tee /dev/null"

Mon Nov 21 09:21:38 UTC 2022 - Executing "/openlane/scripts/mergeLef.py -o /openlane/designs/spm/runs/tmp/merged.min.lef -i /home/yazan/OpenLane/pdks/sky130A/libs.ref/sky130_fd_sc_hd/techlef/sky130_fd_sc_hd__min.tlef {/home/yazan/OpenLane/pdks/sky130A/libs.ref/sky130_fd_sc_hd/lef/sky130_fd_sc_hd.lef /home/yazan/OpenLane/pdks/sky130A/libs.ref/sky130_fd_sc_hd/lef/sky130_ef_sc_hd.lef} |& tee /dev/null"

Mon Nov 21 09:21:38 UTC 2022 - Executing "/openlane/scripts/mergeLef.py -o /openlane/designs/spm/runs/tmp/merged.max.lef -i /home/yazan/OpenLane/pdks/sky130A/libs.ref/sky130_fd_sc_hd/techlef/sky130_fd_sc_hd__max.tlef {/home/yazan/OpenLane/pdks/sky130A/libs.ref/sky130_fd_sc_hd/lef/sky130_fd_sc_hd.lef /home/yazan/OpenLane/pdks/sky130A/libs.ref/sky130_fd_sc_hd/lef/sky130_ef_sc_hd.lef} |& tee /dev/null"

Mon Nov 21 09:21:38 UTC 2022 - Executing "python3 /openlane/scripts/mergeLib.py --output /openlane/designs/spm/runs/tmp/synthesis/merged.lib --name sky130A_merged /home/yazan/OpenLane/pdks/sky130A/libs.ref/sky130_fd_sc_hd/lib/sky130_fd_sc_hd__tt_025C_1v80.lib"

Mon Nov 21 09:21:38 UTC 2022 - Executing "python3 /openlane/scripts/libtrim.py --cell-file /openlane/designs/spm/runs/tmp/synthesis/trimmed.lib.exclude.list --output /openlane/designs/spm/runs/tmp/synthesis/trimmed.lib /openlane/designs/spm/runs/tmp/synthesis/merged.lib"

Mon Nov 21 09:21:39 UTC 2022 - Executing "python3 /openlane/scripts/libtrim.py --cell-file /openlane/designs/spm/runs/tmp/cts/cts.lib.exclude.list --output /openlane/designs/spm/runs/tmp/cts/cts.lib /home/yazan/OpenLane/pdks/sky130A/libs.ref/sky130_fd_sc_hd/lib/sky130_fd_sc_hd__tt_025C_1v80.lib"

Mon Nov 21 09:21:39 UTC 2022 - Executing "python3 /openlane/scripts/new_tracks.py -i /home/yazan/OpenLane/pdks/sky130A/libs.tech/openlane/sky130_fd_sc_hd/tracks.info -o /openlane/designs/spm/runs/tmp/routing/config.tracks"

Mon Nov 21 09:21:39 UTC 2022 - Executing "echo {OpenLane a0b19fa68b79eff3e29b674106b06d20aab637f1} > /openlane/designs/spm/runs/OPENLANE_VERSION"

Mon Nov 21 09:21:39 UTC 2022 - Executing "sed -E {s/^([[:space:]]+)pg_pin(.*)/\1pin\2\n\1    direction : "inout";/g} /home/yazan/OpenLane/pdks/sky130A/libs.ref/sky130_fd_sc_hd/lib/sky130_fd_sc_hd__tt_025C_1v80.lib > /openlane/designs/spm/runs/tmp/synthesis/1-sky130_fd_sc_hd__tt_025C_1v80.no_pg.lib"

Mon Nov 21 09:21:40 UTC 2022 - Executing "sed -E {s/^([[:space:]]+)pg_pin(.*)/\1pin\2\n\1    direction : "inout";/g} /openlane/designs/spm/runs/tmp/synthesis/trimmed.lib > /openlane/designs/spm/runs/tmp/synthesis/1-trimmed.no_pg.lib"

Mon Nov 21 09:21:40 UTC 2022 - Executing "yosys -c /openlane/scripts/yosys/synth.tcl -l /openlane/designs/spm/runs/logs/synthesis/1-synthesis.log |& tee /dev/null"

Mon Nov 21 09:21:42 UTC 2022 - Executing "sed -i -e {s/\(set ::env(CURRENT_NETLIST)\).*/\1 \/openlane\/designs\/spm\/runs\/results\/synthesis\/spm.v/} /openlane/designs/spm/runs/config.tcl"

Mon Nov 21 09:21:42 UTC 2022 - Executing "sed -i /defparam/d /openlane/designs/spm/runs/results/synthesis/spm.v"

Mon Nov 21 09:21:42 UTC 2022 - Executing "openroad -exit /openlane/scripts/openroad/sta.tcl |& tee /dev/null /openlane/designs/spm/runs/logs/synthesis/2-sta.log"

Mon Nov 21 09:21:43 UTC 2022 - Executing "openroad -exit /openlane/scripts/openroad/floorplan.tcl |& tee /dev/null /openlane/designs/spm/runs/logs/floorplan/3-initial_fp.log"

Mon Nov 21 09:21:44 UTC 2022 - Executing "openroad -exit /openlane/scripts/openroad/floorplan.tcl |& tee /dev/null /openlane/designs/spm/runs/logs/floorplan/3-initial_fp.log"

Mon Nov 21 09:21:45 UTC 2022 - Executing "openroad -exit -no_init -python /openlane/scripts/odbpy/snap_to_grid.py --output /openlane/designs/spm/runs/tmp/floorplan/3-minimized_pdn.txt --input-lef /openlane/designs/spm/runs/tmp/merged.nom.lef 11.3275 11.22 22.655 22.44"

Mon Nov 21 09:21:45 UTC 2022 - Executing "openroad -exit -no_init -python /openlane/scripts/odbpy/defutil.py extract_core_dims --output-data /openlane/designs/spm/runs/tmp/dimensions.txt --input-lef /openlane/designs/spm/runs/tmp/merged.nom.lef /openlane/designs/spm/runs/tmp/floorplan/3-initial_fp.def"

Mon Nov 21 09:21:46 UTC 2022 - Executing "openroad -exit -no_init -python /openlane/scripts/odbpy/io_place.py --config /openlane/designs/spm/pin_order.cfg --hor-layer met3 --ver-layer met2 --ver-width-mult 2 --hor-width-mult 2 --hor-extension -1 --ver-extension -1 --length 4 --unmatched-error --input-lef /openlane/designs/spm/runs/tmp/merged.nom.lef --output-def /openlane/designs/spm/runs/tmp/floorplan/4-io.def --output /openlane/designs/spm/runs/tmp/floorplan/4-io.odb /openlane/designs/spm/runs/tmp/floorplan/3-initial_fp.odb |& tee /dev/null /openlane/designs/spm/runs/logs/floorplan/4-place_io.log"

Mon Nov 21 09:21:46 UTC 2022 - Executing "openroad -exit /openlane/scripts/openroad/tapcell.tcl |& tee /dev/null /openlane/designs/spm/runs/logs/floorplan/5-tap.log"

Mon Nov 21 09:21:47 UTC 2022 - Executing "openroad -exit /openlane/scripts/openroad/pdn.tcl |& tee /dev/null /openlane/designs/spm/runs/logs/floorplan/6-pdn.log"

Mon Nov 21 09:21:48 UTC 2022 - Executing "openroad -exit /openlane/scripts/openroad/gpl.tcl |& tee /dev/null /openlane/designs/spm/runs/logs/placement/7-global.log"

Mon Nov 21 09:21:50 UTC 2022 - Executing "openroad -exit /openlane/scripts/openroad/resizer.tcl |& tee /dev/null /openlane/designs/spm/runs/logs/placement/8-resizer.log"

Mon Nov 21 09:21:51 UTC 2022 - Executing "sed -i -e {s/\(set ::env(CURRENT_NETLIST)\).*/\1 \/openlane\/designs\/spm\/runs\/tmp\/placement\/8-resizer.nl.v/} /openlane/designs/spm/runs/config.tcl"

Mon Nov 21 09:21:52 UTC 2022 - Executing "openroad -exit /openlane/scripts/openroad/dpl.tcl |& tee /dev/null /openlane/designs/spm/runs/logs/placement/9-detailed.log"

Mon Nov 21 09:21:53 UTC 2022 - Executing "sed -i -e {s/\(set ::env(CURRENT_NETLIST)\).*/\1 \/openlane\/designs\/spm\/runs\/results\/placement\/spm.nl.v/} /openlane/designs/spm/runs/config.tcl"

Mon Nov 21 09:21:53 UTC 2022 - Executing "openroad -exit /openlane/scripts/openroad/cts.tcl |& tee /dev/null /openlane/designs/spm/runs/logs/cts/10-cts.log"

Mon Nov 21 09:22:41 UTC 2022 - Executing "openroad -exit /openlane/scripts/openroad/resizer_timing.tcl |& tee /dev/null /openlane/designs/spm/runs/logs/cts/11-resizer.log"

Mon Nov 21 09:22:42 UTC 2022 - Executing "sed -i -e {s/\(set ::env(CURRENT_NETLIST)\).*/\1 \/openlane\/designs\/spm\/runs\/tmp\/cts\/11-spm.resized.nl.v/} /openlane/designs/spm/runs/config.tcl"

Mon Nov 21 09:22:43 UTC 2022 - Executing "openroad -exit /openlane/scripts/openroad/resizer_routing_timing.tcl |& tee /dev/null /openlane/designs/spm/runs/logs/routing/12-resizer.log"

Mon Nov 21 09:22:44 UTC 2022 - Executing "sed -i -e {s/\(set ::env(CURRENT_NETLIST)\).*/\1 \/openlane\/designs\/spm\/runs\/tmp\/12-spm.nl.v/} /openlane/designs/spm/runs/config.tcl"

Mon Nov 21 09:22:44 UTC 2022 - Executing "openroad -exit /openlane/scripts/openroad/dpl.tcl |& tee /dev/null /openlane/designs/spm/runs/logs/routing/13-diode_legalization.log"

Mon Nov 21 09:22:45 UTC 2022 - Executing "sed -i -e {s/\(set ::env(CURRENT_NETLIST)\).*/\1 \/openlane\/designs\/spm\/runs\/tmp\/routing\/diode.nl.v/} /openlane/designs/spm/runs/config.tcl"

Mon Nov 21 09:22:45 UTC 2022 - Executing "openroad -exit /openlane/scripts/openroad/groute.tcl |& tee /dev/null /openlane/designs/spm/runs/logs/routing/14-global.log"

Mon Nov 21 09:22:47 UTC 2022 - Executing "openroad -exit /openlane/scripts/openroad/write_views.tcl |& tee /dev/null /openlane/designs/spm/runs/logs/routing/14-global_write_netlist.log"

Mon Nov 21 09:22:47 UTC 2022 - Executing "sed -i -e {s/\(set ::env(CURRENT_NETLIST)\).*/\1 \/openlane\/designs\/spm\/runs\/tmp\/routing\/global.nl.v/} /openlane/designs/spm/runs/config.tcl"

Mon Nov 21 09:22:48 UTC 2022 - Executing "openroad -exit /openlane/scripts/openroad/fill.tcl |& tee /dev/null /openlane/designs/spm/runs/logs/routing/16-fill.log"

Mon Nov 21 09:22:49 UTC 2022 - Executing "sed -i -e {s/\(set ::env(CURRENT_NETLIST)\).*/\1 \/openlane\/designs\/spm\/runs\/tmp\/routing\/16-fill.nl.v/} /openlane/designs/spm/runs/config.tcl"

Mon Nov 21 09:22:49 UTC 2022 - Executing "openroad -exit /openlane/scripts/openroad/droute.tcl |& tee /dev/null /openlane/designs/spm/runs/logs/routing/17-detailed.log"

Mon Nov 21 09:23:18 UTC 2022 - Executing "sed -i -e {s/\(set ::env(CURRENT_NETLIST)\).*/\1 \/openlane\/designs\/spm\/runs\/results\/routing\/spm.nl.v/} /openlane/designs/spm/runs/config.tcl"

Mon Nov 21 09:23:18 UTC 2022 - Executing "python3 /openlane/scripts/drc_rosetta.py tr to_klayout -o /openlane/designs/spm/runs/reports/routing/drt.klayout.xml --design-name spm /openlane/designs/spm/runs/reports/routing/drt.drc"

Mon Nov 21 09:23:19 UTC 2022 - Executing "openroad -exit -no_init -python /openlane/scripts/odbpy/wire_lengths.py --report-out /openlane/designs/spm/runs/reports/routing/18-wire_lengths.csv --input-lef /openlane/designs/spm/runs/tmp/merged.nom.lef --output-def /dev/null --output /openlane/designs/spm/runs/results/routing/spm.odb /openlane/designs/spm/runs/results/routing/spm.odb |& tee /dev/null /openlane/designs/spm/runs/logs/routing/18-wire_lengths.log"

Mon Nov 21 09:23:19 UTC 2022 - Executing "openroad -exit /openlane/scripts/openroad/rcx.tcl |& tee /dev/null /openlane/designs/spm/runs/logs/signoff/19-parasitics_extraction.min.log"

Mon Nov 21 09:23:20 UTC 2022 - Executing "openroad -exit /openlane/scripts/openroad/sta_multi_corner.tcl |& tee /dev/null /openlane/designs/spm/runs/logs/signoff/20-rcx_mcsta.min.log"

Mon Nov 21 09:23:24 UTC 2022 - Executing "openroad -exit /openlane/scripts/openroad/rcx.tcl |& tee /dev/null /openlane/designs/spm/runs/logs/signoff/21-parasitics_extraction.max.log"

Mon Nov 21 09:23:25 UTC 2022 - Executing "openroad -exit /openlane/scripts/openroad/sta_multi_corner.tcl |& tee /dev/null /openlane/designs/spm/runs/logs/signoff/22-rcx_mcsta.max.log"

Mon Nov 21 09:23:30 UTC 2022 - Executing "openroad -exit /openlane/scripts/openroad/rcx.tcl |& tee /dev/null /openlane/designs/spm/runs/logs/signoff/23-parasitics_extraction.nom.log"

Mon Nov 21 09:23:31 UTC 2022 - Executing "openroad -exit /openlane/scripts/openroad/sta_multi_corner.tcl |& tee /dev/null /openlane/designs/spm/runs/logs/signoff/24-rcx_mcsta.nom.log"

Mon Nov 21 09:23:35 UTC 2022 - Executing "openroad -exit /openlane/scripts/openroad/sta.tcl |& tee /dev/null /openlane/designs/spm/runs/logs/signoff/25-rcx_sta.log"

Mon Nov 21 09:23:36 UTC 2022 - Executing "openroad -exit /openlane/scripts/openroad/irdrop.tcl |& tee /dev/null /openlane/designs/spm/runs/logs/signoff/26-irdrop.log"

Mon Nov 21 09:23:37 UTC 2022 - Executing "magic -noconsole -dnull -rcfile /home/yazan/OpenLane/pdks/sky130A/libs.tech/magic/sky130A.magicrc < /openlane/scripts/magic/def/mag_gds.tcl |& tee /dev/null /openlane/designs/spm/runs/logs/signoff/27-gdsii.log"

Mon Nov 21 09:23:38 UTC 2022 - Executing "magic -noconsole -dnull -rcfile /home/yazan/OpenLane/pdks/sky130A/libs.tech/magic/sky130A.magicrc < /openlane/scripts/magic/gds/mag_with_pointers.tcl |& tee /dev/null /openlane/designs/spm/runs/logs/signoff/27-gds_ptrs.log"

Mon Nov 21 09:23:38 UTC 2022 - Executing "sed -i -n {/^<< properties >>/,/^<< end >>/p} /openlane/designs/spm/runs/tmp/signoff/gds_ptrs.mag"

Mon Nov 21 09:23:38 UTC 2022 - Executing "magic -noconsole -dnull -rcfile /home/yazan/OpenLane/pdks/sky130A/libs.tech/magic/sky130A.magicrc < /openlane/scripts/magic/mag/lef.tcl |& tee /dev/null /openlane/designs/spm/runs/logs/signoff/27-lef.log"

Mon Nov 21 09:23:39 UTC 2022 - Executing "magic -noconsole -dnull -rcfile /home/yazan/OpenLane/pdks/sky130A/libs.tech/magic/sky130A.magicrc < /openlane/scripts/magic/lef/maglef.tcl |& tee /dev/null /openlane/designs/spm/runs/logs/signoff/27-maglef.log"

Mon Nov 21 09:23:40 UTC 2022 - Executing "klayout -b -rm /openlane/scripts/klayout/def2gds.py -rd out_gds=/openlane/designs/spm/runs/results/signoff/spm.klayout.gds -rd tech_file=/home/yazan/OpenLane/pdks/sky130A/libs.tech/klayout/tech/sky130A.lyt -rd design_name=spm -rd in_def=/openlane/designs/spm/runs/results/routing/spm.def -rd {in_gds=/home/yazan/OpenLane/pdks/sky130A/libs.ref/sky130_fd_sc_hd/gds/sky130_fd_sc_hd.gds } -rd config_file= -rd seal_gds= -rd lef_file=/openlane/designs/spm/runs/tmp/merged.nom.lef |& tee /dev/null /openlane/designs/spm/runs/logs/signoff/28-gdsii-klayout.log"

Mon Nov 21 09:23:40 UTC 2022 - Executing "bash /openlane/scripts/klayout/xor.sh /openlane/designs/spm/runs/results/signoff/spm.gds /openlane/designs/spm/runs/results/signoff/spm.klayout.gds spm /openlane/designs/spm/runs/reports/signoff/spm.xor.gds |& tee /dev/null /openlane/designs/spm/runs/logs/signoff/29-xor.log"

Mon Nov 21 09:23:42 UTC 2022 - Executing "python3 /openlane/scripts/parse_klayout_xor_log.py -l /openlane/designs/spm/runs/logs/signoff/29-xor.log -o /openlane/designs/spm/runs/reports/signoff/29-xor.rpt"

Mon Nov 21 09:23:42 UTC 2022 - Executing "bash /openlane/scripts/klayout/xor.sh /openlane/designs/spm/runs/results/signoff/spm.gds /openlane/designs/spm/runs/results/signoff/spm.klayout.gds spm /openlane/designs/spm/runs/reports/signoff/spm.xor.xml |& tee /dev/null /openlane/designs/spm/runs/logs/signoff/29-xor.log"

Mon Nov 21 09:23:44 UTC 2022 - Executing "python3 /openlane/scripts/parse_klayout_xor_log.py -l /openlane/designs/spm/runs/logs/signoff/29-xor.log -o /openlane/designs/spm/runs/reports/signoff/29-xor.rpt"

Mon Nov 21 09:23:45 UTC 2022 - Executing "magic -noconsole -dnull -rcfile /home/yazan/OpenLane/pdks/sky130A/libs.tech/magic/sky130A.magicrc < /openlane/scripts/magic/extract_spice.tcl |& tee /dev/null /openlane/designs/spm/runs/logs/signoff/30-spice.log"

Mon Nov 21 09:23:48 UTC 2022 - Executing "openroad -exit -no_init -python /openlane/scripts/odbpy/power_utils.py write_powered_def --output /openlane/designs/spm/runs/tmp/signoff/30-spm.p.def --input-lef /openlane/designs/spm/runs/tmp/merged.nom.lef --power-port VPWR --ground-port VGND --powered-netlist {} /openlane/designs/spm/runs/results/routing/spm.def |& tee /dev/null /openlane/designs/spm/runs/logs/signoff/31-write_powered_def.log"

Mon Nov 21 09:23:48 UTC 2022 - Executing "openroad -exit /openlane/scripts/openroad/write_views.tcl |& tee /dev/null /openlane/designs/spm/runs/logs/signoff/31-write_powered_verilog.log"

Mon Nov 21 09:23:49 UTC 2022 - Executing "sed -i -e {s/\(set ::env(CURRENT_NETLIST)\).*/\1 \/openlane\/designs\/spm\/runs\/tmp\/signoff\/30-spm.nl.v/} /openlane/designs/spm/runs/config.tcl"

Mon Nov 21 09:23:49 UTC 2022 - Executing "netgen -batch source /openlane/designs/spm/runs/tmp/signoff/33-setup_file.lef.lvs |& tee /dev/null /openlane/designs/spm/runs/logs/signoff/33-lvs.lef.log"

Mon Nov 21 09:23:50 UTC 2022 - Executing "magic -noconsole -dnull -rcfile /home/yazan/OpenLane/pdks/sky130A/libs.tech/magic/sky130A.magicrc < /openlane/scripts/magic/drc.tcl |& tee /dev/null /openlane/designs/spm/runs/logs/signoff/34-drc.log"

Mon Nov 21 09:23:53 UTC 2022 - Executing "python3 /openlane/scripts/drc_rosetta.py magic to_tcl -o /openlane/designs/spm/runs/reports/signoff/drc.tcl /openlane/designs/spm/runs/reports/signoff/drc.rpt"

Mon Nov 21 09:23:53 UTC 2022 - Executing "python3 /openlane/scripts/drc_rosetta.py magic to_tr -o /openlane/designs/spm/runs/reports/signoff/drc.tr /openlane/designs/spm/runs/reports/signoff/drc.rpt"

Mon Nov 21 09:23:53 UTC 2022 - Executing "python3 /openlane/scripts/drc_rosetta.py tr to_klayout -o /openlane/designs/spm/runs/reports/signoff/drc.klayout.xml --design-name spm /openlane/designs/spm/runs/reports/signoff/drc.tr"

Mon Nov 21 09:23:53 UTC 2022 - Executing "python3 /openlane/scripts/drc_rosetta.py magic to_rdb -o /openlane/designs/spm/runs/reports/signoff/drc.rdb /openlane/designs/spm/runs/reports/signoff/drc.rpt"

Mon Nov 21 09:23:54 UTC 2022 - Executing "openroad -exit /openlane/scripts/openroad/antenna_check.tcl |& tee /dev/null /openlane/designs/spm/runs/logs/signoff/35-antenna.log"

Mon Nov 21 09:23:54 UTC 2022 - Executing "python3 /openlane/scripts/extract_antenna_violators.py --output /openlane/designs/spm/runs/reports/signoff/35-antenna_violators.rpt /openlane/designs/spm/runs/logs/signoff/35-antenna.log"

Mon Nov 21 09:23:55 UTC 2022 - Executing "awk -v vdd=VPWR -v gnd=VGND -f /home/yazan/OpenLane/pdks/sky130A/libs.tech/openlane/cvc/power.awk /openlane/designs/spm/runs/tmp/signoff/30-spm.nl.v > /openlane/designs/spm/runs/tmp/signoff/spm.power"

Mon Nov 21 09:23:55 UTC 2022 - Executing "awk -f /home/yazan/OpenLane/pdks/sky130A/libs.tech/openlane/cvc/cdl.awk /home/yazan/OpenLane/pdks/sky130A/libs.ref/sky130_fd_sc_hd/cdl/sky130_fd_sc_hd.cdl /openlane/designs/spm/runs/results/signoff/spm.lef.spice > /openlane/designs/spm/runs/tmp/signoff/spm.cdl"

Mon Nov 21 09:23:55 UTC 2022 - Executing "cvc_rv /home/yazan/OpenLane/pdks/sky130A/libs.tech/openlane/cvc/cvcrc |& tee /dev/null /openlane/designs/spm/runs/logs/signoff/36-erc_screen.log"

Mon Nov 21 09:23:55 UTC 2022 - Executing "python3 /openlane/scripts/generate_reports.py -d /openlane/designs/spm --design_name spm --tag RUN_2022.11.21_09.21.36 --output_file /openlane/designs/spm/runs/reports/metrics.csv --man_report /openlane/designs/spm/runs/reports/manufacturability.rpt --run_path /openlane/designs/spm/runs"

