[INFO]: Preparing LEF files for the nom corner...
[INFO]: Preparing LEF files for the min corner...
[INFO]: Preparing LEF files for the max corner...
[INFO]: Running Synthesis (log: designs/spm/runs/logs/synthesis/1-synthesis.log)...
[INFO]: Running Single-Corner Static Timing Analysis (log: designs/spm/runs/logs/synthesis/2-sta.log)...
[INFO]: Running Initial Floorplanning (log: designs/spm/runs/logs/floorplan/3-initial_fp.log)...
[INFO]: Floorplanned with width 90.62 and height 89.76.
[INFO]: Running IO Placement (log: designs/spm/runs/logs/floorplan/4-place_io.log)...
[INFO]: Running Tap/Decap Insertion (log: designs/spm/runs/logs/floorplan/5-tap.log)...
[INFO]: Power planning with power {VPWR} and ground {VGND}...
[INFO]: Generating PDN (log: designs/spm/runs/logs/floorplan/6-pdn.log)...
[INFO]: Running Global Placement (log: designs/spm/runs/logs/placement/7-global.log)...
[INFO]: Running Placement Resizer Design Optimizations (log: designs/spm/runs/logs/placement/8-resizer.log)...
[INFO]: Running Detailed Placement (log: designs/spm/runs/logs/placement/9-detailed.log)...
[INFO]: Running Clock Tree Synthesis (log: designs/spm/runs/logs/cts/10-cts.log)...
[INFO]: Running Placement Resizer Timing Optimizations (log: designs/spm/runs/logs/cts/11-resizer.log)...
[INFO]: Running Global Routing Resizer Timing Optimizations (log: designs/spm/runs/logs/routing/12-resizer.log)...
[INFO]: Running Detailed Placement (log: designs/spm/runs/logs/routing/13-diode_legalization.log)...
[INFO]: Running Global Routing (log: designs/spm/runs/logs/routing/14-global.log)...
[INFO]: Starting OpenROAD Antenna Repair Iterations...
[INFO]: Writing Verilog (log: designs/spm/runs/logs/routing/14-global_write_netlist.log)...
[INFO]: Running Fill Insertion (log: designs/spm/runs/logs/routing/16-fill.log)...
[INFO]: Running Detailed Routing (log: designs/spm/runs/logs/routing/17-detailed.log)...
[INFO]: No DRC violations after detailed routing.
[INFO]: Checking Wire Lengths (log: designs/spm/runs/logs/routing/18-wire_lengths.log)...
[INFO]: Running SPEF Extraction at the min process corner (log: designs/spm/runs/logs/signoff/19-parasitics_extraction.min.log)...
[INFO]: Running Multi-Corner Static Timing Analysis at the min process corner (log: designs/spm/runs/logs/signoff/20-rcx_mcsta.min.log)...
[INFO]: Running SPEF Extraction at the max process corner (log: designs/spm/runs/logs/signoff/21-parasitics_extraction.max.log)...
[INFO]: Running Multi-Corner Static Timing Analysis at the max process corner (log: designs/spm/runs/logs/signoff/22-rcx_mcsta.max.log)...
[INFO]: Running SPEF Extraction at the nom process corner (log: designs/spm/runs/logs/signoff/23-parasitics_extraction.nom.log)...
[INFO]: Running Multi-Corner Static Timing Analysis at the nom process corner (log: designs/spm/runs/logs/signoff/24-rcx_mcsta.nom.log)...
[INFO]: Running Single-Corner Static Timing Analysis at the nom process corner (log: designs/spm/runs/logs/signoff/25-rcx_sta.log)...
[INFO]: Creating IR Drop Report (log: designs/spm/runs/logs/signoff/26-irdrop.log)...
[INFO]: Running Magic to generate various views...
[INFO]: Streaming out GDSII with Magic (log: designs/spm/runs/logs/signoff/27-gdsii.log)...
[INFO]: Generating MAGLEF views...
[INFO]: Streaming out GDSII with KLayout (log: designs/spm/runs/logs/signoff/28-gdsii-klayout.log)...
[INFO]: Running XOR on the layouts using KLayout (log: designs/spm/runs/logs/signoff/29-xor.log)...
[INFO]: Running Magic Spice Export from LEF (log: designs/spm/runs/logs/signoff/30-spice.log)...
[INFO]: Writing Powered Verilog (logs: designs/spm/runs/logs/signoff/31-write_powered_def.log, designs/spm/runs/logs/signoff/31-write_powered_verilog.log)...
[INFO]: Writing Verilog (log: designs/spm/runs/logs/signoff/31-write_powered_verilog.log)...
[INFO]: Running LVS (log: designs/spm/runs/logs/signoff/33-lvs.lef.log)...
[INFO]: Running Magic DRC (log: designs/spm/runs/logs/signoff/34-drc.log)...
[INFO]: Converting Magic DRC database to various tool-readable formats...
[INFO]: No DRC violations after GDS streaming out.
[INFO]: Running OpenROAD Antenna Rule Checker (log: designs/spm/runs/logs/signoff/35-antenna.log)...
[INFO]: Running Circuit Validity Checker ERC (log: designs/spm/runs/logs/signoff/36-erc_screen.log)...
[INFO]: Saving current set of views in 'designs/spm/runs/results/final'...
[INFO]: Saving runtime environment...
[INFO]: Generating final set of reports...
[INFO]: Created manufacturability report at 'designs/spm/runs/reports/manufacturability.rpt'.
[INFO]: Created metrics report at 'designs/spm/runs/reports/metrics.csv'.
[INFO]: There are no max slew, max fanout or max capacitance violations in the design at the typical corner.
[INFO]: There are no hold violations in the design at the typical corner.
[INFO]: There are no setup violations in the design at the typical corner.
[SUCCESS]: Flow complete.
