OpenROAD 127815b81a8624caebc06d0bedc2ea3a22e90500 
This program is licensed under the BSD-3 license. See the LICENSE file for details.
Components of this program may be licensed under more restrictive licenses which must be honored.
min_report

===========================================================================
report_checks -path_delay min (Hold)
============================================================================
Startpoint: rst (input port clocked by clk)
Endpoint: _506_ (removal check against rising-edge clock clk)
Path Group: **async_default**
Path Type: min

Fanout     Cap    Slew   Delay    Time   Description
-----------------------------------------------------------------------------
                          0.00    0.00   clock clk (rise edge)
                          0.00    0.00   clock network delay (propagated)
                          2.00    2.00 v input external delay
                  0.01    0.00    2.00 v rst (in)
     1    0.00                           rst (net)
                  0.01    0.00    2.00 v input1/A (sky130_fd_sc_hd__clkbuf_1)
                  0.03    0.07    2.08 v input1/X (sky130_fd_sc_hd__clkbuf_1)
     1    0.00                           net1 (net)
                  0.03    0.00    2.08 v _372_/A (sky130_fd_sc_hd__clkbuf_4)
                  0.10    0.18    2.26 v _372_/X (sky130_fd_sc_hd__clkbuf_4)
    10    0.05                           _199_ (net)
                  0.10    0.00    2.26 v _442_/A (sky130_fd_sc_hd__inv_2)
                  0.05    0.07    2.34 ^ _442_/Y (sky130_fd_sc_hd__inv_2)
     1    0.01                           _096_ (net)
                  0.05    0.00    2.34 ^ _506_/RESET_B (sky130_fd_sc_hd__dfrtp_1)
                                  2.34   data arrival time

                          0.00    0.00   clock clk (rise edge)
                          0.00    0.00   clock source latency
                  0.07    0.05    0.05 ^ clk (in)
     1    0.01                           clk (net)
                  0.07    0.00    0.05 ^ clkbuf_0_clk/A (sky130_fd_sc_hd__clkbuf_16)
                  0.10    0.19    0.24 ^ clkbuf_0_clk/X (sky130_fd_sc_hd__clkbuf_16)
     8    0.09                           clknet_0_clk (net)
                  0.10    0.00    0.24 ^ clkbuf_3_4__f_clk/A (sky130_fd_sc_hd__clkbuf_16)
                  0.05    0.16    0.40 ^ clkbuf_3_4__f_clk/X (sky130_fd_sc_hd__clkbuf_16)
     8    0.03                           clknet_3_4__leaf_clk (net)
                  0.05    0.00    0.40 ^ _506_/CLK (sky130_fd_sc_hd__dfrtp_1)
                          0.25    0.65   clock uncertainty
                          0.00    0.65   clock reconvergence pessimism
                          0.32    0.97   library removal time
                                  0.97   data required time
-----------------------------------------------------------------------------
                                  0.97   data required time
                                 -2.34   data arrival time
-----------------------------------------------------------------------------
                                  1.36   slack (MET)


Startpoint: rst (input port clocked by clk)
Endpoint: _505_ (removal check against rising-edge clock clk)
Path Group: **async_default**
Path Type: min

Fanout     Cap    Slew   Delay    Time   Description
-----------------------------------------------------------------------------
                          0.00    0.00   clock clk (rise edge)
                          0.00    0.00   clock network delay (propagated)
                          2.00    2.00 v input external delay
                  0.01    0.00    2.00 v rst (in)
     1    0.00                           rst (net)
                  0.01    0.00    2.00 v input1/A (sky130_fd_sc_hd__clkbuf_1)
                  0.03    0.07    2.08 v input1/X (sky130_fd_sc_hd__clkbuf_1)
     1    0.00                           net1 (net)
                  0.03    0.00    2.08 v _372_/A (sky130_fd_sc_hd__clkbuf_4)
                  0.10    0.18    2.26 v _372_/X (sky130_fd_sc_hd__clkbuf_4)
    10    0.05                           _199_ (net)
                  0.10    0.00    2.26 v _441_/A (sky130_fd_sc_hd__inv_2)
                  0.08    0.10    2.36 ^ _441_/Y (sky130_fd_sc_hd__inv_2)
     1    0.02                           _095_ (net)
                  0.08    0.00    2.36 ^ _505_/RESET_B (sky130_fd_sc_hd__dfrtp_2)
                                  2.36   data arrival time

                          0.00    0.00   clock clk (rise edge)
                          0.00    0.00   clock source latency
                  0.07    0.05    0.05 ^ clk (in)
     1    0.01                           clk (net)
                  0.07    0.00    0.05 ^ clkbuf_0_clk/A (sky130_fd_sc_hd__clkbuf_16)
                  0.10    0.19    0.24 ^ clkbuf_0_clk/X (sky130_fd_sc_hd__clkbuf_16)
     8    0.09                           clknet_0_clk (net)
                  0.10    0.00    0.24 ^ clkbuf_3_7__f_clk/A (sky130_fd_sc_hd__clkbuf_16)
                  0.05    0.16    0.40 ^ clkbuf_3_7__f_clk/X (sky130_fd_sc_hd__clkbuf_16)
     9    0.03                           clknet_3_7__leaf_clk (net)
                  0.05    0.00    0.40 ^ _505_/CLK (sky130_fd_sc_hd__dfrtp_2)
                          0.25    0.65   clock uncertainty
                          0.00    0.65   clock reconvergence pessimism
                          0.33    0.99   library removal time
                                  0.99   data required time
-----------------------------------------------------------------------------
                                  0.99   data required time
                                 -2.36   data arrival time
-----------------------------------------------------------------------------
                                  1.38   slack (MET)


Startpoint: rst (input port clocked by clk)
Endpoint: _504_ (removal check against rising-edge clock clk)
Path Group: **async_default**
Path Type: min

Fanout     Cap    Slew   Delay    Time   Description
-----------------------------------------------------------------------------
                          0.00    0.00   clock clk (rise edge)
                          0.00    0.00   clock network delay (propagated)
                          2.00    2.00 v input external delay
                  0.01    0.00    2.00 v rst (in)
     1    0.00                           rst (net)
                  0.01    0.00    2.00 v input1/A (sky130_fd_sc_hd__clkbuf_1)
                  0.03    0.07    2.08 v input1/X (sky130_fd_sc_hd__clkbuf_1)
     1    0.00                           net1 (net)
                  0.03    0.00    2.08 v _372_/A (sky130_fd_sc_hd__clkbuf_4)
                  0.10    0.18    2.26 v _372_/X (sky130_fd_sc_hd__clkbuf_4)
    10    0.05                           _199_ (net)
                  0.10    0.00    2.26 v _440_/A (sky130_fd_sc_hd__inv_2)
                  0.08    0.10    2.36 ^ _440_/Y (sky130_fd_sc_hd__inv_2)
     1    0.02                           _094_ (net)
                  0.08    0.00    2.36 ^ _504_/RESET_B (sky130_fd_sc_hd__dfrtp_1)
                                  2.36   data arrival time

                          0.00    0.00   clock clk (rise edge)
                          0.00    0.00   clock source latency
                  0.07    0.05    0.05 ^ clk (in)
     1    0.01                           clk (net)
                  0.07    0.00    0.05 ^ clkbuf_0_clk/A (sky130_fd_sc_hd__clkbuf_16)
                  0.10    0.19    0.24 ^ clkbuf_0_clk/X (sky130_fd_sc_hd__clkbuf_16)
     8    0.09                           clknet_0_clk (net)
                  0.10    0.00    0.24 ^ clkbuf_3_5__f_clk/A (sky130_fd_sc_hd__clkbuf_16)
                  0.04    0.15    0.40 ^ clkbuf_3_5__f_clk/X (sky130_fd_sc_hd__clkbuf_16)
     7    0.02                           clknet_3_5__leaf_clk (net)
                  0.04    0.00    0.40 ^ _504_/CLK (sky130_fd_sc_hd__dfrtp_1)
                          0.25    0.65   clock uncertainty
                          0.00    0.65   clock reconvergence pessimism
                          0.33    0.98   library removal time
                                  0.98   data required time
-----------------------------------------------------------------------------
                                  0.98   data required time
                                 -2.36   data arrival time
-----------------------------------------------------------------------------
                                  1.39   slack (MET)


Startpoint: rst (input port clocked by clk)
Endpoint: _503_ (removal check against rising-edge clock clk)
Path Group: **async_default**
Path Type: min

Fanout     Cap    Slew   Delay    Time   Description
-----------------------------------------------------------------------------
                          0.00    0.00   clock clk (rise edge)
                          0.00    0.00   clock network delay (propagated)
                          2.00    2.00 v input external delay
                  0.01    0.00    2.00 v rst (in)
     1    0.00                           rst (net)
                  0.01    0.00    2.00 v input1/A (sky130_fd_sc_hd__clkbuf_1)
                  0.03    0.07    2.08 v input1/X (sky130_fd_sc_hd__clkbuf_1)
     1    0.00                           net1 (net)
                  0.03    0.00    2.08 v _372_/A (sky130_fd_sc_hd__clkbuf_4)
                  0.10    0.18    2.26 v _372_/X (sky130_fd_sc_hd__clkbuf_4)
    10    0.05                           _199_ (net)
                  0.10    0.00    2.26 v _439_/A (sky130_fd_sc_hd__inv_2)
                  0.07    0.10    2.36 ^ _439_/Y (sky130_fd_sc_hd__inv_2)
     1    0.01                           _093_ (net)
                  0.07    0.00    2.36 ^ _503_/RESET_B (sky130_fd_sc_hd__dfrtp_1)
                                  2.36   data arrival time

                          0.00    0.00   clock clk (rise edge)
                          0.00    0.00   clock source latency
                  0.07    0.05    0.05 ^ clk (in)
     1    0.01                           clk (net)
                  0.07    0.00    0.05 ^ clkbuf_0_clk/A (sky130_fd_sc_hd__clkbuf_16)
                  0.10    0.19    0.24 ^ clkbuf_0_clk/X (sky130_fd_sc_hd__clkbuf_16)
     8    0.09                           clknet_0_clk (net)
                  0.10    0.00    0.24 ^ clkbuf_3_6__f_clk/A (sky130_fd_sc_hd__clkbuf_16)
                  0.04    0.15    0.39 ^ clkbuf_3_6__f_clk/X (sky130_fd_sc_hd__clkbuf_16)
     6    0.02                           clknet_3_6__leaf_clk (net)
                  0.04    0.00    0.39 ^ _503_/CLK (sky130_fd_sc_hd__dfrtp_1)
                          0.25    0.64   clock uncertainty
                          0.00    0.64   clock reconvergence pessimism
                          0.33    0.97   library removal time
                                  0.97   data required time
-----------------------------------------------------------------------------
                                  0.97   data required time
                                 -2.36   data arrival time
-----------------------------------------------------------------------------
                                  1.39   slack (MET)


Startpoint: rst (input port clocked by clk)
Endpoint: _448_ (removal check against rising-edge clock clk)
Path Group: **async_default**
Path Type: min

Fanout     Cap    Slew   Delay    Time   Description
-----------------------------------------------------------------------------
                          0.00    0.00   clock clk (rise edge)
                          0.00    0.00   clock network delay (propagated)
                          2.00    2.00 v input external delay
                  0.01    0.00    2.00 v rst (in)
     1    0.00                           rst (net)
                  0.01    0.00    2.00 v input1/A (sky130_fd_sc_hd__clkbuf_1)
                  0.03    0.07    2.08 v input1/X (sky130_fd_sc_hd__clkbuf_1)
     1    0.00                           net1 (net)
                  0.03    0.00    2.08 v _372_/A (sky130_fd_sc_hd__clkbuf_4)
                  0.10    0.18    2.26 v _372_/X (sky130_fd_sc_hd__clkbuf_4)
    10    0.05                           _199_ (net)
                  0.10    0.00    2.26 v _373_/A (sky130_fd_sc_hd__buf_4)
                  0.08    0.21    2.47 v _373_/X (sky130_fd_sc_hd__buf_4)
    10    0.06                           _200_ (net)
                  0.08    0.00    2.47 v _379_/A (sky130_fd_sc_hd__inv_2)
                  0.03    0.06    2.53 ^ _379_/Y (sky130_fd_sc_hd__inv_2)
     1    0.00                           _038_ (net)
                  0.03    0.00    2.53 ^ _448_/RESET_B (sky130_fd_sc_hd__dfrtp_1)
                                  2.53   data arrival time

                          0.00    0.00   clock clk (rise edge)
                          0.00    0.00   clock source latency
                  0.07    0.05    0.05 ^ clk (in)
     1    0.01                           clk (net)
                  0.07    0.00    0.05 ^ clkbuf_0_clk/A (sky130_fd_sc_hd__clkbuf_16)
                  0.10    0.19    0.24 ^ clkbuf_0_clk/X (sky130_fd_sc_hd__clkbuf_16)
     8    0.09                           clknet_0_clk (net)
                  0.10    0.00    0.24 ^ clkbuf_3_0__f_clk/A (sky130_fd_sc_hd__clkbuf_16)
                  0.05    0.16    0.41 ^ clkbuf_3_0__f_clk/X (sky130_fd_sc_hd__clkbuf_16)
    10    0.03                           clknet_3_0__leaf_clk (net)
                  0.05    0.00    0.41 ^ _448_/CLK (sky130_fd_sc_hd__dfrtp_1)
                          0.25    0.66   clock uncertainty
                          0.00    0.66   clock reconvergence pessimism
                          0.32    0.98   library removal time
                                  0.98   data required time
-----------------------------------------------------------------------------
                                  0.98   data required time
                                 -2.53   data arrival time
-----------------------------------------------------------------------------
                                  1.55   slack (MET)


Startpoint: _445_ (rising edge-triggered flip-flop clocked by clk)
Endpoint: _445_ (rising edge-triggered flip-flop clocked by clk)
Path Group: clk
Path Type: min

Fanout     Cap    Slew   Delay    Time   Description
-----------------------------------------------------------------------------
                          0.00    0.00   clock clk (rise edge)
                          0.00    0.00   clock source latency
                  0.07    0.04    0.04 ^ clk (in)
     1    0.01                           clk (net)
                  0.07    0.00    0.04 ^ clkbuf_0_clk/A (sky130_fd_sc_hd__clkbuf_16)
                  0.10    0.17    0.22 ^ clkbuf_0_clk/X (sky130_fd_sc_hd__clkbuf_16)
     8    0.09                           clknet_0_clk (net)
                  0.10    0.00    0.22 ^ clkbuf_3_7__f_clk/A (sky130_fd_sc_hd__clkbuf_16)
                  0.05    0.15    0.37 ^ clkbuf_3_7__f_clk/X (sky130_fd_sc_hd__clkbuf_16)
     9    0.03                           clknet_3_7__leaf_clk (net)
                  0.05    0.00    0.37 ^ _445_/CLK (sky130_fd_sc_hd__dfrtp_1)
                  0.11    0.35    0.72 ^ _445_/Q (sky130_fd_sc_hd__dfrtp_1)
     2    0.01                           tcmp.z (net)
                  0.11    0.00    0.72 ^ _214_/B1 (sky130_fd_sc_hd__a21o_1)
                  0.08    0.12    0.84 ^ _214_/X (sky130_fd_sc_hd__a21o_1)
     2    0.01                           _032_ (net)
                  0.08    0.00    0.84 ^ _445_/D (sky130_fd_sc_hd__dfrtp_1)
                                  0.84   data arrival time

                          0.00    0.00   clock clk (rise edge)
                          0.00    0.00   clock source latency
                  0.07    0.05    0.05 ^ clk (in)
     1    0.01                           clk (net)
                  0.07    0.00    0.05 ^ clkbuf_0_clk/A (sky130_fd_sc_hd__clkbuf_16)
                  0.10    0.19    0.24 ^ clkbuf_0_clk/X (sky130_fd_sc_hd__clkbuf_16)
     8    0.09                           clknet_0_clk (net)
                  0.10    0.00    0.24 ^ clkbuf_3_7__f_clk/A (sky130_fd_sc_hd__clkbuf_16)
                  0.05    0.16    0.40 ^ clkbuf_3_7__f_clk/X (sky130_fd_sc_hd__clkbuf_16)
     9    0.03                           clknet_3_7__leaf_clk (net)
                  0.05    0.00    0.40 ^ _445_/CLK (sky130_fd_sc_hd__dfrtp_1)
                          0.25    0.65   clock uncertainty
                         -0.04    0.62   clock reconvergence pessimism
                         -0.04    0.57   library hold time
                                  0.57   data required time
-----------------------------------------------------------------------------
                                  0.57   data required time
                                 -0.84   data arrival time
-----------------------------------------------------------------------------
                                  0.27   slack (MET)


Startpoint: _504_ (rising edge-triggered flip-flop clocked by clk)
Endpoint: _501_ (rising edge-triggered flip-flop clocked by clk)
Path Group: clk
Path Type: min

Fanout     Cap    Slew   Delay    Time   Description
-----------------------------------------------------------------------------
                          0.00    0.00   clock clk (rise edge)
                          0.00    0.00   clock source latency
                  0.07    0.04    0.04 ^ clk (in)
     1    0.01                           clk (net)
                  0.07    0.00    0.04 ^ clkbuf_0_clk/A (sky130_fd_sc_hd__clkbuf_16)
                  0.10    0.17    0.22 ^ clkbuf_0_clk/X (sky130_fd_sc_hd__clkbuf_16)
     8    0.09                           clknet_0_clk (net)
                  0.10    0.00    0.22 ^ clkbuf_3_5__f_clk/A (sky130_fd_sc_hd__clkbuf_16)
                  0.04    0.14    0.36 ^ clkbuf_3_5__f_clk/X (sky130_fd_sc_hd__clkbuf_16)
     7    0.02                           clknet_3_5__leaf_clk (net)
                  0.04    0.00    0.36 ^ _504_/CLK (sky130_fd_sc_hd__dfrtp_1)
                  0.12    0.36    0.72 ^ _504_/Q (sky130_fd_sc_hd__dfrtp_1)
     2    0.01                           genblk1[28].csa.y (net)
                  0.12    0.00    0.72 ^ _358_/B (sky130_fd_sc_hd__and2_1)
                  0.05    0.13    0.84 ^ _358_/X (sky130_fd_sc_hd__and2_1)
     1    0.00                           _191_ (net)
                  0.05    0.00    0.84 ^ _359_/B1 (sky130_fd_sc_hd__a31o_1)
                  0.06    0.10    0.94 ^ _359_/X (sky130_fd_sc_hd__a31o_1)
     1    0.01                           _020_ (net)
                  0.06    0.00    0.94 ^ _501_/D (sky130_fd_sc_hd__dfrtp_1)
                                  0.94   data arrival time

                          0.00    0.00   clock clk (rise edge)
                          0.00    0.00   clock source latency
                  0.07    0.05    0.05 ^ clk (in)
     1    0.01                           clk (net)
                  0.07    0.00    0.05 ^ clkbuf_0_clk/A (sky130_fd_sc_hd__clkbuf_16)
                  0.10    0.19    0.24 ^ clkbuf_0_clk/X (sky130_fd_sc_hd__clkbuf_16)
     8    0.09                           clknet_0_clk (net)
                  0.10    0.00    0.24 ^ clkbuf_3_7__f_clk/A (sky130_fd_sc_hd__clkbuf_16)
                  0.05    0.16    0.40 ^ clkbuf_3_7__f_clk/X (sky130_fd_sc_hd__clkbuf_16)
     9    0.03                           clknet_3_7__leaf_clk (net)
                  0.05    0.00    0.40 ^ _501_/CLK (sky130_fd_sc_hd__dfrtp_1)
                          0.25    0.65   clock uncertainty
                         -0.02    0.63   clock reconvergence pessimism
                         -0.04    0.59   library hold time
                                  0.59   data required time
-----------------------------------------------------------------------------
                                  0.59   data required time
                                 -0.94   data arrival time
-----------------------------------------------------------------------------
                                  0.35   slack (MET)


Startpoint: _467_ (rising edge-triggered flip-flop clocked by clk)
Endpoint: _467_ (rising edge-triggered flip-flop clocked by clk)
Path Group: clk
Path Type: min

Fanout     Cap    Slew   Delay    Time   Description
-----------------------------------------------------------------------------
                          0.00    0.00   clock clk (rise edge)
                          0.00    0.00   clock source latency
                  0.07    0.04    0.04 ^ clk (in)
     1    0.01                           clk (net)
                  0.07    0.00    0.04 ^ clkbuf_0_clk/A (sky130_fd_sc_hd__clkbuf_16)
                  0.10    0.17    0.22 ^ clkbuf_0_clk/X (sky130_fd_sc_hd__clkbuf_16)
     8    0.09                           clknet_0_clk (net)
                  0.10    0.00    0.22 ^ clkbuf_3_2__f_clk/A (sky130_fd_sc_hd__clkbuf_16)
                  0.04    0.14    0.36 ^ clkbuf_3_2__f_clk/X (sky130_fd_sc_hd__clkbuf_16)
     6    0.02                           clknet_3_2__leaf_clk (net)
                  0.04    0.00    0.36 ^ _467_/CLK (sky130_fd_sc_hd__dfrtp_1)
                  0.10    0.35    0.71 ^ _467_/Q (sky130_fd_sc_hd__dfrtp_1)
     2    0.01                           genblk1[11].csa.sc (net)
                  0.10    0.00    0.71 ^ _271_/A (sky130_fd_sc_hd__and2_1)
                  0.05    0.13    0.84 ^ _271_/X (sky130_fd_sc_hd__and2_1)
     1    0.00                           _138_ (net)
                  0.05    0.00    0.84 ^ _272_/B1 (sky130_fd_sc_hd__a31o_1)
                  0.05    0.09    0.93 ^ _272_/X (sky130_fd_sc_hd__a31o_1)
     1    0.00                           _002_ (net)
                  0.05    0.00    0.93 ^ _467_/D (sky130_fd_sc_hd__dfrtp_1)
                                  0.93   data arrival time

                          0.00    0.00   clock clk (rise edge)
                          0.00    0.00   clock source latency
                  0.07    0.05    0.05 ^ clk (in)
     1    0.01                           clk (net)
                  0.07    0.00    0.05 ^ clkbuf_0_clk/A (sky130_fd_sc_hd__clkbuf_16)
                  0.10    0.19    0.24 ^ clkbuf_0_clk/X (sky130_fd_sc_hd__clkbuf_16)
     8    0.09                           clknet_0_clk (net)
                  0.10    0.00    0.24 ^ clkbuf_3_2__f_clk/A (sky130_fd_sc_hd__clkbuf_16)
                  0.04    0.15    0.40 ^ clkbuf_3_2__f_clk/X (sky130_fd_sc_hd__clkbuf_16)
     6    0.02                           clknet_3_2__leaf_clk (net)
                  0.04    0.00    0.40 ^ _467_/CLK (sky130_fd_sc_hd__dfrtp_1)
                          0.25    0.65   clock uncertainty
                         -0.04    0.61   clock reconvergence pessimism
                         -0.04    0.58   library hold time
                                  0.58   data required time
-----------------------------------------------------------------------------
                                  0.58   data required time
                                 -0.93   data arrival time
-----------------------------------------------------------------------------
                                  0.35   slack (MET)


Startpoint: _504_ (rising edge-triggered flip-flop clocked by clk)
Endpoint: _502_ (rising edge-triggered flip-flop clocked by clk)
Path Group: clk
Path Type: min

Fanout     Cap    Slew   Delay    Time   Description
-----------------------------------------------------------------------------
                          0.00    0.00   clock clk (rise edge)
                          0.00    0.00   clock source latency
                  0.07    0.04    0.04 ^ clk (in)
     1    0.01                           clk (net)
                  0.07    0.00    0.04 ^ clkbuf_0_clk/A (sky130_fd_sc_hd__clkbuf_16)
                  0.10    0.17    0.22 ^ clkbuf_0_clk/X (sky130_fd_sc_hd__clkbuf_16)
     8    0.09                           clknet_0_clk (net)
                  0.10    0.00    0.22 ^ clkbuf_3_5__f_clk/A (sky130_fd_sc_hd__clkbuf_16)
                  0.04    0.14    0.36 ^ clkbuf_3_5__f_clk/X (sky130_fd_sc_hd__clkbuf_16)
     7    0.02                           clknet_3_5__leaf_clk (net)
                  0.04    0.00    0.36 ^ _504_/CLK (sky130_fd_sc_hd__dfrtp_1)
                  0.12    0.36    0.72 ^ _504_/Q (sky130_fd_sc_hd__dfrtp_1)
     2    0.01                           genblk1[28].csa.y (net)
                  0.12    0.00    0.72 ^ _357_/B (sky130_fd_sc_hd__xor2_1)
                  0.06    0.10    0.82 v _357_/X (sky130_fd_sc_hd__xor2_1)
     2    0.01                           _190_ (net)
                  0.06    0.00    0.82 v _361_/B (sky130_fd_sc_hd__xnor2_1)
                  0.05    0.13    0.95 v _361_/Y (sky130_fd_sc_hd__xnor2_1)
     1    0.00                           genblk1[28].csa.hsum2 (net)
                  0.05    0.00    0.95 v _502_/D (sky130_fd_sc_hd__dfrtp_1)
                                  0.95   data arrival time

                          0.00    0.00   clock clk (rise edge)
                          0.00    0.00   clock source latency
                  0.07    0.05    0.05 ^ clk (in)
     1    0.01                           clk (net)
                  0.07    0.00    0.05 ^ clkbuf_0_clk/A (sky130_fd_sc_hd__clkbuf_16)
                  0.10    0.19    0.24 ^ clkbuf_0_clk/X (sky130_fd_sc_hd__clkbuf_16)
     8    0.09                           clknet_0_clk (net)
                  0.10    0.00    0.24 ^ clkbuf_3_7__f_clk/A (sky130_fd_sc_hd__clkbuf_16)
                  0.05    0.16    0.40 ^ clkbuf_3_7__f_clk/X (sky130_fd_sc_hd__clkbuf_16)
     9    0.03                           clknet_3_7__leaf_clk (net)
                  0.05    0.00    0.40 ^ _502_/CLK (sky130_fd_sc_hd__dfrtp_1)
                          0.25    0.65   clock uncertainty
                         -0.02    0.63   clock reconvergence pessimism
                         -0.05    0.59   library hold time
                                  0.59   data required time
-----------------------------------------------------------------------------
                                  0.59   data required time
                                 -0.95   data arrival time
-----------------------------------------------------------------------------
                                  0.36   slack (MET)


Startpoint: _454_ (rising edge-triggered flip-flop clocked by clk)
Endpoint: _451_ (rising edge-triggered flip-flop clocked by clk)
Path Group: clk
Path Type: min

Fanout     Cap    Slew   Delay    Time   Description
-----------------------------------------------------------------------------
                          0.00    0.00   clock clk (rise edge)
                          0.00    0.00   clock source latency
                  0.07    0.04    0.04 ^ clk (in)
     1    0.01                           clk (net)
                  0.07    0.00    0.04 ^ clkbuf_0_clk/A (sky130_fd_sc_hd__clkbuf_16)
                  0.10    0.17    0.22 ^ clkbuf_0_clk/X (sky130_fd_sc_hd__clkbuf_16)
     8    0.09                           clknet_0_clk (net)
                  0.10    0.00    0.22 ^ clkbuf_3_0__f_clk/A (sky130_fd_sc_hd__clkbuf_16)
                  0.05    0.15    0.37 ^ clkbuf_3_0__f_clk/X (sky130_fd_sc_hd__clkbuf_16)
    10    0.03                           clknet_3_0__leaf_clk (net)
                  0.05    0.00    0.37 ^ _454_/CLK (sky130_fd_sc_hd__dfrtp_1)
                  0.11    0.35    0.72 ^ _454_/Q (sky130_fd_sc_hd__dfrtp_1)
     2    0.01                           genblk1[3].csa.y (net)
                  0.11    0.00    0.72 ^ _229_/B (sky130_fd_sc_hd__and2_1)
                  0.05    0.13    0.85 ^ _229_/X (sky130_fd_sc_hd__and2_1)
     1    0.00                           _112_ (net)
                  0.05    0.00    0.85 ^ _230_/B1 (sky130_fd_sc_hd__a31o_1)
                  0.06    0.10    0.96 ^ _230_/X (sky130_fd_sc_hd__a31o_1)
     1    0.01                           _024_ (net)
                  0.06    0.00    0.96 ^ _451_/D (sky130_fd_sc_hd__dfrtp_1)
                                  0.96   data arrival time

                          0.00    0.00   clock clk (rise edge)
                          0.00    0.00   clock source latency
                  0.07    0.05    0.05 ^ clk (in)
     1    0.01                           clk (net)
                  0.07    0.00    0.05 ^ clkbuf_0_clk/A (sky130_fd_sc_hd__clkbuf_16)
                  0.10    0.19    0.24 ^ clkbuf_0_clk/X (sky130_fd_sc_hd__clkbuf_16)
     8    0.09                           clknet_0_clk (net)
                  0.10    0.00    0.24 ^ clkbuf_3_1__f_clk/A (sky130_fd_sc_hd__clkbuf_16)
                  0.05    0.16    0.40 ^ clkbuf_3_1__f_clk/X (sky130_fd_sc_hd__clkbuf_16)
     9    0.03                           clknet_3_1__leaf_clk (net)
                  0.05    0.00    0.40 ^ _451_/CLK (sky130_fd_sc_hd__dfrtp_1)
                          0.25    0.65   clock uncertainty
                         -0.02    0.63   clock reconvergence pessimism
                         -0.04    0.59   library hold time
                                  0.59   data required time
-----------------------------------------------------------------------------
                                  0.59   data required time
                                 -0.96   data arrival time
-----------------------------------------------------------------------------
                                  0.36   slack (MET)


min_report_end
max_report

===========================================================================
report_checks -path_delay max (Setup)
============================================================================
Startpoint: rst (input port clocked by clk)
Endpoint: _482_ (recovery check against rising-edge clock clk)
Path Group: **async_default**
Path Type: max

Fanout     Cap    Slew   Delay    Time   Description
-----------------------------------------------------------------------------
                          0.00    0.00   clock clk (rise edge)
                          0.00    0.00   clock network delay (propagated)
                          2.00    2.00 v input external delay
                  0.01    0.01    2.01 v rst (in)
     1    0.00                           rst (net)
                  0.01    0.00    2.01 v input1/A (sky130_fd_sc_hd__clkbuf_1)
                  0.03    0.08    2.09 v input1/X (sky130_fd_sc_hd__clkbuf_1)
     1    0.00                           net1 (net)
                  0.03    0.00    2.09 v _372_/A (sky130_fd_sc_hd__clkbuf_4)
                  0.10    0.20    2.29 v _372_/X (sky130_fd_sc_hd__clkbuf_4)
    10    0.05                           _199_ (net)
                  0.10    0.00    2.29 v _406_/A (sky130_fd_sc_hd__buf_4)
                  0.10    0.24    2.54 v _406_/X (sky130_fd_sc_hd__buf_4)
    10    0.08                           _203_ (net)
                  0.11    0.01    2.54 v _416_/A (sky130_fd_sc_hd__inv_2)
                  0.07    0.11    2.65 ^ _416_/Y (sky130_fd_sc_hd__inv_2)
     1    0.01                           _072_ (net)
                  0.07    0.00    2.65 ^ _482_/RESET_B (sky130_fd_sc_hd__dfrtp_1)
                                  2.65   data arrival time

                         10.00   10.00   clock clk (rise edge)
                          0.00   10.00   clock source latency
                  0.07    0.04   10.04 ^ clk (in)
     1    0.01                           clk (net)
                  0.07    0.00   10.04 ^ clkbuf_0_clk/A (sky130_fd_sc_hd__clkbuf_16)
                  0.10    0.17   10.22 ^ clkbuf_0_clk/X (sky130_fd_sc_hd__clkbuf_16)
     8    0.09                           clknet_0_clk (net)
                  0.10    0.00   10.22 ^ clkbuf_3_1__f_clk/A (sky130_fd_sc_hd__clkbuf_16)
                  0.05    0.14   10.37 ^ clkbuf_3_1__f_clk/X (sky130_fd_sc_hd__clkbuf_16)
     9    0.03                           clknet_3_1__leaf_clk (net)
                  0.05    0.00   10.37 ^ _482_/CLK (sky130_fd_sc_hd__dfrtp_1)
                         -0.25   10.12   clock uncertainty
                          0.00   10.12   clock reconvergence pessimism
                          0.22   10.34   library recovery time
                                 10.34   data required time
-----------------------------------------------------------------------------
                                 10.34   data required time
                                 -2.65   data arrival time
-----------------------------------------------------------------------------
                                  7.69   slack (MET)


Startpoint: rst (input port clocked by clk)
Endpoint: _498_ (recovery check against rising-edge clock clk)
Path Group: **async_default**
Path Type: max

Fanout     Cap    Slew   Delay    Time   Description
-----------------------------------------------------------------------------
                          0.00    0.00   clock clk (rise edge)
                          0.00    0.00   clock network delay (propagated)
                          2.00    2.00 v input external delay
                  0.01    0.01    2.01 v rst (in)
     1    0.00                           rst (net)
                  0.01    0.00    2.01 v input1/A (sky130_fd_sc_hd__clkbuf_1)
                  0.03    0.08    2.09 v input1/X (sky130_fd_sc_hd__clkbuf_1)
     1    0.00                           net1 (net)
                  0.03    0.00    2.09 v _372_/A (sky130_fd_sc_hd__clkbuf_4)
                  0.10    0.20    2.29 v _372_/X (sky130_fd_sc_hd__clkbuf_4)
    10    0.05                           _199_ (net)
                  0.10    0.00    2.29 v _428_/A (sky130_fd_sc_hd__buf_4)
                  0.08    0.23    2.52 v _428_/X (sky130_fd_sc_hd__buf_4)
    10    0.06                           _205_ (net)
                  0.09    0.00    2.53 v _434_/A (sky130_fd_sc_hd__inv_2)
                  0.10    0.12    2.64 ^ _434_/Y (sky130_fd_sc_hd__inv_2)
     1    0.02                           _088_ (net)
                  0.10    0.00    2.64 ^ _498_/RESET_B (sky130_fd_sc_hd__dfrtp_1)
                                  2.64   data arrival time

                         10.00   10.00   clock clk (rise edge)
                          0.00   10.00   clock source latency
                  0.07    0.04   10.04 ^ clk (in)
     1    0.01                           clk (net)
                  0.07    0.00   10.04 ^ clkbuf_0_clk/A (sky130_fd_sc_hd__clkbuf_16)
                  0.10    0.17   10.22 ^ clkbuf_0_clk/X (sky130_fd_sc_hd__clkbuf_16)
     8    0.09                           clknet_0_clk (net)
                  0.10    0.00   10.22 ^ clkbuf_3_7__f_clk/A (sky130_fd_sc_hd__clkbuf_16)
                  0.05    0.15   10.37 ^ clkbuf_3_7__f_clk/X (sky130_fd_sc_hd__clkbuf_16)
     9    0.03                           clknet_3_7__leaf_clk (net)
                  0.05    0.00   10.37 ^ _498_/CLK (sky130_fd_sc_hd__dfrtp_1)
                         -0.25   10.12   clock uncertainty
                          0.00   10.12   clock reconvergence pessimism
                          0.22   10.33   library recovery time
                                 10.33   data required time
-----------------------------------------------------------------------------
                                 10.33   data required time
                                 -2.64   data arrival time
-----------------------------------------------------------------------------
                                  7.69   slack (MET)


Startpoint: rst (input port clocked by clk)
Endpoint: _489_ (recovery check against rising-edge clock clk)
Path Group: **async_default**
Path Type: max

Fanout     Cap    Slew   Delay    Time   Description
-----------------------------------------------------------------------------
                          0.00    0.00   clock clk (rise edge)
                          0.00    0.00   clock network delay (propagated)
                          2.00    2.00 v input external delay
                  0.01    0.01    2.01 v rst (in)
     1    0.00                           rst (net)
                  0.01    0.00    2.01 v input1/A (sky130_fd_sc_hd__clkbuf_1)
                  0.03    0.08    2.09 v input1/X (sky130_fd_sc_hd__clkbuf_1)
     1    0.00                           net1 (net)
                  0.03    0.00    2.09 v _372_/A (sky130_fd_sc_hd__clkbuf_4)
                  0.10    0.20    2.29 v _372_/X (sky130_fd_sc_hd__clkbuf_4)
    10    0.05                           _199_ (net)
                  0.10    0.00    2.29 v _417_/A (sky130_fd_sc_hd__buf_4)
                  0.08    0.23    2.52 v _417_/X (sky130_fd_sc_hd__buf_4)
    10    0.06                           _204_ (net)
                  0.08    0.00    2.52 v _424_/A (sky130_fd_sc_hd__inv_2)
                  0.08    0.11    2.63 ^ _424_/Y (sky130_fd_sc_hd__inv_2)
     1    0.02                           _079_ (net)
                  0.08    0.00    2.63 ^ _489_/RESET_B (sky130_fd_sc_hd__dfrtp_1)
                                  2.63   data arrival time

                         10.00   10.00   clock clk (rise edge)
                          0.00   10.00   clock source latency
                  0.07    0.04   10.04 ^ clk (in)
     1    0.01                           clk (net)
                  0.07    0.00   10.04 ^ clkbuf_0_clk/A (sky130_fd_sc_hd__clkbuf_16)
                  0.10    0.17   10.22 ^ clkbuf_0_clk/X (sky130_fd_sc_hd__clkbuf_16)
     8    0.09                           clknet_0_clk (net)
                  0.10    0.00   10.22 ^ clkbuf_3_6__f_clk/A (sky130_fd_sc_hd__clkbuf_16)
                  0.04    0.14   10.36 ^ clkbuf_3_6__f_clk/X (sky130_fd_sc_hd__clkbuf_16)
     6    0.02                           clknet_3_6__leaf_clk (net)
                  0.04    0.00   10.36 ^ _489_/CLK (sky130_fd_sc_hd__dfrtp_1)
                         -0.25   10.11   clock uncertainty
                          0.00   10.11   clock reconvergence pessimism
                          0.22   10.33   library recovery time
                                 10.33   data required time
-----------------------------------------------------------------------------
                                 10.33   data required time
                                 -2.63   data arrival time
-----------------------------------------------------------------------------
                                  7.70   slack (MET)


Startpoint: rst (input port clocked by clk)
Endpoint: _502_ (recovery check against rising-edge clock clk)
Path Group: **async_default**
Path Type: max

Fanout     Cap    Slew   Delay    Time   Description
-----------------------------------------------------------------------------
                          0.00    0.00   clock clk (rise edge)
                          0.00    0.00   clock network delay (propagated)
                          2.00    2.00 v input external delay
                  0.01    0.01    2.01 v rst (in)
     1    0.00                           rst (net)
                  0.01    0.00    2.01 v input1/A (sky130_fd_sc_hd__clkbuf_1)
                  0.03    0.08    2.09 v input1/X (sky130_fd_sc_hd__clkbuf_1)
     1    0.00                           net1 (net)
                  0.03    0.00    2.09 v _372_/A (sky130_fd_sc_hd__clkbuf_4)
                  0.10    0.20    2.29 v _372_/X (sky130_fd_sc_hd__clkbuf_4)
    10    0.05                           _199_ (net)
                  0.10    0.00    2.29 v _428_/A (sky130_fd_sc_hd__buf_4)
                  0.08    0.23    2.52 v _428_/X (sky130_fd_sc_hd__buf_4)
    10    0.06                           _205_ (net)
                  0.09    0.00    2.52 v _438_/A (sky130_fd_sc_hd__inv_2)
                  0.09    0.11    2.64 ^ _438_/Y (sky130_fd_sc_hd__inv_2)
     1    0.02                           _092_ (net)
                  0.09    0.00    2.64 ^ _502_/RESET_B (sky130_fd_sc_hd__dfrtp_1)
                                  2.64   data arrival time

                         10.00   10.00   clock clk (rise edge)
                          0.00   10.00   clock source latency
                  0.07    0.04   10.04 ^ clk (in)
     1    0.01                           clk (net)
                  0.07    0.00   10.04 ^ clkbuf_0_clk/A (sky130_fd_sc_hd__clkbuf_16)
                  0.10    0.17   10.22 ^ clkbuf_0_clk/X (sky130_fd_sc_hd__clkbuf_16)
     8    0.09                           clknet_0_clk (net)
                  0.10    0.00   10.22 ^ clkbuf_3_7__f_clk/A (sky130_fd_sc_hd__clkbuf_16)
                  0.05    0.15   10.37 ^ clkbuf_3_7__f_clk/X (sky130_fd_sc_hd__clkbuf_16)
     9    0.03                           clknet_3_7__leaf_clk (net)
                  0.05    0.00   10.37 ^ _502_/CLK (sky130_fd_sc_hd__dfrtp_1)
                         -0.25   10.12   clock uncertainty
                          0.00   10.12   clock reconvergence pessimism
                          0.22   10.34   library recovery time
                                 10.34   data required time
-----------------------------------------------------------------------------
                                 10.34   data required time
                                 -2.64   data arrival time
-----------------------------------------------------------------------------
                                  7.70   slack (MET)


Startpoint: rst (input port clocked by clk)
Endpoint: _469_ (recovery check against rising-edge clock clk)
Path Group: **async_default**
Path Type: max

Fanout     Cap    Slew   Delay    Time   Description
-----------------------------------------------------------------------------
                          0.00    0.00   clock clk (rise edge)
                          0.00    0.00   clock network delay (propagated)
                          2.00    2.00 v input external delay
                  0.01    0.01    2.01 v rst (in)
     1    0.00                           rst (net)
                  0.01    0.00    2.01 v input1/A (sky130_fd_sc_hd__clkbuf_1)
                  0.03    0.08    2.09 v input1/X (sky130_fd_sc_hd__clkbuf_1)
     1    0.00                           net1 (net)
                  0.03    0.00    2.09 v _372_/A (sky130_fd_sc_hd__clkbuf_4)
                  0.10    0.20    2.29 v _372_/X (sky130_fd_sc_hd__clkbuf_4)
    10    0.05                           _199_ (net)
                  0.10    0.00    2.29 v _395_/A (sky130_fd_sc_hd__buf_4)
                  0.10    0.24    2.53 v _395_/X (sky130_fd_sc_hd__buf_4)
    10    0.07                           _202_ (net)
                  0.10    0.01    2.54 v _402_/A (sky130_fd_sc_hd__inv_2)
                  0.06    0.10    2.64 ^ _402_/Y (sky130_fd_sc_hd__inv_2)
     1    0.01                           _059_ (net)
                  0.06    0.00    2.64 ^ _469_/RESET_B (sky130_fd_sc_hd__dfrtp_1)
                                  2.64   data arrival time

                         10.00   10.00   clock clk (rise edge)
                          0.00   10.00   clock source latency
                  0.07    0.04   10.04 ^ clk (in)
     1    0.01                           clk (net)
                  0.07    0.00   10.04 ^ clkbuf_0_clk/A (sky130_fd_sc_hd__clkbuf_16)
                  0.10    0.17   10.22 ^ clkbuf_0_clk/X (sky130_fd_sc_hd__clkbuf_16)
     8    0.09                           clknet_0_clk (net)
                  0.10    0.00   10.22 ^ clkbuf_3_2__f_clk/A (sky130_fd_sc_hd__clkbuf_16)
                  0.04    0.14   10.36 ^ clkbuf_3_2__f_clk/X (sky130_fd_sc_hd__clkbuf_16)
     6    0.02                           clknet_3_2__leaf_clk (net)
                  0.04    0.00   10.36 ^ _469_/CLK (sky130_fd_sc_hd__dfrtp_1)
                         -0.25   10.11   clock uncertainty
                          0.00   10.11   clock reconvergence pessimism
                          0.23   10.34   library recovery time
                                 10.34   data required time
-----------------------------------------------------------------------------
                                 10.34   data required time
                                 -2.64   data arrival time
-----------------------------------------------------------------------------
                                  7.70   slack (MET)


Startpoint: _444_ (rising edge-triggered flip-flop clocked by clk)
Endpoint: p (output port clocked by clk)
Path Group: clk
Path Type: max

Fanout     Cap    Slew   Delay    Time   Description
-----------------------------------------------------------------------------
                          0.00    0.00   clock clk (rise edge)
                          0.00    0.00   clock source latency
                  0.07    0.05    0.05 ^ clk (in)
     1    0.01                           clk (net)
                  0.07    0.00    0.05 ^ clkbuf_0_clk/A (sky130_fd_sc_hd__clkbuf_16)
                  0.10    0.19    0.24 ^ clkbuf_0_clk/X (sky130_fd_sc_hd__clkbuf_16)
     8    0.09                           clknet_0_clk (net)
                  0.10    0.00    0.24 ^ clkbuf_3_0__f_clk/A (sky130_fd_sc_hd__clkbuf_16)
                  0.05    0.16    0.41 ^ clkbuf_3_0__f_clk/X (sky130_fd_sc_hd__clkbuf_16)
    10    0.03                           clknet_3_0__leaf_clk (net)
                  0.05    0.00    0.41 ^ _444_/CLK (sky130_fd_sc_hd__dfrtp_1)
                  0.06    0.40    0.81 v _444_/Q (sky130_fd_sc_hd__dfrtp_1)
     1    0.01                           net35 (net)
                  0.06    0.00    0.81 v output35/A (sky130_fd_sc_hd__buf_2)
                  0.09    0.20    1.01 v output35/X (sky130_fd_sc_hd__buf_2)
     1    0.03                           p (net)
                  0.09    0.00    1.01 v p (out)
                                  1.01   data arrival time

                         10.00   10.00   clock clk (rise edge)
                          0.00   10.00   clock network delay (propagated)
                         -0.25    9.75   clock uncertainty
                          0.00    9.75   clock reconvergence pessimism
                         -2.00    7.75   output external delay
                                  7.75   data required time
-----------------------------------------------------------------------------
                                  7.75   data required time
                                 -1.01   data arrival time
-----------------------------------------------------------------------------
                                  6.74   slack (MET)


Startpoint: y (input port clocked by clk)
Endpoint: _476_ (rising edge-triggered flip-flop clocked by clk)
Path Group: clk
Path Type: max

Fanout     Cap    Slew   Delay    Time   Description
-----------------------------------------------------------------------------
                          0.00    0.00   clock clk (rise edge)
                          0.00    0.00   clock network delay (propagated)
                          2.00    2.00 ^ input external delay
                  0.02    0.01    2.01 ^ y (in)
     1    0.00                           y (net)
                  0.02    0.00    2.01 ^ input34/A (sky130_fd_sc_hd__clkbuf_1)
                  0.05    0.08    2.10 ^ input34/X (sky130_fd_sc_hd__clkbuf_1)
     1    0.00                           net34 (net)
                  0.05    0.00    2.10 ^ _206_/A (sky130_fd_sc_hd__buf_2)
                  0.20    0.23    2.33 ^ _206_/X (sky130_fd_sc_hd__buf_2)
    10    0.04                           _097_ (net)
                  0.20    0.00    2.33 ^ _246_/A (sky130_fd_sc_hd__buf_2)
                  0.23    0.30    2.64 ^ _246_/X (sky130_fd_sc_hd__buf_2)
    10    0.05                           _122_ (net)
                  0.23    0.00    2.64 ^ _293_/A (sky130_fd_sc_hd__nand2_1)
                  0.10    0.13    2.77 v _293_/Y (sky130_fd_sc_hd__nand2_1)
     1    0.01                           _151_ (net)
                  0.10    0.00    2.77 v _294_/A (sky130_fd_sc_hd__xnor2_1)
                  0.41    0.40    3.17 ^ _294_/Y (sky130_fd_sc_hd__xnor2_1)
     2    0.02                           genblk1[15].csa.hsum2 (net)
                  0.41    0.00    3.17 ^ _476_/D (sky130_fd_sc_hd__dfrtp_1)
                                  3.17   data arrival time

                         10.00   10.00   clock clk (rise edge)
                          0.00   10.00   clock source latency
                  0.07    0.04   10.04 ^ clk (in)
     1    0.01                           clk (net)
                  0.07    0.00   10.04 ^ clkbuf_0_clk/A (sky130_fd_sc_hd__clkbuf_16)
                  0.10    0.17   10.22 ^ clkbuf_0_clk/X (sky130_fd_sc_hd__clkbuf_16)
     8    0.09                           clknet_0_clk (net)
                  0.10    0.00   10.22 ^ clkbuf_3_3__f_clk/A (sky130_fd_sc_hd__clkbuf_16)
                  0.05    0.15   10.37 ^ clkbuf_3_3__f_clk/X (sky130_fd_sc_hd__clkbuf_16)
     9    0.03                           clknet_3_3__leaf_clk (net)
                  0.05    0.00   10.37 ^ _476_/CLK (sky130_fd_sc_hd__dfrtp_1)
                         -0.25   10.12   clock uncertainty
                          0.00   10.12   clock reconvergence pessimism
                         -0.14    9.98   library setup time
                                  9.98   data required time
-----------------------------------------------------------------------------
                                  9.98   data required time
                                 -3.17   data arrival time
-----------------------------------------------------------------------------
                                  6.80   slack (MET)


Startpoint: y (input port clocked by clk)
Endpoint: _499_ (rising edge-triggered flip-flop clocked by clk)
Path Group: clk
Path Type: max

Fanout     Cap    Slew   Delay    Time   Description
-----------------------------------------------------------------------------
                          0.00    0.00   clock clk (rise edge)
                          0.00    0.00   clock network delay (propagated)
                          2.00    2.00 ^ input external delay
                  0.02    0.01    2.01 ^ y (in)
     1    0.00                           y (net)
                  0.02    0.00    2.01 ^ input34/A (sky130_fd_sc_hd__clkbuf_1)
                  0.05    0.08    2.10 ^ input34/X (sky130_fd_sc_hd__clkbuf_1)
     1    0.00                           net34 (net)
                  0.05    0.00    2.10 ^ _206_/A (sky130_fd_sc_hd__buf_2)
                  0.20    0.23    2.33 ^ _206_/X (sky130_fd_sc_hd__buf_2)
    10    0.04                           _097_ (net)
                  0.20    0.00    2.33 ^ _207_/A (sky130_fd_sc_hd__buf_2)
                  0.20    0.28    2.61 ^ _207_/X (sky130_fd_sc_hd__buf_2)
    10    0.04                           _098_ (net)
                  0.20    0.00    2.61 ^ _316_/A (sky130_fd_sc_hd__buf_2)
                  0.22    0.30    2.91 ^ _316_/X (sky130_fd_sc_hd__buf_2)
    10    0.05                           _165_ (net)
                  0.22    0.00    2.91 ^ _354_/A1 (sky130_fd_sc_hd__a31o_1)
                  0.15    0.26    3.17 ^ _354_/X (sky130_fd_sc_hd__a31o_1)
     1    0.01                           _019_ (net)
                  0.15    0.00    3.17 ^ _499_/D (sky130_fd_sc_hd__dfrtp_1)
                                  3.17   data arrival time

                         10.00   10.00   clock clk (rise edge)
                          0.00   10.00   clock source latency
                  0.07    0.04   10.04 ^ clk (in)
     1    0.01                           clk (net)
                  0.07    0.00   10.04 ^ clkbuf_0_clk/A (sky130_fd_sc_hd__clkbuf_16)
                  0.10    0.17   10.22 ^ clkbuf_0_clk/X (sky130_fd_sc_hd__clkbuf_16)
     8    0.09                           clknet_0_clk (net)
                  0.10    0.00   10.22 ^ clkbuf_3_5__f_clk/A (sky130_fd_sc_hd__clkbuf_16)
                  0.04    0.14   10.36 ^ clkbuf_3_5__f_clk/X (sky130_fd_sc_hd__clkbuf_16)
     7    0.02                           clknet_3_5__leaf_clk (net)
                  0.04    0.00   10.36 ^ _499_/CLK (sky130_fd_sc_hd__dfrtp_1)
                         -0.25   10.11   clock uncertainty
                          0.00   10.11   clock reconvergence pessimism
                         -0.08   10.03   library setup time
                                 10.03   data required time
-----------------------------------------------------------------------------
                                 10.03   data required time
                                 -3.17   data arrival time
-----------------------------------------------------------------------------
                                  6.85   slack (MET)


Startpoint: y (input port clocked by clk)
Endpoint: _484_ (rising edge-triggered flip-flop clocked by clk)
Path Group: clk
Path Type: max

Fanout     Cap    Slew   Delay    Time   Description
-----------------------------------------------------------------------------
                          0.00    0.00   clock clk (rise edge)
                          0.00    0.00   clock network delay (propagated)
                          2.00    2.00 ^ input external delay
                  0.02    0.01    2.01 ^ y (in)
     1    0.00                           y (net)
                  0.02    0.00    2.01 ^ input34/A (sky130_fd_sc_hd__clkbuf_1)
                  0.05    0.08    2.10 ^ input34/X (sky130_fd_sc_hd__clkbuf_1)
     1    0.00                           net34 (net)
                  0.05    0.00    2.10 ^ _206_/A (sky130_fd_sc_hd__buf_2)
                  0.20    0.23    2.33 ^ _206_/X (sky130_fd_sc_hd__buf_2)
    10    0.04                           _097_ (net)
                  0.20    0.00    2.33 ^ _298_/A (sky130_fd_sc_hd__buf_2)
                  0.21    0.29    2.62 ^ _298_/X (sky130_fd_sc_hd__buf_2)
    10    0.04                           _154_ (net)
                  0.21    0.00    2.62 ^ _314_/A (sky130_fd_sc_hd__nand2_1)
                  0.07    0.10    2.72 v _314_/Y (sky130_fd_sc_hd__nand2_1)
     1    0.01                           _164_ (net)
                  0.07    0.00    2.73 v _315_/A (sky130_fd_sc_hd__xnor2_1)
                  0.39    0.38    3.11 ^ _315_/Y (sky130_fd_sc_hd__xnor2_1)
     1    0.02                           genblk1[19].csa.hsum2 (net)
                  0.39    0.00    3.11 ^ _484_/D (sky130_fd_sc_hd__dfrtp_1)
                                  3.11   data arrival time

                         10.00   10.00   clock clk (rise edge)
                          0.00   10.00   clock source latency
                  0.07    0.04   10.04 ^ clk (in)
     1    0.01                           clk (net)
                  0.07    0.00   10.04 ^ clkbuf_0_clk/A (sky130_fd_sc_hd__clkbuf_16)
                  0.10    0.17   10.22 ^ clkbuf_0_clk/X (sky130_fd_sc_hd__clkbuf_16)
     8    0.09                           clknet_0_clk (net)
                  0.10    0.00   10.22 ^ clkbuf_3_4__f_clk/A (sky130_fd_sc_hd__clkbuf_16)
                  0.05    0.14   10.36 ^ clkbuf_3_4__f_clk/X (sky130_fd_sc_hd__clkbuf_16)
     8    0.03                           clknet_3_4__leaf_clk (net)
                  0.05    0.00   10.37 ^ _484_/CLK (sky130_fd_sc_hd__dfrtp_1)
                         -0.25   10.12   clock uncertainty
                          0.00   10.12   clock reconvergence pessimism
                         -0.14    9.98   library setup time
                                  9.98   data required time
-----------------------------------------------------------------------------
                                  9.98   data required time
                                 -3.11   data arrival time
-----------------------------------------------------------------------------
                                  6.87   slack (MET)


Startpoint: y (input port clocked by clk)
Endpoint: _493_ (rising edge-triggered flip-flop clocked by clk)
Path Group: clk
Path Type: max

Fanout     Cap    Slew   Delay    Time   Description
-----------------------------------------------------------------------------
                          0.00    0.00   clock clk (rise edge)
                          0.00    0.00   clock network delay (propagated)
                          2.00    2.00 ^ input external delay
                  0.02    0.01    2.01 ^ y (in)
     1    0.00                           y (net)
                  0.02    0.00    2.01 ^ input34/A (sky130_fd_sc_hd__clkbuf_1)
                  0.05    0.08    2.10 ^ input34/X (sky130_fd_sc_hd__clkbuf_1)
     1    0.00                           net34 (net)
                  0.05    0.00    2.10 ^ _206_/A (sky130_fd_sc_hd__buf_2)
                  0.20    0.23    2.33 ^ _206_/X (sky130_fd_sc_hd__buf_2)
    10    0.04                           _097_ (net)
                  0.20    0.00    2.33 ^ _207_/A (sky130_fd_sc_hd__buf_2)
                  0.20    0.28    2.61 ^ _207_/X (sky130_fd_sc_hd__buf_2)
    10    0.04                           _098_ (net)
                  0.20    0.00    2.61 ^ _316_/A (sky130_fd_sc_hd__buf_2)
                  0.22    0.30    2.91 ^ _316_/X (sky130_fd_sc_hd__buf_2)
    10    0.05                           _165_ (net)
                  0.22    0.00    2.91 ^ _339_/A1 (sky130_fd_sc_hd__a31o_1)
                  0.14    0.26    3.17 ^ _339_/X (sky130_fd_sc_hd__a31o_1)
     1    0.01                           _016_ (net)
                  0.14    0.00    3.17 ^ _493_/D (sky130_fd_sc_hd__dfrtp_1)
                                  3.17   data arrival time

                         10.00   10.00   clock clk (rise edge)
                          0.00   10.00   clock source latency
                  0.07    0.04   10.04 ^ clk (in)
     1    0.01                           clk (net)
                  0.07    0.00   10.04 ^ clkbuf_0_clk/A (sky130_fd_sc_hd__clkbuf_16)
                  0.10    0.17   10.22 ^ clkbuf_0_clk/X (sky130_fd_sc_hd__clkbuf_16)
     8    0.09                           clknet_0_clk (net)
                  0.10    0.00   10.22 ^ clkbuf_3_4__f_clk/A (sky130_fd_sc_hd__clkbuf_16)
                  0.05    0.14   10.36 ^ clkbuf_3_4__f_clk/X (sky130_fd_sc_hd__clkbuf_16)
     8    0.03                           clknet_3_4__leaf_clk (net)
                  0.05    0.00   10.37 ^ _493_/CLK (sky130_fd_sc_hd__dfrtp_1)
                         -0.25   10.12   clock uncertainty
                          0.00   10.12   clock reconvergence pessimism
                         -0.08   10.03   library setup time
                                 10.03   data required time
-----------------------------------------------------------------------------
                                 10.03   data required time
                                 -3.17   data arrival time
-----------------------------------------------------------------------------
                                  6.87   slack (MET)


max_report_end
check_report

===========================================================================
report_checks -unconstrained
============================================================================
Startpoint: rst (input port clocked by clk)
Endpoint: _482_ (recovery check against rising-edge clock clk)
Path Group: **async_default**
Path Type: max

Fanout     Cap    Slew   Delay    Time   Description
-----------------------------------------------------------------------------
                          0.00    0.00   clock clk (rise edge)
                          0.00    0.00   clock network delay (propagated)
                          2.00    2.00 v input external delay
                  0.01    0.01    2.01 v rst (in)
     1    0.00                           rst (net)
                  0.01    0.00    2.01 v input1/A (sky130_fd_sc_hd__clkbuf_1)
                  0.03    0.08    2.09 v input1/X (sky130_fd_sc_hd__clkbuf_1)
     1    0.00                           net1 (net)
                  0.03    0.00    2.09 v _372_/A (sky130_fd_sc_hd__clkbuf_4)
                  0.10    0.20    2.29 v _372_/X (sky130_fd_sc_hd__clkbuf_4)
    10    0.05                           _199_ (net)
                  0.10    0.00    2.29 v _406_/A (sky130_fd_sc_hd__buf_4)
                  0.10    0.24    2.54 v _406_/X (sky130_fd_sc_hd__buf_4)
    10    0.08                           _203_ (net)
                  0.11    0.01    2.54 v _416_/A (sky130_fd_sc_hd__inv_2)
                  0.07    0.11    2.65 ^ _416_/Y (sky130_fd_sc_hd__inv_2)
     1    0.01                           _072_ (net)
                  0.07    0.00    2.65 ^ _482_/RESET_B (sky130_fd_sc_hd__dfrtp_1)
                                  2.65   data arrival time

                         10.00   10.00   clock clk (rise edge)
                          0.00   10.00   clock source latency
                  0.07    0.04   10.04 ^ clk (in)
     1    0.01                           clk (net)
                  0.07    0.00   10.04 ^ clkbuf_0_clk/A (sky130_fd_sc_hd__clkbuf_16)
                  0.10    0.17   10.22 ^ clkbuf_0_clk/X (sky130_fd_sc_hd__clkbuf_16)
     8    0.09                           clknet_0_clk (net)
                  0.10    0.00   10.22 ^ clkbuf_3_1__f_clk/A (sky130_fd_sc_hd__clkbuf_16)
                  0.05    0.14   10.37 ^ clkbuf_3_1__f_clk/X (sky130_fd_sc_hd__clkbuf_16)
     9    0.03                           clknet_3_1__leaf_clk (net)
                  0.05    0.00   10.37 ^ _482_/CLK (sky130_fd_sc_hd__dfrtp_1)
                         -0.25   10.12   clock uncertainty
                          0.00   10.12   clock reconvergence pessimism
                          0.22   10.34   library recovery time
                                 10.34   data required time
-----------------------------------------------------------------------------
                                 10.34   data required time
                                 -2.65   data arrival time
-----------------------------------------------------------------------------
                                  7.69   slack (MET)


Startpoint: _444_ (rising edge-triggered flip-flop clocked by clk)
Endpoint: p (output port clocked by clk)
Path Group: clk
Path Type: max

Fanout     Cap    Slew   Delay    Time   Description
-----------------------------------------------------------------------------
                          0.00    0.00   clock clk (rise edge)
                          0.00    0.00   clock source latency
                  0.07    0.05    0.05 ^ clk (in)
     1    0.01                           clk (net)
                  0.07    0.00    0.05 ^ clkbuf_0_clk/A (sky130_fd_sc_hd__clkbuf_16)
                  0.10    0.19    0.24 ^ clkbuf_0_clk/X (sky130_fd_sc_hd__clkbuf_16)
     8    0.09                           clknet_0_clk (net)
                  0.10    0.00    0.24 ^ clkbuf_3_0__f_clk/A (sky130_fd_sc_hd__clkbuf_16)
                  0.05    0.16    0.41 ^ clkbuf_3_0__f_clk/X (sky130_fd_sc_hd__clkbuf_16)
    10    0.03                           clknet_3_0__leaf_clk (net)
                  0.05    0.00    0.41 ^ _444_/CLK (sky130_fd_sc_hd__dfrtp_1)
                  0.06    0.40    0.81 v _444_/Q (sky130_fd_sc_hd__dfrtp_1)
     1    0.01                           net35 (net)
                  0.06    0.00    0.81 v output35/A (sky130_fd_sc_hd__buf_2)
                  0.09    0.20    1.01 v output35/X (sky130_fd_sc_hd__buf_2)
     1    0.03                           p (net)
                  0.09    0.00    1.01 v p (out)
                                  1.01   data arrival time

                         10.00   10.00   clock clk (rise edge)
                          0.00   10.00   clock network delay (propagated)
                         -0.25    9.75   clock uncertainty
                          0.00    9.75   clock reconvergence pessimism
                         -2.00    7.75   output external delay
                                  7.75   data required time
-----------------------------------------------------------------------------
                                  7.75   data required time
                                 -1.01   data arrival time
-----------------------------------------------------------------------------
                                  6.74   slack (MET)



===========================================================================
report_checks --slack_max -0.01
============================================================================
No paths found.
check_report_end
check_slew

===========================================================================
 report_check_types -max_slew -max_cap -max_fanout -violators
============================================================================

===========================================================================
max slew violation count 0
max fanout violation count 0
max cap violation count 0
============================================================================
check_slew_end
tns_report

===========================================================================
 report_tns
============================================================================
tns 0.00
tns_report_end
wns_report

===========================================================================
 report_wns
============================================================================
wns 0.00
wns_report_end
worst_slack

===========================================================================
 report_worst_slack -max (Setup)
============================================================================
worst slack 6.74

===========================================================================
 report_worst_slack -min (Hold)
============================================================================
worst slack 0.27
worst_slack_end
clock_skew

===========================================================================
 report_clock_skew
============================================================================
Clock clk
Latency      CRPR       Skew
_463_/CLK ^
   0.41
_464_/CLK ^
   0.36     -0.02       0.03

clock_skew_end
power_report

===========================================================================
 report_power
============================================================================
Group                  Internal  Switching    Leakage      Total
                          Power      Power      Power      Power (Watts)
----------------------------------------------------------------
Sequential             2.74e-04   2.29e-05   5.59e-10   2.97e-04  45.5%
Combinational          1.96e-04   1.60e-04   2.38e-09   3.56e-04  54.5%
Macro                  0.00e+00   0.00e+00   0.00e+00   0.00e+00   0.0%
Pad                    0.00e+00   0.00e+00   0.00e+00   0.00e+00   0.0%
----------------------------------------------------------------
Total                  4.71e-04   1.83e-04   2.94e-09   6.53e-04 100.0%
                          72.0%      28.0%       0.0%
power_report_end
area_report

===========================================================================
 report_design_area
============================================================================
Design area 3622 u^2 45% utilization.
area_report_end
Setting global connections for newly added cells...
[WARNING] Did not save OpenROAD database!
Writing SDF to /openlane/designs/spm/runs/results/routing/mca/process_corner_nom/spm.sdf...
Writing timing model to /openlane/designs/spm/runs/results/routing/mca/process_corner_nom/spm.lib...
