Netgen 1.5.234 compiled on Sun Oct  9 10:24:01 UTC 2022
Warning: netgen command 'format' use fully-qualified name '::netgen::format'
Warning: netgen command 'global' use fully-qualified name '::netgen::global'
Generating JSON file result
Reading netlist file /openlane/designs/spm/runs/results/signoff/spm.spice
Reading netlist file /openlane/designs/spm/runs/tmp/signoff/30-spm.pnl.v
Warning:  A case-insensitive file has been read and so the	verilog file must be treated case-insensitive to match.
Creating placeholder cell definition for module sky130_fd_sc_hd__buf_2.
Creating placeholder cell definition for module sky130_fd_sc_hd__xor2_1.
Creating placeholder cell definition for module sky130_fd_sc_hd__and2_1.
Creating placeholder cell definition for module sky130_fd_sc_hd__a31o_1.
Creating placeholder cell definition for module sky130_fd_sc_hd__nand2_1.
Creating placeholder cell definition for module sky130_fd_sc_hd__xnor2_1.
Creating placeholder cell definition for module sky130_fd_sc_hd__a21o_1.
Creating placeholder cell definition for module sky130_fd_sc_hd__nand3_1.
Creating placeholder cell definition for module sky130_fd_sc_hd__clkbuf_1.
Creating placeholder cell definition for module sky130_fd_sc_hd__xor2_2.
Creating placeholder cell definition for module sky130_fd_sc_hd__xnor2_2.
Creating placeholder cell definition for module sky130_fd_sc_hd__clkbuf_4.
Creating placeholder cell definition for module sky130_fd_sc_hd__buf_4.
Creating placeholder cell definition for module sky130_fd_sc_hd__inv_2.
Creating placeholder cell definition for module sky130_fd_sc_hd__dfrtp_1.
Creating placeholder cell definition for module sky130_fd_sc_hd__dfrtp_2.
Creating placeholder cell definition for module sky130_fd_sc_hd__decap_3.
Creating placeholder cell definition for module sky130_fd_sc_hd__tapvpwrvgnd_1.
Creating placeholder cell definition for module sky130_fd_sc_hd__dlymetal6s2s_1.
Creating placeholder cell definition for module sky130_fd_sc_hd__clkbuf_16.
Creating placeholder cell definition for module sky130_fd_sc_hd__diode_2.
Creating placeholder cell definition for module sky130_ef_sc_hd__decap_12.
Creating placeholder cell definition for module sky130_fd_sc_hd__fill_1.
Creating placeholder cell definition for module sky130_fd_sc_hd__decap_8.
Creating placeholder cell definition for module sky130_fd_sc_hd__fill_2.
Creating placeholder cell definition for module sky130_fd_sc_hd__decap_4.
Creating placeholder cell definition for module sky130_fd_sc_hd__decap_6.
Reading setup file /home/yazan/OpenLane/pdks/sky130A/libs.tech/netgen/sky130A_setup.tcl
Comparison output logged to file /openlane/designs/spm/runs/logs/signoff/33-spm.lef.lvs.log
Logging to file "/openlane/designs/spm/runs/logs/signoff/33-spm.lef.lvs.log" enabled
Circuit sky130_fd_sc_hd__xnor2_1 contains no devices.
Circuit sky130_fd_sc_hd__and2_1 contains no devices.
Circuit sky130_fd_sc_hd__fill_2 contains no devices.
Circuit sky130_fd_sc_hd__dfrtp_1 contains no devices.
Circuit sky130_fd_sc_hd__fill_1 contains no devices.
Circuit sky130_fd_sc_hd__inv_2 contains no devices.
Circuit sky130_fd_sc_hd__decap_4 contains no devices.
Circuit sky130_fd_sc_hd__a31o_1 contains no devices.
Circuit sky130_ef_sc_hd__decap_12 contains no devices.
Circuit sky130_fd_sc_hd__decap_8 contains no devices.
Circuit sky130_fd_sc_hd__tapvpwrvgnd_1 contains no devices.
Circuit sky130_fd_sc_hd__xor2_1 contains no devices.
Circuit sky130_fd_sc_hd__nand2_1 contains no devices.
Circuit sky130_fd_sc_hd__clkbuf_16 contains no devices.
Circuit sky130_fd_sc_hd__decap_6 contains no devices.
Circuit sky130_fd_sc_hd__decap_3 contains no devices.
Circuit sky130_fd_sc_hd__buf_2 contains no devices.
Circuit sky130_fd_sc_hd__clkbuf_1 contains no devices.
Circuit sky130_fd_sc_hd__buf_4 contains no devices.
Circuit sky130_fd_sc_hd__nand3_1 contains no devices.
Circuit sky130_fd_sc_hd__a21o_1 contains no devices.
Circuit sky130_fd_sc_hd__dlymetal6s2s_1 contains no devices.
Circuit sky130_fd_sc_hd__clkbuf_4 contains no devices.
Circuit sky130_fd_sc_hd__xnor2_2 contains no devices.
Circuit sky130_fd_sc_hd__xor2_2 contains no devices.
Circuit sky130_fd_sc_hd__dfrtp_2 contains no devices.
Circuit sky130_fd_sc_hd__diode_2 contains no devices.

Contents of circuit 1:  Circuit: 'spm'
Circuit spm contains 1218 device instances.
  Class: sky130_fd_sc_hd__a31o_1 instances:  31
  Class: sky130_fd_sc_hd__a21o_1 instances:   1
  Class: sky130_fd_sc_hd__clkbuf_16 instances:   9
  Class: sky130_fd_sc_hd__buf_2 instances:   8
  Class: sky130_fd_sc_hd__buf_4 instances:   6
  Class: sky130_fd_sc_hd__xor2_1 instances:  30
  Class: sky130_fd_sc_hd__xor2_2 instances:   1
  Class: sky130_ef_sc_hd__decap_12 instances: 100
  Class: sky130_fd_sc_hd__dfrtp_1 instances:  63
  Class: sky130_fd_sc_hd__dfrtp_2 instances:   1
  Class: sky130_fd_sc_hd__inv_2 instances:  64
  Class: sky130_fd_sc_hd__clkbuf_1 instances:  31
  Class: sky130_fd_sc_hd__clkbuf_4 instances:   1
  Class: sky130_fd_sc_hd__nand3_1 instances:   1
  Class: sky130_fd_sc_hd__decap_3 instances: 100
  Class: sky130_fd_sc_hd__decap_4 instances: 198
  Class: sky130_fd_sc_hd__decap_6 instances:  63
  Class: sky130_fd_sc_hd__decap_8 instances:  74
  Class: sky130_fd_sc_hd__nand2_1 instances:  31
  Class: sky130_fd_sc_hd__and2_1 instances:  32
  Class: sky130_fd_sc_hd__xnor2_1 instances:  30
  Class: sky130_fd_sc_hd__xnor2_2 instances:   1
  Class: sky130_fd_sc_hd__diode_2 instances:   2
  Class: sky130_fd_sc_hd__dlymetal6s2s_1 instances:   4
  Class: sky130_fd_sc_hd__tapvpwrvgnd_1 instances: 105
  Class: sky130_fd_sc_hd__fill_1 instances: 118
  Class: sky130_fd_sc_hd__fill_2 instances: 113
Circuit contains 382 nets.
Contents of circuit 2:  Circuit: 'spm'
Circuit spm contains 1218 device instances.
  Class: sky130_fd_sc_hd__a31o_1 instances:  31
  Class: sky130_fd_sc_hd__a21o_1 instances:   1
  Class: sky130_fd_sc_hd__clkbuf_16 instances:   9
  Class: sky130_fd_sc_hd__buf_2 instances:   8
  Class: sky130_fd_sc_hd__buf_4 instances:   6
  Class: sky130_fd_sc_hd__xor2_1 instances:  30
  Class: sky130_fd_sc_hd__xor2_2 instances:   1
  Class: sky130_ef_sc_hd__decap_12 instances: 100
  Class: sky130_fd_sc_hd__dfrtp_1 instances:  63
  Class: sky130_fd_sc_hd__dfrtp_2 instances:   1
  Class: sky130_fd_sc_hd__inv_2 instances:  64
  Class: sky130_fd_sc_hd__clkbuf_1 instances:  31
  Class: sky130_fd_sc_hd__clkbuf_4 instances:   1
  Class: sky130_fd_sc_hd__nand3_1 instances:   1
  Class: sky130_fd_sc_hd__decap_3 instances: 100
  Class: sky130_fd_sc_hd__decap_4 instances: 198
  Class: sky130_fd_sc_hd__decap_6 instances:  63
  Class: sky130_fd_sc_hd__decap_8 instances:  74
  Class: sky130_fd_sc_hd__nand2_1 instances:  31
  Class: sky130_fd_sc_hd__and2_1 instances:  32
  Class: sky130_fd_sc_hd__xnor2_1 instances:  30
  Class: sky130_fd_sc_hd__xnor2_2 instances:   1
  Class: sky130_fd_sc_hd__diode_2 instances:   2
  Class: sky130_fd_sc_hd__dlymetal6s2s_1 instances:   4
  Class: sky130_fd_sc_hd__tapvpwrvgnd_1 instances: 105
  Class: sky130_fd_sc_hd__fill_1 instances: 118
  Class: sky130_fd_sc_hd__fill_2 instances: 113
Circuit contains 382 nets.

Circuit was modified by parallel/series device merging.
New circuit summary:

Contents of circuit 1:  Circuit: 'spm'
Circuit spm contains 355 device instances.
  Class: sky130_fd_sc_hd__a31o_1 instances:  31
  Class: sky130_fd_sc_hd__a21o_1 instances:   1
  Class: sky130_fd_sc_hd__clkbuf_16 instances:   9
  Class: sky130_fd_sc_hd__buf_2 instances:   8
  Class: sky130_fd_sc_hd__buf_4 instances:   6
  Class: sky130_fd_sc_hd__xor2_1 instances:  30
  Class: sky130_fd_sc_hd__xor2_2 instances:   1
  Class: sky130_ef_sc_hd__decap_12 instances:   1
  Class: sky130_fd_sc_hd__dfrtp_1 instances:  63
  Class: sky130_fd_sc_hd__dfrtp_2 instances:   1
  Class: sky130_fd_sc_hd__inv_2 instances:  64
  Class: sky130_fd_sc_hd__clkbuf_1 instances:  31
  Class: sky130_fd_sc_hd__clkbuf_4 instances:   1
  Class: sky130_fd_sc_hd__nand3_1 instances:   1
  Class: sky130_fd_sc_hd__decap_3 instances:   1
  Class: sky130_fd_sc_hd__decap_4 instances:   1
  Class: sky130_fd_sc_hd__decap_6 instances:   1
  Class: sky130_fd_sc_hd__decap_8 instances:   1
  Class: sky130_fd_sc_hd__nand2_1 instances:  31
  Class: sky130_fd_sc_hd__and2_1 instances:  32
  Class: sky130_fd_sc_hd__xnor2_1 instances:  30
  Class: sky130_fd_sc_hd__xnor2_2 instances:   1
  Class: sky130_fd_sc_hd__diode_2 instances:   2
  Class: sky130_fd_sc_hd__dlymetal6s2s_1 instances:   4
  Class: sky130_fd_sc_hd__tapvpwrvgnd_1 instances:   1
  Class: sky130_fd_sc_hd__fill_1 instances:   1
  Class: sky130_fd_sc_hd__fill_2 instances:   1
Circuit contains 382 nets.
Contents of circuit 2:  Circuit: 'spm'
Circuit spm contains 355 device instances.
  Class: sky130_fd_sc_hd__a31o_1 instances:  31
  Class: sky130_fd_sc_hd__a21o_1 instances:   1
  Class: sky130_fd_sc_hd__clkbuf_16 instances:   9
  Class: sky130_fd_sc_hd__buf_2 instances:   8
  Class: sky130_fd_sc_hd__buf_4 instances:   6
  Class: sky130_fd_sc_hd__xor2_1 instances:  30
  Class: sky130_fd_sc_hd__xor2_2 instances:   1
  Class: sky130_ef_sc_hd__decap_12 instances:   1
  Class: sky130_fd_sc_hd__dfrtp_1 instances:  63
  Class: sky130_fd_sc_hd__dfrtp_2 instances:   1
  Class: sky130_fd_sc_hd__inv_2 instances:  64
  Class: sky130_fd_sc_hd__clkbuf_1 instances:  31
  Class: sky130_fd_sc_hd__clkbuf_4 instances:   1
  Class: sky130_fd_sc_hd__nand3_1 instances:   1
  Class: sky130_fd_sc_hd__decap_3 instances:   1
  Class: sky130_fd_sc_hd__decap_4 instances:   1
  Class: sky130_fd_sc_hd__decap_6 instances:   1
  Class: sky130_fd_sc_hd__decap_8 instances:   1
  Class: sky130_fd_sc_hd__nand2_1 instances:  31
  Class: sky130_fd_sc_hd__and2_1 instances:  32
  Class: sky130_fd_sc_hd__xnor2_1 instances:  30
  Class: sky130_fd_sc_hd__xnor2_2 instances:   1
  Class: sky130_fd_sc_hd__diode_2 instances:   2
  Class: sky130_fd_sc_hd__dlymetal6s2s_1 instances:   4
  Class: sky130_fd_sc_hd__tapvpwrvgnd_1 instances:   1
  Class: sky130_fd_sc_hd__fill_1 instances:   1
  Class: sky130_fd_sc_hd__fill_2 instances:   1
Circuit contains 382 nets.

Circuit 1 contains 355 devices, Circuit 2 contains 355 devices.
Circuit 1 contains 382 nets,    Circuit 2 contains 382 nets.


Final result: 
Circuits match uniquely.
.
Logging to file "/openlane/designs/spm/runs/logs/signoff/33-spm.lef.lvs.log" disabled
LVS Done.
