OpenROAD 127815b81a8624caebc06d0bedc2ea3a22e90500 
This program is licensed under the BSD-3 license. See the LICENSE file for details.
Components of this program may be licensed under more restrictive licenses which must be honored.
[INFO]: Setting RC values...
[INFO RSZ-0027] Inserted 34 input buffers.
[INFO RSZ-0028] Inserted 1 output buffers.
[INFO RSZ-0058] Using max wire length 3048um.
[INFO RSZ-0039] Resized 239 instances.
Placement Analysis
---------------------------------
total displacement       1508.6 u
average displacement        3.0 u
max displacement           31.8 u
original HPWL           12210.6 u
legalized HPWL          13004.6 u
delta HPWL                    7 %

[INFO DPL-0020] Mirrored 170 instances
[INFO DPL-0021] HPWL before           13004.6 u
[INFO DPL-0022] HPWL after            12721.9 u
[INFO DPL-0023] HPWL delta               -2.2 %
Setting global connections for newly added cells...
Writing OpenROAD database to /openlane/designs/spm/runs/tmp/placement/8-resizer.odb...
Writing netlist to /openlane/designs/spm/runs/tmp/placement/8-resizer.nl.v...
Writing powered netlist to /openlane/designs/spm/runs/tmp/placement/8-resizer.pnl.v...
Writing layout to /openlane/designs/spm/runs/tmp/placement/8-resizer.def...
Writing timing constraints to /openlane/designs/spm/runs/tmp/placement/8-resizer.sdc...
min_report

===========================================================================
report_checks -path_delay min (Hold)
============================================================================
Startpoint: rst (input port clocked by clk)
Endpoint: _506_ (removal check against rising-edge clock clk)
Path Group: **async_default**
Path Type: min

Fanout     Cap    Slew   Delay    Time   Description
-----------------------------------------------------------------------------
                  0.15    0.00    0.00   clock clk (rise edge)
                          0.00    0.00   clock network delay (ideal)
                          2.00    2.00 v input external delay
                  0.01    0.00    2.00 v rst (in)
     1    0.00                           rst (net)
                  0.01    0.00    2.00 v input1/A (sky130_fd_sc_hd__clkbuf_1)
                  0.03    0.07    2.07 v input1/X (sky130_fd_sc_hd__clkbuf_1)
     1    0.00                           net1 (net)
                  0.03    0.00    2.07 v _372_/A (sky130_fd_sc_hd__clkbuf_4)
                  0.08    0.17    2.24 v _372_/X (sky130_fd_sc_hd__clkbuf_4)
    10    0.04                           _199_ (net)
                  0.08    0.00    2.24 v _442_/A (sky130_fd_sc_hd__inv_2)
                  0.04    0.06    2.30 ^ _442_/Y (sky130_fd_sc_hd__inv_2)
     1    0.01                           _096_ (net)
                  0.04    0.00    2.30 ^ _506_/RESET_B (sky130_fd_sc_hd__dfrtp_1)
                                  2.30   data arrival time

                  0.15    0.00    0.00   clock clk (rise edge)
                          0.00    0.00   clock network delay (ideal)
                          0.25    0.25   clock uncertainty
                          0.00    0.25   clock reconvergence pessimism
                                  0.25 ^ _506_/CLK (sky130_fd_sc_hd__dfrtp_1)
                          0.35    0.60   library removal time
                                  0.60   data required time
-----------------------------------------------------------------------------
                                  0.60   data required time
                                 -2.30   data arrival time
-----------------------------------------------------------------------------
                                  1.70   slack (MET)


Startpoint: rst (input port clocked by clk)
Endpoint: _504_ (removal check against rising-edge clock clk)
Path Group: **async_default**
Path Type: min

Fanout     Cap    Slew   Delay    Time   Description
-----------------------------------------------------------------------------
                  0.15    0.00    0.00   clock clk (rise edge)
                          0.00    0.00   clock network delay (ideal)
                          2.00    2.00 v input external delay
                  0.01    0.00    2.00 v rst (in)
     1    0.00                           rst (net)
                  0.01    0.00    2.00 v input1/A (sky130_fd_sc_hd__clkbuf_1)
                  0.03    0.07    2.07 v input1/X (sky130_fd_sc_hd__clkbuf_1)
     1    0.00                           net1 (net)
                  0.03    0.00    2.07 v _372_/A (sky130_fd_sc_hd__clkbuf_4)
                  0.08    0.17    2.24 v _372_/X (sky130_fd_sc_hd__clkbuf_4)
    10    0.04                           _199_ (net)
                  0.08    0.00    2.24 v _440_/A (sky130_fd_sc_hd__inv_2)
                  0.04    0.06    2.30 ^ _440_/Y (sky130_fd_sc_hd__inv_2)
     1    0.01                           _094_ (net)
                  0.04    0.00    2.30 ^ _504_/RESET_B (sky130_fd_sc_hd__dfrtp_1)
                                  2.30   data arrival time

                  0.15    0.00    0.00   clock clk (rise edge)
                          0.00    0.00   clock network delay (ideal)
                          0.25    0.25   clock uncertainty
                          0.00    0.25   clock reconvergence pessimism
                                  0.25 ^ _504_/CLK (sky130_fd_sc_hd__dfrtp_1)
                          0.35    0.60   library removal time
                                  0.60   data required time
-----------------------------------------------------------------------------
                                  0.60   data required time
                                 -2.30   data arrival time
-----------------------------------------------------------------------------
                                  1.71   slack (MET)


Startpoint: rst (input port clocked by clk)
Endpoint: _503_ (removal check against rising-edge clock clk)
Path Group: **async_default**
Path Type: min

Fanout     Cap    Slew   Delay    Time   Description
-----------------------------------------------------------------------------
                  0.15    0.00    0.00   clock clk (rise edge)
                          0.00    0.00   clock network delay (ideal)
                          2.00    2.00 v input external delay
                  0.01    0.00    2.00 v rst (in)
     1    0.00                           rst (net)
                  0.01    0.00    2.00 v input1/A (sky130_fd_sc_hd__clkbuf_1)
                  0.03    0.07    2.07 v input1/X (sky130_fd_sc_hd__clkbuf_1)
     1    0.00                           net1 (net)
                  0.03    0.00    2.07 v _372_/A (sky130_fd_sc_hd__clkbuf_4)
                  0.08    0.17    2.24 v _372_/X (sky130_fd_sc_hd__clkbuf_4)
    10    0.04                           _199_ (net)
                  0.08    0.00    2.24 v _439_/A (sky130_fd_sc_hd__inv_2)
                  0.05    0.07    2.31 ^ _439_/Y (sky130_fd_sc_hd__inv_2)
     1    0.01                           _093_ (net)
                  0.05    0.00    2.31 ^ _503_/RESET_B (sky130_fd_sc_hd__dfrtp_1)
                                  2.31   data arrival time

                  0.15    0.00    0.00   clock clk (rise edge)
                          0.00    0.00   clock network delay (ideal)
                          0.25    0.25   clock uncertainty
                          0.00    0.25   clock reconvergence pessimism
                                  0.25 ^ _503_/CLK (sky130_fd_sc_hd__dfrtp_1)
                          0.35    0.60   library removal time
                                  0.60   data required time
-----------------------------------------------------------------------------
                                  0.60   data required time
                                 -2.31   data arrival time
-----------------------------------------------------------------------------
                                  1.71   slack (MET)


Startpoint: rst (input port clocked by clk)
Endpoint: _505_ (removal check against rising-edge clock clk)
Path Group: **async_default**
Path Type: min

Fanout     Cap    Slew   Delay    Time   Description
-----------------------------------------------------------------------------
                  0.15    0.00    0.00   clock clk (rise edge)
                          0.00    0.00   clock network delay (ideal)
                          2.00    2.00 v input external delay
                  0.01    0.00    2.00 v rst (in)
     1    0.00                           rst (net)
                  0.01    0.00    2.00 v input1/A (sky130_fd_sc_hd__clkbuf_1)
                  0.03    0.07    2.07 v input1/X (sky130_fd_sc_hd__clkbuf_1)
     1    0.00                           net1 (net)
                  0.03    0.00    2.07 v _372_/A (sky130_fd_sc_hd__clkbuf_4)
                  0.08    0.17    2.24 v _372_/X (sky130_fd_sc_hd__clkbuf_4)
    10    0.04                           _199_ (net)
                  0.08    0.00    2.24 v _441_/A (sky130_fd_sc_hd__inv_2)
                  0.06    0.08    2.32 ^ _441_/Y (sky130_fd_sc_hd__inv_2)
     1    0.01                           _095_ (net)
                  0.06    0.00    2.32 ^ _505_/RESET_B (sky130_fd_sc_hd__dfrtp_2)
                                  2.32   data arrival time

                  0.15    0.00    0.00   clock clk (rise edge)
                          0.00    0.00   clock network delay (ideal)
                          0.25    0.25   clock uncertainty
                          0.00    0.25   clock reconvergence pessimism
                                  0.25 ^ _505_/CLK (sky130_fd_sc_hd__dfrtp_2)
                          0.35    0.60   library removal time
                                  0.60   data required time
-----------------------------------------------------------------------------
                                  0.60   data required time
                                 -2.32   data arrival time
-----------------------------------------------------------------------------
                                  1.71   slack (MET)


Startpoint: rst (input port clocked by clk)
Endpoint: _448_ (removal check against rising-edge clock clk)
Path Group: **async_default**
Path Type: min

Fanout     Cap    Slew   Delay    Time   Description
-----------------------------------------------------------------------------
                  0.15    0.00    0.00   clock clk (rise edge)
                          0.00    0.00   clock network delay (ideal)
                          2.00    2.00 v input external delay
                  0.01    0.00    2.00 v rst (in)
     1    0.00                           rst (net)
                  0.01    0.00    2.00 v input1/A (sky130_fd_sc_hd__clkbuf_1)
                  0.03    0.07    2.07 v input1/X (sky130_fd_sc_hd__clkbuf_1)
     1    0.00                           net1 (net)
                  0.03    0.00    2.07 v _372_/A (sky130_fd_sc_hd__clkbuf_4)
                  0.08    0.17    2.24 v _372_/X (sky130_fd_sc_hd__clkbuf_4)
    10    0.04                           _199_ (net)
                  0.08    0.00    2.24 v _373_/A (sky130_fd_sc_hd__buf_4)
                  0.08    0.19    2.43 v _373_/X (sky130_fd_sc_hd__buf_4)
    10    0.05                           _200_ (net)
                  0.08    0.00    2.43 v _379_/A (sky130_fd_sc_hd__inv_2)
                  0.03    0.05    2.48 ^ _379_/Y (sky130_fd_sc_hd__inv_2)
     1    0.00                           _038_ (net)
                  0.03    0.00    2.48 ^ _448_/RESET_B (sky130_fd_sc_hd__dfrtp_1)
                                  2.48   data arrival time

                  0.15    0.00    0.00   clock clk (rise edge)
                          0.00    0.00   clock network delay (ideal)
                          0.25    0.25   clock uncertainty
                          0.00    0.25   clock reconvergence pessimism
                                  0.25 ^ _448_/CLK (sky130_fd_sc_hd__dfrtp_1)
                          0.35    0.60   library removal time
                                  0.60   data required time
-----------------------------------------------------------------------------
                                  0.60   data required time
                                 -2.48   data arrival time
-----------------------------------------------------------------------------
                                  1.89   slack (MET)


Startpoint: _445_ (rising edge-triggered flip-flop clocked by clk)
Endpoint: _445_ (rising edge-triggered flip-flop clocked by clk)
Path Group: clk
Path Type: min

Fanout     Cap    Slew   Delay    Time   Description
-----------------------------------------------------------------------------
                  0.15    0.00    0.00   clock clk (rise edge)
                          0.00    0.00   clock network delay (ideal)
                  0.15    0.00    0.00 ^ _445_/CLK (sky130_fd_sc_hd__dfrtp_1)
                  0.08    0.36    0.36 ^ _445_/Q (sky130_fd_sc_hd__dfrtp_1)
     2    0.01                           tcmp.z (net)
                  0.08    0.00    0.36 ^ _214_/B1 (sky130_fd_sc_hd__a21o_1)
                  0.06    0.10    0.46 ^ _214_/X (sky130_fd_sc_hd__a21o_1)
     2    0.01                           _032_ (net)
                  0.06    0.00    0.46 ^ _445_/D (sky130_fd_sc_hd__dfrtp_1)
                                  0.46   data arrival time

                  0.15    0.00    0.00   clock clk (rise edge)
                          0.00    0.00   clock network delay (ideal)
                          0.25    0.25   clock uncertainty
                          0.00    0.25   clock reconvergence pessimism
                                  0.25 ^ _445_/CLK (sky130_fd_sc_hd__dfrtp_1)
                         -0.02    0.23   library hold time
                                  0.23   data required time
-----------------------------------------------------------------------------
                                  0.23   data required time
                                 -0.46   data arrival time
-----------------------------------------------------------------------------
                                  0.24   slack (MET)


Startpoint: _467_ (rising edge-triggered flip-flop clocked by clk)
Endpoint: _467_ (rising edge-triggered flip-flop clocked by clk)
Path Group: clk
Path Type: min

Fanout     Cap    Slew   Delay    Time   Description
-----------------------------------------------------------------------------
                  0.15    0.00    0.00   clock clk (rise edge)
                          0.00    0.00   clock network delay (ideal)
                  0.15    0.00    0.00 ^ _467_/CLK (sky130_fd_sc_hd__dfrtp_1)
                  0.08    0.37    0.37 ^ _467_/Q (sky130_fd_sc_hd__dfrtp_1)
     2    0.01                           genblk1[11].csa.sc (net)
                  0.08    0.00    0.37 ^ _271_/A (sky130_fd_sc_hd__and2_1)
                  0.05    0.12    0.48 ^ _271_/X (sky130_fd_sc_hd__and2_1)
     1    0.00                           _138_ (net)
                  0.05    0.00    0.48 ^ _272_/B1 (sky130_fd_sc_hd__a31o_1)
                  0.05    0.09    0.57 ^ _272_/X (sky130_fd_sc_hd__a31o_1)
     1    0.00                           _002_ (net)
                  0.05    0.00    0.57 ^ _467_/D (sky130_fd_sc_hd__dfrtp_1)
                                  0.57   data arrival time

                  0.15    0.00    0.00   clock clk (rise edge)
                          0.00    0.00   clock network delay (ideal)
                          0.25    0.25   clock uncertainty
                          0.00    0.25   clock reconvergence pessimism
                                  0.25 ^ _467_/CLK (sky130_fd_sc_hd__dfrtp_1)
                         -0.02    0.23   library hold time
                                  0.23   data required time
-----------------------------------------------------------------------------
                                  0.23   data required time
                                 -0.57   data arrival time
-----------------------------------------------------------------------------
                                  0.34   slack (MET)


Startpoint: _455_ (rising edge-triggered flip-flop clocked by clk)
Endpoint: _455_ (rising edge-triggered flip-flop clocked by clk)
Path Group: clk
Path Type: min

Fanout     Cap    Slew   Delay    Time   Description
-----------------------------------------------------------------------------
                  0.15    0.00    0.00   clock clk (rise edge)
                          0.00    0.00   clock network delay (ideal)
                  0.15    0.00    0.00 ^ _455_/CLK (sky130_fd_sc_hd__dfrtp_1)
                  0.08    0.36    0.36 ^ _455_/Q (sky130_fd_sc_hd__dfrtp_1)
     2    0.01                           genblk1[5].csa.sc (net)
                  0.08    0.00    0.36 ^ _239_/A (sky130_fd_sc_hd__and2_1)
                  0.05    0.12    0.48 ^ _239_/X (sky130_fd_sc_hd__and2_1)
     1    0.00                           _118_ (net)
                  0.05    0.00    0.48 ^ _240_/B1 (sky130_fd_sc_hd__a31o_1)
                  0.05    0.09    0.57 ^ _240_/X (sky130_fd_sc_hd__a31o_1)
     1    0.00                           _026_ (net)
                  0.05    0.00    0.57 ^ _455_/D (sky130_fd_sc_hd__dfrtp_1)
                                  0.57   data arrival time

                  0.15    0.00    0.00   clock clk (rise edge)
                          0.00    0.00   clock network delay (ideal)
                          0.25    0.25   clock uncertainty
                          0.00    0.25   clock reconvergence pessimism
                                  0.25 ^ _455_/CLK (sky130_fd_sc_hd__dfrtp_1)
                         -0.02    0.23   library hold time
                                  0.23   data required time
-----------------------------------------------------------------------------
                                  0.23   data required time
                                 -0.57   data arrival time
-----------------------------------------------------------------------------
                                  0.34   slack (MET)


Startpoint: _467_ (rising edge-triggered flip-flop clocked by clk)
Endpoint: _468_ (rising edge-triggered flip-flop clocked by clk)
Path Group: clk
Path Type: min

Fanout     Cap    Slew   Delay    Time   Description
-----------------------------------------------------------------------------
                  0.15    0.00    0.00   clock clk (rise edge)
                          0.00    0.00   clock network delay (ideal)
                  0.15    0.00    0.00 ^ _467_/CLK (sky130_fd_sc_hd__dfrtp_1)
                  0.08    0.37    0.37 ^ _467_/Q (sky130_fd_sc_hd__dfrtp_1)
     2    0.01                           genblk1[11].csa.sc (net)
                  0.08    0.00    0.37 ^ _270_/A (sky130_fd_sc_hd__xor2_1)
                  0.06    0.09    0.46 v _270_/X (sky130_fd_sc_hd__xor2_1)
     2    0.01                           _137_ (net)
                  0.06    0.00    0.46 v _274_/B (sky130_fd_sc_hd__xnor2_1)
                  0.04    0.12    0.58 v _274_/Y (sky130_fd_sc_hd__xnor2_1)
     1    0.00                           genblk1[11].csa.hsum2 (net)
                  0.04    0.00    0.58 v _468_/D (sky130_fd_sc_hd__dfrtp_1)
                                  0.58   data arrival time

                  0.15    0.00    0.00   clock clk (rise edge)
                          0.00    0.00   clock network delay (ideal)
                          0.25    0.25   clock uncertainty
                          0.00    0.25   clock reconvergence pessimism
                                  0.25 ^ _468_/CLK (sky130_fd_sc_hd__dfrtp_1)
                         -0.02    0.23   library hold time
                                  0.23   data required time
-----------------------------------------------------------------------------
                                  0.23   data required time
                                 -0.58   data arrival time
-----------------------------------------------------------------------------
                                  0.35   slack (MET)


Startpoint: _503_ (rising edge-triggered flip-flop clocked by clk)
Endpoint: _503_ (rising edge-triggered flip-flop clocked by clk)
Path Group: clk
Path Type: min

Fanout     Cap    Slew   Delay    Time   Description
-----------------------------------------------------------------------------
                  0.15    0.00    0.00   clock clk (rise edge)
                          0.00    0.00   clock network delay (ideal)
                  0.15    0.00    0.00 ^ _503_/CLK (sky130_fd_sc_hd__dfrtp_1)
                  0.09    0.37    0.37 ^ _503_/Q (sky130_fd_sc_hd__dfrtp_1)
     2    0.01                           genblk1[29].csa.sc (net)
                  0.09    0.00    0.37 ^ _363_/A (sky130_fd_sc_hd__and2_1)
                  0.05    0.12    0.49 ^ _363_/X (sky130_fd_sc_hd__and2_1)
     1    0.00                           _194_ (net)
                  0.05    0.00    0.49 ^ _364_/B1 (sky130_fd_sc_hd__a31o_1)
                  0.05    0.09    0.58 ^ _364_/X (sky130_fd_sc_hd__a31o_1)
     1    0.00                           _021_ (net)
                  0.05    0.00    0.58 ^ _503_/D (sky130_fd_sc_hd__dfrtp_1)
                                  0.58   data arrival time

                  0.15    0.00    0.00   clock clk (rise edge)
                          0.00    0.00   clock network delay (ideal)
                          0.25    0.25   clock uncertainty
                          0.00    0.25   clock reconvergence pessimism
                                  0.25 ^ _503_/CLK (sky130_fd_sc_hd__dfrtp_1)
                         -0.02    0.23   library hold time
                                  0.23   data required time
-----------------------------------------------------------------------------
                                  0.23   data required time
                                 -0.58   data arrival time
-----------------------------------------------------------------------------
                                  0.35   slack (MET)


min_report_end
max_report

===========================================================================
report_checks -path_delay max (Setup)
============================================================================
Startpoint: rst (input port clocked by clk)
Endpoint: _482_ (recovery check against rising-edge clock clk)
Path Group: **async_default**
Path Type: max

Fanout     Cap    Slew   Delay    Time   Description
-----------------------------------------------------------------------------
                  0.15    0.00    0.00   clock clk (rise edge)
                          0.00    0.00   clock network delay (ideal)
                          2.00    2.00 v input external delay
                  0.01    0.00    2.00 v rst (in)
     1    0.00                           rst (net)
                  0.01    0.00    2.00 v input1/A (sky130_fd_sc_hd__clkbuf_1)
                  0.03    0.07    2.08 v input1/X (sky130_fd_sc_hd__clkbuf_1)
     1    0.00                           net1 (net)
                  0.03    0.00    2.08 v _372_/A (sky130_fd_sc_hd__clkbuf_4)
                  0.08    0.19    2.26 v _372_/X (sky130_fd_sc_hd__clkbuf_4)
    10    0.04                           _199_ (net)
                  0.08    0.00    2.26 v _406_/A (sky130_fd_sc_hd__buf_4)
                  0.09    0.22    2.49 v _406_/X (sky130_fd_sc_hd__buf_4)
    10    0.06                           _203_ (net)
                  0.09    0.00    2.49 v _416_/A (sky130_fd_sc_hd__inv_2)
                  0.05    0.08    2.57 ^ _416_/Y (sky130_fd_sc_hd__inv_2)
     1    0.01                           _072_ (net)
                  0.05    0.00    2.57 ^ _482_/RESET_B (sky130_fd_sc_hd__dfrtp_1)
                                  2.57   data arrival time

                  0.15   10.00   10.00   clock clk (rise edge)
                          0.00   10.00   clock network delay (ideal)
                         -0.25    9.75   clock uncertainty
                          0.00    9.75   clock reconvergence pessimism
                                  9.75 ^ _482_/CLK (sky130_fd_sc_hd__dfrtp_1)
                          0.26   10.01   library recovery time
                                 10.01   data required time
-----------------------------------------------------------------------------
                                 10.01   data required time
                                 -2.57   data arrival time
-----------------------------------------------------------------------------
                                  7.44   slack (MET)


Startpoint: rst (input port clocked by clk)
Endpoint: _475_ (recovery check against rising-edge clock clk)
Path Group: **async_default**
Path Type: max

Fanout     Cap    Slew   Delay    Time   Description
-----------------------------------------------------------------------------
                  0.15    0.00    0.00   clock clk (rise edge)
                          0.00    0.00   clock network delay (ideal)
                          2.00    2.00 v input external delay
                  0.01    0.00    2.00 v rst (in)
     1    0.00                           rst (net)
                  0.01    0.00    2.00 v input1/A (sky130_fd_sc_hd__clkbuf_1)
                  0.03    0.07    2.08 v input1/X (sky130_fd_sc_hd__clkbuf_1)
     1    0.00                           net1 (net)
                  0.03    0.00    2.08 v _372_/A (sky130_fd_sc_hd__clkbuf_4)
                  0.08    0.19    2.26 v _372_/X (sky130_fd_sc_hd__clkbuf_4)
    10    0.04                           _199_ (net)
                  0.08    0.00    2.26 v _406_/A (sky130_fd_sc_hd__buf_4)
                  0.09    0.22    2.49 v _406_/X (sky130_fd_sc_hd__buf_4)
    10    0.06                           _203_ (net)
                  0.09    0.00    2.49 v _409_/A (sky130_fd_sc_hd__inv_2)
                  0.05    0.08    2.57 ^ _409_/Y (sky130_fd_sc_hd__inv_2)
     1    0.01                           _065_ (net)
                  0.05    0.00    2.57 ^ _475_/RESET_B (sky130_fd_sc_hd__dfrtp_1)
                                  2.57   data arrival time

                  0.15   10.00   10.00   clock clk (rise edge)
                          0.00   10.00   clock network delay (ideal)
                         -0.25    9.75   clock uncertainty
                          0.00    9.75   clock reconvergence pessimism
                                  9.75 ^ _475_/CLK (sky130_fd_sc_hd__dfrtp_1)
                          0.26   10.01   library recovery time
                                 10.01   data required time
-----------------------------------------------------------------------------
                                 10.01   data required time
                                 -2.57   data arrival time
-----------------------------------------------------------------------------
                                  7.44   slack (MET)


Startpoint: rst (input port clocked by clk)
Endpoint: _478_ (recovery check against rising-edge clock clk)
Path Group: **async_default**
Path Type: max

Fanout     Cap    Slew   Delay    Time   Description
-----------------------------------------------------------------------------
                  0.15    0.00    0.00   clock clk (rise edge)
                          0.00    0.00   clock network delay (ideal)
                          2.00    2.00 v input external delay
                  0.01    0.00    2.00 v rst (in)
     1    0.00                           rst (net)
                  0.01    0.00    2.00 v input1/A (sky130_fd_sc_hd__clkbuf_1)
                  0.03    0.07    2.08 v input1/X (sky130_fd_sc_hd__clkbuf_1)
     1    0.00                           net1 (net)
                  0.03    0.00    2.08 v _372_/A (sky130_fd_sc_hd__clkbuf_4)
                  0.08    0.19    2.26 v _372_/X (sky130_fd_sc_hd__clkbuf_4)
    10    0.04                           _199_ (net)
                  0.08    0.00    2.26 v _406_/A (sky130_fd_sc_hd__buf_4)
                  0.09    0.22    2.49 v _406_/X (sky130_fd_sc_hd__buf_4)
    10    0.06                           _203_ (net)
                  0.09    0.00    2.49 v _412_/A (sky130_fd_sc_hd__inv_2)
                  0.05    0.08    2.57 ^ _412_/Y (sky130_fd_sc_hd__inv_2)
     1    0.01                           _068_ (net)
                  0.05    0.00    2.57 ^ _478_/RESET_B (sky130_fd_sc_hd__dfrtp_1)
                                  2.57   data arrival time

                  0.15   10.00   10.00   clock clk (rise edge)
                          0.00   10.00   clock network delay (ideal)
                         -0.25    9.75   clock uncertainty
                          0.00    9.75   clock reconvergence pessimism
                                  9.75 ^ _478_/CLK (sky130_fd_sc_hd__dfrtp_1)
                          0.26   10.01   library recovery time
                                 10.01   data required time
-----------------------------------------------------------------------------
                                 10.01   data required time
                                 -2.57   data arrival time
-----------------------------------------------------------------------------
                                  7.45   slack (MET)


Startpoint: rst (input port clocked by clk)
Endpoint: _502_ (recovery check against rising-edge clock clk)
Path Group: **async_default**
Path Type: max

Fanout     Cap    Slew   Delay    Time   Description
-----------------------------------------------------------------------------
                  0.15    0.00    0.00   clock clk (rise edge)
                          0.00    0.00   clock network delay (ideal)
                          2.00    2.00 v input external delay
                  0.01    0.00    2.00 v rst (in)
     1    0.00                           rst (net)
                  0.01    0.00    2.00 v input1/A (sky130_fd_sc_hd__clkbuf_1)
                  0.03    0.07    2.08 v input1/X (sky130_fd_sc_hd__clkbuf_1)
     1    0.00                           net1 (net)
                  0.03    0.00    2.08 v _372_/A (sky130_fd_sc_hd__clkbuf_4)
                  0.08    0.19    2.26 v _372_/X (sky130_fd_sc_hd__clkbuf_4)
    10    0.04                           _199_ (net)
                  0.08    0.00    2.27 v _428_/A (sky130_fd_sc_hd__buf_4)
                  0.08    0.21    2.48 v _428_/X (sky130_fd_sc_hd__buf_4)
    10    0.05                           _205_ (net)
                  0.08    0.00    2.48 v _438_/A (sky130_fd_sc_hd__inv_2)
                  0.06    0.08    2.56 ^ _438_/Y (sky130_fd_sc_hd__inv_2)
     1    0.01                           _092_ (net)
                  0.06    0.00    2.56 ^ _502_/RESET_B (sky130_fd_sc_hd__dfrtp_1)
                                  2.56   data arrival time

                  0.15   10.00   10.00   clock clk (rise edge)
                          0.00   10.00   clock network delay (ideal)
                         -0.25    9.75   clock uncertainty
                          0.00    9.75   clock reconvergence pessimism
                                  9.75 ^ _502_/CLK (sky130_fd_sc_hd__dfrtp_1)
                          0.26   10.01   library recovery time
                                 10.01   data required time
-----------------------------------------------------------------------------
                                 10.01   data required time
                                 -2.56   data arrival time
-----------------------------------------------------------------------------
                                  7.45   slack (MET)


Startpoint: rst (input port clocked by clk)
Endpoint: _469_ (recovery check against rising-edge clock clk)
Path Group: **async_default**
Path Type: max

Fanout     Cap    Slew   Delay    Time   Description
-----------------------------------------------------------------------------
                  0.15    0.00    0.00   clock clk (rise edge)
                          0.00    0.00   clock network delay (ideal)
                          2.00    2.00 v input external delay
                  0.01    0.00    2.00 v rst (in)
     1    0.00                           rst (net)
                  0.01    0.00    2.00 v input1/A (sky130_fd_sc_hd__clkbuf_1)
                  0.03    0.07    2.08 v input1/X (sky130_fd_sc_hd__clkbuf_1)
     1    0.00                           net1 (net)
                  0.03    0.00    2.08 v _372_/A (sky130_fd_sc_hd__clkbuf_4)
                  0.08    0.19    2.26 v _372_/X (sky130_fd_sc_hd__clkbuf_4)
    10    0.04                           _199_ (net)
                  0.08    0.00    2.27 v _395_/A (sky130_fd_sc_hd__buf_4)
                  0.08    0.22    2.49 v _395_/X (sky130_fd_sc_hd__buf_4)
    10    0.06                           _202_ (net)
                  0.08    0.00    2.49 v _402_/A (sky130_fd_sc_hd__inv_2)
                  0.05    0.08    2.56 ^ _402_/Y (sky130_fd_sc_hd__inv_2)
     1    0.01                           _059_ (net)
                  0.05    0.00    2.56 ^ _469_/RESET_B (sky130_fd_sc_hd__dfrtp_1)
                                  2.56   data arrival time

                  0.15   10.00   10.00   clock clk (rise edge)
                          0.00   10.00   clock network delay (ideal)
                         -0.25    9.75   clock uncertainty
                          0.00    9.75   clock reconvergence pessimism
                                  9.75 ^ _469_/CLK (sky130_fd_sc_hd__dfrtp_1)
                          0.26   10.01   library recovery time
                                 10.01   data required time
-----------------------------------------------------------------------------
                                 10.01   data required time
                                 -2.56   data arrival time
-----------------------------------------------------------------------------
                                  7.45   slack (MET)


Startpoint: y (input port clocked by clk)
Endpoint: _499_ (rising edge-triggered flip-flop clocked by clk)
Path Group: clk
Path Type: max

Fanout     Cap    Slew   Delay    Time   Description
-----------------------------------------------------------------------------
                  0.15    0.00    0.00   clock clk (rise edge)
                          0.00    0.00   clock network delay (ideal)
                          2.00    2.00 ^ input external delay
                  0.02    0.01    2.01 ^ y (in)
     1    0.00                           y (net)
                  0.02    0.00    2.01 ^ input34/A (sky130_fd_sc_hd__clkbuf_1)
                  0.04    0.07    2.09 ^ input34/X (sky130_fd_sc_hd__clkbuf_1)
     1    0.00                           net34 (net)
                  0.04    0.00    2.09 ^ _206_/A (sky130_fd_sc_hd__buf_2)
                  0.15    0.19    2.28 ^ _206_/X (sky130_fd_sc_hd__buf_2)
    10    0.03                           _097_ (net)
                  0.15    0.00    2.28 ^ _207_/A (sky130_fd_sc_hd__buf_2)
                  0.16    0.24    2.52 ^ _207_/X (sky130_fd_sc_hd__buf_2)
    10    0.03                           _098_ (net)
                  0.16    0.00    2.52 ^ _316_/A (sky130_fd_sc_hd__buf_2)
                  0.17    0.25    2.76 ^ _316_/X (sky130_fd_sc_hd__buf_2)
    10    0.03                           _165_ (net)
                  0.17    0.00    2.77 ^ _354_/A1 (sky130_fd_sc_hd__a31o_1)
                  0.09    0.20    2.97 ^ _354_/X (sky130_fd_sc_hd__a31o_1)
     1    0.01                           _019_ (net)
                  0.09    0.00    2.97 ^ _499_/D (sky130_fd_sc_hd__dfrtp_1)
                                  2.97   data arrival time

                  0.15   10.00   10.00   clock clk (rise edge)
                          0.00   10.00   clock network delay (ideal)
                         -0.25    9.75   clock uncertainty
                          0.00    9.75   clock reconvergence pessimism
                                  9.75 ^ _499_/CLK (sky130_fd_sc_hd__dfrtp_1)
                         -0.05    9.70   library setup time
                                  9.70   data required time
-----------------------------------------------------------------------------
                                  9.70   data required time
                                 -2.97   data arrival time
-----------------------------------------------------------------------------
                                  6.73   slack (MET)


Startpoint: y (input port clocked by clk)
Endpoint: _465_ (rising edge-triggered flip-flop clocked by clk)
Path Group: clk
Path Type: max

Fanout     Cap    Slew   Delay    Time   Description
-----------------------------------------------------------------------------
                  0.15    0.00    0.00   clock clk (rise edge)
                          0.00    0.00   clock network delay (ideal)
                          2.00    2.00 ^ input external delay
                  0.02    0.01    2.01 ^ y (in)
     1    0.00                           y (net)
                  0.02    0.00    2.01 ^ input34/A (sky130_fd_sc_hd__clkbuf_1)
                  0.04    0.07    2.09 ^ input34/X (sky130_fd_sc_hd__clkbuf_1)
     1    0.00                           net34 (net)
                  0.04    0.00    2.09 ^ _206_/A (sky130_fd_sc_hd__buf_2)
                  0.15    0.19    2.28 ^ _206_/X (sky130_fd_sc_hd__buf_2)
    10    0.03                           _097_ (net)
                  0.15    0.00    2.28 ^ _207_/A (sky130_fd_sc_hd__buf_2)
                  0.16    0.24    2.52 ^ _207_/X (sky130_fd_sc_hd__buf_2)
    10    0.03                           _098_ (net)
                  0.16    0.00    2.52 ^ _264_/A (sky130_fd_sc_hd__buf_2)
                  0.16    0.24    2.76 ^ _264_/X (sky130_fd_sc_hd__buf_2)
    10    0.03                           _133_ (net)
                  0.16    0.00    2.76 ^ _267_/A1 (sky130_fd_sc_hd__a31o_1)
                  0.10    0.21    2.96 ^ _267_/X (sky130_fd_sc_hd__a31o_1)
     1    0.01                           _001_ (net)
                  0.10    0.00    2.96 ^ _465_/D (sky130_fd_sc_hd__dfrtp_1)
                                  2.96   data arrival time

                  0.15   10.00   10.00   clock clk (rise edge)
                          0.00   10.00   clock network delay (ideal)
                         -0.25    9.75   clock uncertainty
                          0.00    9.75   clock reconvergence pessimism
                                  9.75 ^ _465_/CLK (sky130_fd_sc_hd__dfrtp_1)
                         -0.06    9.69   library setup time
                                  9.69   data required time
-----------------------------------------------------------------------------
                                  9.69   data required time
                                 -2.96   data arrival time
-----------------------------------------------------------------------------
                                  6.73   slack (MET)


Startpoint: y (input port clocked by clk)
Endpoint: _443_ (rising edge-triggered flip-flop clocked by clk)
Path Group: clk
Path Type: max

Fanout     Cap    Slew   Delay    Time   Description
-----------------------------------------------------------------------------
                  0.15    0.00    0.00   clock clk (rise edge)
                          0.00    0.00   clock network delay (ideal)
                          2.00    2.00 ^ input external delay
                  0.02    0.01    2.01 ^ y (in)
     1    0.00                           y (net)
                  0.02    0.00    2.01 ^ input34/A (sky130_fd_sc_hd__clkbuf_1)
                  0.04    0.07    2.09 ^ input34/X (sky130_fd_sc_hd__clkbuf_1)
     1    0.00                           net34 (net)
                  0.04    0.00    2.09 ^ _206_/A (sky130_fd_sc_hd__buf_2)
                  0.15    0.19    2.28 ^ _206_/X (sky130_fd_sc_hd__buf_2)
    10    0.03                           _097_ (net)
                  0.15    0.00    2.28 ^ _207_/A (sky130_fd_sc_hd__buf_2)
                  0.16    0.24    2.52 ^ _207_/X (sky130_fd_sc_hd__buf_2)
    10    0.03                           _098_ (net)
                  0.16    0.00    2.52 ^ _208_/A (sky130_fd_sc_hd__buf_2)
                  0.18    0.25    2.77 ^ _208_/X (sky130_fd_sc_hd__buf_2)
    10    0.04                           _099_ (net)
                  0.18    0.00    2.77 ^ _211_/A1 (sky130_fd_sc_hd__a31o_1)
                  0.08    0.20    2.97 ^ _211_/X (sky130_fd_sc_hd__a31o_1)
     1    0.01                           _000_ (net)
                  0.08    0.00    2.97 ^ _443_/D (sky130_fd_sc_hd__dfrtp_1)
                                  2.97   data arrival time

                  0.15   10.00   10.00   clock clk (rise edge)
                          0.00   10.00   clock network delay (ideal)
                         -0.25    9.75   clock uncertainty
                          0.00    9.75   clock reconvergence pessimism
                                  9.75 ^ _443_/CLK (sky130_fd_sc_hd__dfrtp_1)
                         -0.05    9.70   library setup time
                                  9.70   data required time
-----------------------------------------------------------------------------
                                  9.70   data required time
                                 -2.97   data arrival time
-----------------------------------------------------------------------------
                                  6.73   slack (MET)


Startpoint: y (input port clocked by clk)
Endpoint: _493_ (rising edge-triggered flip-flop clocked by clk)
Path Group: clk
Path Type: max

Fanout     Cap    Slew   Delay    Time   Description
-----------------------------------------------------------------------------
                  0.15    0.00    0.00   clock clk (rise edge)
                          0.00    0.00   clock network delay (ideal)
                          2.00    2.00 ^ input external delay
                  0.02    0.01    2.01 ^ y (in)
     1    0.00                           y (net)
                  0.02    0.00    2.01 ^ input34/A (sky130_fd_sc_hd__clkbuf_1)
                  0.04    0.07    2.09 ^ input34/X (sky130_fd_sc_hd__clkbuf_1)
     1    0.00                           net34 (net)
                  0.04    0.00    2.09 ^ _206_/A (sky130_fd_sc_hd__buf_2)
                  0.15    0.19    2.28 ^ _206_/X (sky130_fd_sc_hd__buf_2)
    10    0.03                           _097_ (net)
                  0.15    0.00    2.28 ^ _207_/A (sky130_fd_sc_hd__buf_2)
                  0.16    0.24    2.52 ^ _207_/X (sky130_fd_sc_hd__buf_2)
    10    0.03                           _098_ (net)
                  0.16    0.00    2.52 ^ _316_/A (sky130_fd_sc_hd__buf_2)
                  0.17    0.25    2.76 ^ _316_/X (sky130_fd_sc_hd__buf_2)
    10    0.03                           _165_ (net)
                  0.17    0.00    2.77 ^ _339_/A1 (sky130_fd_sc_hd__a31o_1)
                  0.08    0.20    2.96 ^ _339_/X (sky130_fd_sc_hd__a31o_1)
     1    0.01                           _016_ (net)
                  0.08    0.00    2.96 ^ _493_/D (sky130_fd_sc_hd__dfrtp_1)
                                  2.96   data arrival time

                  0.15   10.00   10.00   clock clk (rise edge)
                          0.00   10.00   clock network delay (ideal)
                         -0.25    9.75   clock uncertainty
                          0.00    9.75   clock reconvergence pessimism
                                  9.75 ^ _493_/CLK (sky130_fd_sc_hd__dfrtp_1)
                         -0.05    9.70   library setup time
                                  9.70   data required time
-----------------------------------------------------------------------------
                                  9.70   data required time
                                 -2.96   data arrival time
-----------------------------------------------------------------------------
                                  6.73   slack (MET)


Startpoint: y (input port clocked by clk)
Endpoint: _477_ (rising edge-triggered flip-flop clocked by clk)
Path Group: clk
Path Type: max

Fanout     Cap    Slew   Delay    Time   Description
-----------------------------------------------------------------------------
                  0.15    0.00    0.00   clock clk (rise edge)
                          0.00    0.00   clock network delay (ideal)
                          2.00    2.00 ^ input external delay
                  0.02    0.01    2.01 ^ y (in)
     1    0.00                           y (net)
                  0.02    0.00    2.01 ^ input34/A (sky130_fd_sc_hd__clkbuf_1)
                  0.04    0.07    2.09 ^ input34/X (sky130_fd_sc_hd__clkbuf_1)
     1    0.00                           net34 (net)
                  0.04    0.00    2.09 ^ _206_/A (sky130_fd_sc_hd__buf_2)
                  0.15    0.19    2.28 ^ _206_/X (sky130_fd_sc_hd__buf_2)
    10    0.03                           _097_ (net)
                  0.15    0.00    2.28 ^ _207_/A (sky130_fd_sc_hd__buf_2)
                  0.16    0.24    2.52 ^ _207_/X (sky130_fd_sc_hd__buf_2)
    10    0.03                           _098_ (net)
                  0.16    0.00    2.52 ^ _264_/A (sky130_fd_sc_hd__buf_2)
                  0.16    0.24    2.76 ^ _264_/X (sky130_fd_sc_hd__buf_2)
    10    0.03                           _133_ (net)
                  0.16    0.00    2.76 ^ _297_/A1 (sky130_fd_sc_hd__a31o_1)
                  0.09    0.20    2.96 ^ _297_/X (sky130_fd_sc_hd__a31o_1)
     1    0.01                           _007_ (net)
                  0.09    0.00    2.96 ^ _477_/D (sky130_fd_sc_hd__dfrtp_1)
                                  2.96   data arrival time

                  0.15   10.00   10.00   clock clk (rise edge)
                          0.00   10.00   clock network delay (ideal)
                         -0.25    9.75   clock uncertainty
                          0.00    9.75   clock reconvergence pessimism
                                  9.75 ^ _477_/CLK (sky130_fd_sc_hd__dfrtp_1)
                         -0.05    9.70   library setup time
                                  9.70   data required time
-----------------------------------------------------------------------------
                                  9.70   data required time
                                 -2.96   data arrival time
-----------------------------------------------------------------------------
                                  6.74   slack (MET)


max_report_end
check_report

===========================================================================
report_checks -unconstrained
============================================================================
Startpoint: rst (input port clocked by clk)
Endpoint: _482_ (recovery check against rising-edge clock clk)
Path Group: **async_default**
Path Type: max

Fanout     Cap    Slew   Delay    Time   Description
-----------------------------------------------------------------------------
                  0.15    0.00    0.00   clock clk (rise edge)
                          0.00    0.00   clock network delay (ideal)
                          2.00    2.00 v input external delay
                  0.01    0.00    2.00 v rst (in)
     1    0.00                           rst (net)
                  0.01    0.00    2.00 v input1/A (sky130_fd_sc_hd__clkbuf_1)
                  0.03    0.07    2.08 v input1/X (sky130_fd_sc_hd__clkbuf_1)
     1    0.00                           net1 (net)
                  0.03    0.00    2.08 v _372_/A (sky130_fd_sc_hd__clkbuf_4)
                  0.08    0.19    2.26 v _372_/X (sky130_fd_sc_hd__clkbuf_4)
    10    0.04                           _199_ (net)
                  0.08    0.00    2.26 v _406_/A (sky130_fd_sc_hd__buf_4)
                  0.09    0.22    2.49 v _406_/X (sky130_fd_sc_hd__buf_4)
    10    0.06                           _203_ (net)
                  0.09    0.00    2.49 v _416_/A (sky130_fd_sc_hd__inv_2)
                  0.05    0.08    2.57 ^ _416_/Y (sky130_fd_sc_hd__inv_2)
     1    0.01                           _072_ (net)
                  0.05    0.00    2.57 ^ _482_/RESET_B (sky130_fd_sc_hd__dfrtp_1)
                                  2.57   data arrival time

                  0.15   10.00   10.00   clock clk (rise edge)
                          0.00   10.00   clock network delay (ideal)
                         -0.25    9.75   clock uncertainty
                          0.00    9.75   clock reconvergence pessimism
                                  9.75 ^ _482_/CLK (sky130_fd_sc_hd__dfrtp_1)
                          0.26   10.01   library recovery time
                                 10.01   data required time
-----------------------------------------------------------------------------
                                 10.01   data required time
                                 -2.57   data arrival time
-----------------------------------------------------------------------------
                                  7.44   slack (MET)


Startpoint: y (input port clocked by clk)
Endpoint: _499_ (rising edge-triggered flip-flop clocked by clk)
Path Group: clk
Path Type: max

Fanout     Cap    Slew   Delay    Time   Description
-----------------------------------------------------------------------------
                  0.15    0.00    0.00   clock clk (rise edge)
                          0.00    0.00   clock network delay (ideal)
                          2.00    2.00 ^ input external delay
                  0.02    0.01    2.01 ^ y (in)
     1    0.00                           y (net)
                  0.02    0.00    2.01 ^ input34/A (sky130_fd_sc_hd__clkbuf_1)
                  0.04    0.07    2.09 ^ input34/X (sky130_fd_sc_hd__clkbuf_1)
     1    0.00                           net34 (net)
                  0.04    0.00    2.09 ^ _206_/A (sky130_fd_sc_hd__buf_2)
                  0.15    0.19    2.28 ^ _206_/X (sky130_fd_sc_hd__buf_2)
    10    0.03                           _097_ (net)
                  0.15    0.00    2.28 ^ _207_/A (sky130_fd_sc_hd__buf_2)
                  0.16    0.24    2.52 ^ _207_/X (sky130_fd_sc_hd__buf_2)
    10    0.03                           _098_ (net)
                  0.16    0.00    2.52 ^ _316_/A (sky130_fd_sc_hd__buf_2)
                  0.17    0.25    2.76 ^ _316_/X (sky130_fd_sc_hd__buf_2)
    10    0.03                           _165_ (net)
                  0.17    0.00    2.77 ^ _354_/A1 (sky130_fd_sc_hd__a31o_1)
                  0.09    0.20    2.97 ^ _354_/X (sky130_fd_sc_hd__a31o_1)
     1    0.01                           _019_ (net)
                  0.09    0.00    2.97 ^ _499_/D (sky130_fd_sc_hd__dfrtp_1)
                                  2.97   data arrival time

                  0.15   10.00   10.00   clock clk (rise edge)
                          0.00   10.00   clock network delay (ideal)
                         -0.25    9.75   clock uncertainty
                          0.00    9.75   clock reconvergence pessimism
                                  9.75 ^ _499_/CLK (sky130_fd_sc_hd__dfrtp_1)
                         -0.05    9.70   library setup time
                                  9.70   data required time
-----------------------------------------------------------------------------
                                  9.70   data required time
                                 -2.97   data arrival time
-----------------------------------------------------------------------------
                                  6.73   slack (MET)



===========================================================================
report_checks --slack_max -0.01
============================================================================
No paths found.
check_report_end
check_slew

===========================================================================
 report_check_types -max_slew -max_cap -max_fanout -violators
============================================================================

===========================================================================
max slew violation count 0
max fanout violation count 0
max cap violation count 0
============================================================================
check_slew_end
tns_report

===========================================================================
 report_tns
============================================================================
tns 0.00
tns_report_end
wns_report

===========================================================================
 report_wns
============================================================================
wns 0.00
wns_report_end
worst_slack

===========================================================================
 report_worst_slack -max (Setup)
============================================================================
worst slack 6.73

===========================================================================
 report_worst_slack -min (Hold)
============================================================================
worst slack 0.24
worst_slack_end
clock_skew

===========================================================================
 report_clock_skew
============================================================================
Clock clk
Latency      CRPR       Skew
_443_/CLK ^
   0.39
_443_/CLK ^
   0.35      0.00       0.04

clock_skew_end
power_report

===========================================================================
 report_power
============================================================================
Group                  Internal  Switching    Leakage      Total
                          Power      Power      Power      Power (Watts)
----------------------------------------------------------------
Sequential             2.75e-04   1.53e-05   5.59e-10   2.90e-04  76.3%
Combinational          3.98e-05   5.02e-05   1.07e-09   8.99e-05  23.7%
Macro                  0.00e+00   0.00e+00   0.00e+00   0.00e+00   0.0%
Pad                    0.00e+00   0.00e+00   0.00e+00   0.00e+00   0.0%
----------------------------------------------------------------
Total                  3.15e-04   6.55e-05   1.63e-09   3.80e-04 100.0%
                          82.8%      17.2%       0.0%
power_report_end
area_report

===========================================================================
 report_design_area
============================================================================
Design area 3392 u^2 42% utilization.
area_report_end
Setting global connections for newly added cells...
Writing OpenROAD database to /openlane/designs/spm/runs/tmp/placement/8-resizer.odb...
Writing netlist to /openlane/designs/spm/runs/tmp/placement/8-resizer.nl.v...
Writing powered netlist to /openlane/designs/spm/runs/tmp/placement/8-resizer.pnl.v...
Writing layout to /openlane/designs/spm/runs/tmp/placement/8-resizer.def...
Writing timing constraints to /openlane/designs/spm/runs/tmp/placement/8-resizer.sdc...
