OpenROAD 127815b81a8624caebc06d0bedc2ea3a22e90500 
This program is licensed under the BSD-3 license. See the LICENSE file for details.
Components of this program may be licensed under more restrictive licenses which must be honored.
Placement Analysis
---------------------------------
total displacement          0.0 u
average displacement        0.0 u
max displacement            0.0 u
original HPWL           13273.4 u
legalized HPWL          13590.4 u
delta HPWL                    2 %

[INFO DPL-0020] Mirrored 168 instances
[INFO DPL-0021] HPWL before           13590.4 u
[INFO DPL-0022] HPWL after            13273.4 u
[INFO DPL-0023] HPWL delta               -2.3 %
Setting global connections for newly added cells...
Writing OpenROAD database to /openlane/designs/spm/runs/tmp/routing/diode.odb...
Writing netlist to /openlane/designs/spm/runs/tmp/routing/diode.nl.v...
Writing powered netlist to /openlane/designs/spm/runs/tmp/routing/diode.pnl.v...
Writing layout to /openlane/designs/spm/runs/tmp/routing/diode.def...
