
===========================================================================
report_checks -path_delay min (Hold)
============================================================================
Startpoint: rst (input port clocked by clk)
Endpoint: _506_ (removal check against rising-edge clock clk)
Path Group: **async_default**
Path Type: min

Fanout     Cap    Slew   Delay    Time   Description
-----------------------------------------------------------------------------
                  0.15    0.00    0.00   clock clk (rise edge)
                          0.00    0.00   clock network delay (ideal)
                          2.00    2.00 v input external delay
                  0.01    0.00    2.00 v rst (in)
     1    0.00                           rst (net)
                  0.01    0.00    2.00 v input1/A (sky130_fd_sc_hd__clkbuf_1)
                  0.03    0.07    2.07 v input1/X (sky130_fd_sc_hd__clkbuf_1)
     1    0.00                           net1 (net)
                  0.03    0.00    2.07 v _372_/A (sky130_fd_sc_hd__clkbuf_4)
                  0.08    0.17    2.24 v _372_/X (sky130_fd_sc_hd__clkbuf_4)
    10    0.04                           _199_ (net)
                  0.08    0.00    2.24 v _442_/A (sky130_fd_sc_hd__inv_2)
                  0.04    0.06    2.30 ^ _442_/Y (sky130_fd_sc_hd__inv_2)
     1    0.01                           _096_ (net)
                  0.04    0.00    2.30 ^ _506_/RESET_B (sky130_fd_sc_hd__dfrtp_1)
                                  2.30   data arrival time

                  0.15    0.00    0.00   clock clk (rise edge)
                          0.00    0.00   clock network delay (ideal)
                          0.25    0.25   clock uncertainty
                          0.00    0.25   clock reconvergence pessimism
                                  0.25 ^ _506_/CLK (sky130_fd_sc_hd__dfrtp_1)
                          0.35    0.60   library removal time
                                  0.60   data required time
-----------------------------------------------------------------------------
                                  0.60   data required time
                                 -2.30   data arrival time
-----------------------------------------------------------------------------
                                  1.70   slack (MET)


Startpoint: rst (input port clocked by clk)
Endpoint: _504_ (removal check against rising-edge clock clk)
Path Group: **async_default**
Path Type: min

Fanout     Cap    Slew   Delay    Time   Description
-----------------------------------------------------------------------------
                  0.15    0.00    0.00   clock clk (rise edge)
                          0.00    0.00   clock network delay (ideal)
                          2.00    2.00 v input external delay
                  0.01    0.00    2.00 v rst (in)
     1    0.00                           rst (net)
                  0.01    0.00    2.00 v input1/A (sky130_fd_sc_hd__clkbuf_1)
                  0.03    0.07    2.07 v input1/X (sky130_fd_sc_hd__clkbuf_1)
     1    0.00                           net1 (net)
                  0.03    0.00    2.07 v _372_/A (sky130_fd_sc_hd__clkbuf_4)
                  0.08    0.17    2.24 v _372_/X (sky130_fd_sc_hd__clkbuf_4)
    10    0.04                           _199_ (net)
                  0.08    0.00    2.24 v _440_/A (sky130_fd_sc_hd__inv_2)
                  0.04    0.06    2.30 ^ _440_/Y (sky130_fd_sc_hd__inv_2)
     1    0.01                           _094_ (net)
                  0.04    0.00    2.30 ^ _504_/RESET_B (sky130_fd_sc_hd__dfrtp_1)
                                  2.30   data arrival time

                  0.15    0.00    0.00   clock clk (rise edge)
                          0.00    0.00   clock network delay (ideal)
                          0.25    0.25   clock uncertainty
                          0.00    0.25   clock reconvergence pessimism
                                  0.25 ^ _504_/CLK (sky130_fd_sc_hd__dfrtp_1)
                          0.35    0.60   library removal time
                                  0.60   data required time
-----------------------------------------------------------------------------
                                  0.60   data required time
                                 -2.30   data arrival time
-----------------------------------------------------------------------------
                                  1.71   slack (MET)


Startpoint: rst (input port clocked by clk)
Endpoint: _503_ (removal check against rising-edge clock clk)
Path Group: **async_default**
Path Type: min

Fanout     Cap    Slew   Delay    Time   Description
-----------------------------------------------------------------------------
                  0.15    0.00    0.00   clock clk (rise edge)
                          0.00    0.00   clock network delay (ideal)
                          2.00    2.00 v input external delay
                  0.01    0.00    2.00 v rst (in)
     1    0.00                           rst (net)
                  0.01    0.00    2.00 v input1/A (sky130_fd_sc_hd__clkbuf_1)
                  0.03    0.07    2.07 v input1/X (sky130_fd_sc_hd__clkbuf_1)
     1    0.00                           net1 (net)
                  0.03    0.00    2.07 v _372_/A (sky130_fd_sc_hd__clkbuf_4)
                  0.08    0.17    2.24 v _372_/X (sky130_fd_sc_hd__clkbuf_4)
    10    0.04                           _199_ (net)
                  0.08    0.00    2.24 v _439_/A (sky130_fd_sc_hd__inv_2)
                  0.05    0.07    2.31 ^ _439_/Y (sky130_fd_sc_hd__inv_2)
     1    0.01                           _093_ (net)
                  0.05    0.00    2.31 ^ _503_/RESET_B (sky130_fd_sc_hd__dfrtp_1)
                                  2.31   data arrival time

                  0.15    0.00    0.00   clock clk (rise edge)
                          0.00    0.00   clock network delay (ideal)
                          0.25    0.25   clock uncertainty
                          0.00    0.25   clock reconvergence pessimism
                                  0.25 ^ _503_/CLK (sky130_fd_sc_hd__dfrtp_1)
                          0.35    0.60   library removal time
                                  0.60   data required time
-----------------------------------------------------------------------------
                                  0.60   data required time
                                 -2.31   data arrival time
-----------------------------------------------------------------------------
                                  1.71   slack (MET)


Startpoint: rst (input port clocked by clk)
Endpoint: _505_ (removal check against rising-edge clock clk)
Path Group: **async_default**
Path Type: min

Fanout     Cap    Slew   Delay    Time   Description
-----------------------------------------------------------------------------
                  0.15    0.00    0.00   clock clk (rise edge)
                          0.00    0.00   clock network delay (ideal)
                          2.00    2.00 v input external delay
                  0.01    0.00    2.00 v rst (in)
     1    0.00                           rst (net)
                  0.01    0.00    2.00 v input1/A (sky130_fd_sc_hd__clkbuf_1)
                  0.03    0.07    2.07 v input1/X (sky130_fd_sc_hd__clkbuf_1)
     1    0.00                           net1 (net)
                  0.03    0.00    2.07 v _372_/A (sky130_fd_sc_hd__clkbuf_4)
                  0.08    0.17    2.24 v _372_/X (sky130_fd_sc_hd__clkbuf_4)
    10    0.04                           _199_ (net)
                  0.08    0.00    2.24 v _441_/A (sky130_fd_sc_hd__inv_2)
                  0.06    0.08    2.32 ^ _441_/Y (sky130_fd_sc_hd__inv_2)
     1    0.01                           _095_ (net)
                  0.06    0.00    2.32 ^ _505_/RESET_B (sky130_fd_sc_hd__dfrtp_2)
                                  2.32   data arrival time

                  0.15    0.00    0.00   clock clk (rise edge)
                          0.00    0.00   clock network delay (ideal)
                          0.25    0.25   clock uncertainty
                          0.00    0.25   clock reconvergence pessimism
                                  0.25 ^ _505_/CLK (sky130_fd_sc_hd__dfrtp_2)
                          0.35    0.60   library removal time
                                  0.60   data required time
-----------------------------------------------------------------------------
                                  0.60   data required time
                                 -2.32   data arrival time
-----------------------------------------------------------------------------
                                  1.71   slack (MET)


Startpoint: rst (input port clocked by clk)
Endpoint: _448_ (removal check against rising-edge clock clk)
Path Group: **async_default**
Path Type: min

Fanout     Cap    Slew   Delay    Time   Description
-----------------------------------------------------------------------------
                  0.15    0.00    0.00   clock clk (rise edge)
                          0.00    0.00   clock network delay (ideal)
                          2.00    2.00 v input external delay
                  0.01    0.00    2.00 v rst (in)
     1    0.00                           rst (net)
                  0.01    0.00    2.00 v input1/A (sky130_fd_sc_hd__clkbuf_1)
                  0.03    0.07    2.07 v input1/X (sky130_fd_sc_hd__clkbuf_1)
     1    0.00                           net1 (net)
                  0.03    0.00    2.07 v _372_/A (sky130_fd_sc_hd__clkbuf_4)
                  0.08    0.17    2.24 v _372_/X (sky130_fd_sc_hd__clkbuf_4)
    10    0.04                           _199_ (net)
                  0.08    0.00    2.24 v _373_/A (sky130_fd_sc_hd__buf_4)
                  0.08    0.19    2.43 v _373_/X (sky130_fd_sc_hd__buf_4)
    10    0.05                           _200_ (net)
                  0.08    0.00    2.43 v _379_/A (sky130_fd_sc_hd__inv_2)
                  0.03    0.05    2.48 ^ _379_/Y (sky130_fd_sc_hd__inv_2)
     1    0.00                           _038_ (net)
                  0.03    0.00    2.48 ^ _448_/RESET_B (sky130_fd_sc_hd__dfrtp_1)
                                  2.48   data arrival time

                  0.15    0.00    0.00   clock clk (rise edge)
                          0.00    0.00   clock network delay (ideal)
                          0.25    0.25   clock uncertainty
                          0.00    0.25   clock reconvergence pessimism
                                  0.25 ^ _448_/CLK (sky130_fd_sc_hd__dfrtp_1)
                          0.35    0.60   library removal time
                                  0.60   data required time
-----------------------------------------------------------------------------
                                  0.60   data required time
                                 -2.48   data arrival time
-----------------------------------------------------------------------------
                                  1.89   slack (MET)


Startpoint: _445_ (rising edge-triggered flip-flop clocked by clk)
Endpoint: _445_ (rising edge-triggered flip-flop clocked by clk)
Path Group: clk
Path Type: min

Fanout     Cap    Slew   Delay    Time   Description
-----------------------------------------------------------------------------
                  0.15    0.00    0.00   clock clk (rise edge)
                          0.00    0.00   clock network delay (ideal)
                  0.15    0.00    0.00 ^ _445_/CLK (sky130_fd_sc_hd__dfrtp_1)
                  0.08    0.36    0.36 ^ _445_/Q (sky130_fd_sc_hd__dfrtp_1)
     2    0.01                           tcmp.z (net)
                  0.08    0.00    0.36 ^ _214_/B1 (sky130_fd_sc_hd__a21o_1)
                  0.06    0.10    0.46 ^ _214_/X (sky130_fd_sc_hd__a21o_1)
     2    0.01                           _032_ (net)
                  0.06    0.00    0.46 ^ _445_/D (sky130_fd_sc_hd__dfrtp_1)
                                  0.46   data arrival time

                  0.15    0.00    0.00   clock clk (rise edge)
                          0.00    0.00   clock network delay (ideal)
                          0.25    0.25   clock uncertainty
                          0.00    0.25   clock reconvergence pessimism
                                  0.25 ^ _445_/CLK (sky130_fd_sc_hd__dfrtp_1)
                         -0.02    0.23   library hold time
                                  0.23   data required time
-----------------------------------------------------------------------------
                                  0.23   data required time
                                 -0.46   data arrival time
-----------------------------------------------------------------------------
                                  0.24   slack (MET)


Startpoint: _467_ (rising edge-triggered flip-flop clocked by clk)
Endpoint: _467_ (rising edge-triggered flip-flop clocked by clk)
Path Group: clk
Path Type: min

Fanout     Cap    Slew   Delay    Time   Description
-----------------------------------------------------------------------------
                  0.15    0.00    0.00   clock clk (rise edge)
                          0.00    0.00   clock network delay (ideal)
                  0.15    0.00    0.00 ^ _467_/CLK (sky130_fd_sc_hd__dfrtp_1)
                  0.08    0.37    0.37 ^ _467_/Q (sky130_fd_sc_hd__dfrtp_1)
     2    0.01                           genblk1[11].csa.sc (net)
                  0.08    0.00    0.37 ^ _271_/A (sky130_fd_sc_hd__and2_1)
                  0.05    0.12    0.48 ^ _271_/X (sky130_fd_sc_hd__and2_1)
     1    0.00                           _138_ (net)
                  0.05    0.00    0.48 ^ _272_/B1 (sky130_fd_sc_hd__a31o_1)
                  0.05    0.09    0.57 ^ _272_/X (sky130_fd_sc_hd__a31o_1)
     1    0.00                           _002_ (net)
                  0.05    0.00    0.57 ^ _467_/D (sky130_fd_sc_hd__dfrtp_1)
                                  0.57   data arrival time

                  0.15    0.00    0.00   clock clk (rise edge)
                          0.00    0.00   clock network delay (ideal)
                          0.25    0.25   clock uncertainty
                          0.00    0.25   clock reconvergence pessimism
                                  0.25 ^ _467_/CLK (sky130_fd_sc_hd__dfrtp_1)
                         -0.02    0.23   library hold time
                                  0.23   data required time
-----------------------------------------------------------------------------
                                  0.23   data required time
                                 -0.57   data arrival time
-----------------------------------------------------------------------------
                                  0.34   slack (MET)


Startpoint: _455_ (rising edge-triggered flip-flop clocked by clk)
Endpoint: _455_ (rising edge-triggered flip-flop clocked by clk)
Path Group: clk
Path Type: min

Fanout     Cap    Slew   Delay    Time   Description
-----------------------------------------------------------------------------
                  0.15    0.00    0.00   clock clk (rise edge)
                          0.00    0.00   clock network delay (ideal)
                  0.15    0.00    0.00 ^ _455_/CLK (sky130_fd_sc_hd__dfrtp_1)
                  0.08    0.36    0.36 ^ _455_/Q (sky130_fd_sc_hd__dfrtp_1)
     2    0.01                           genblk1[5].csa.sc (net)
                  0.08    0.00    0.36 ^ _239_/A (sky130_fd_sc_hd__and2_1)
                  0.05    0.12    0.48 ^ _239_/X (sky130_fd_sc_hd__and2_1)
     1    0.00                           _118_ (net)
                  0.05    0.00    0.48 ^ _240_/B1 (sky130_fd_sc_hd__a31o_1)
                  0.05    0.09    0.57 ^ _240_/X (sky130_fd_sc_hd__a31o_1)
     1    0.00                           _026_ (net)
                  0.05    0.00    0.57 ^ _455_/D (sky130_fd_sc_hd__dfrtp_1)
                                  0.57   data arrival time

                  0.15    0.00    0.00   clock clk (rise edge)
                          0.00    0.00   clock network delay (ideal)
                          0.25    0.25   clock uncertainty
                          0.00    0.25   clock reconvergence pessimism
                                  0.25 ^ _455_/CLK (sky130_fd_sc_hd__dfrtp_1)
                         -0.02    0.23   library hold time
                                  0.23   data required time
-----------------------------------------------------------------------------
                                  0.23   data required time
                                 -0.57   data arrival time
-----------------------------------------------------------------------------
                                  0.34   slack (MET)


Startpoint: _467_ (rising edge-triggered flip-flop clocked by clk)
Endpoint: _468_ (rising edge-triggered flip-flop clocked by clk)
Path Group: clk
Path Type: min

Fanout     Cap    Slew   Delay    Time   Description
-----------------------------------------------------------------------------
                  0.15    0.00    0.00   clock clk (rise edge)
                          0.00    0.00   clock network delay (ideal)
                  0.15    0.00    0.00 ^ _467_/CLK (sky130_fd_sc_hd__dfrtp_1)
                  0.08    0.37    0.37 ^ _467_/Q (sky130_fd_sc_hd__dfrtp_1)
     2    0.01                           genblk1[11].csa.sc (net)
                  0.08    0.00    0.37 ^ _270_/A (sky130_fd_sc_hd__xor2_1)
                  0.06    0.09    0.46 v _270_/X (sky130_fd_sc_hd__xor2_1)
     2    0.01                           _137_ (net)
                  0.06    0.00    0.46 v _274_/B (sky130_fd_sc_hd__xnor2_1)
                  0.04    0.12    0.58 v _274_/Y (sky130_fd_sc_hd__xnor2_1)
     1    0.00                           genblk1[11].csa.hsum2 (net)
                  0.04    0.00    0.58 v _468_/D (sky130_fd_sc_hd__dfrtp_1)
                                  0.58   data arrival time

                  0.15    0.00    0.00   clock clk (rise edge)
                          0.00    0.00   clock network delay (ideal)
                          0.25    0.25   clock uncertainty
                          0.00    0.25   clock reconvergence pessimism
                                  0.25 ^ _468_/CLK (sky130_fd_sc_hd__dfrtp_1)
                         -0.02    0.23   library hold time
                                  0.23   data required time
-----------------------------------------------------------------------------
                                  0.23   data required time
                                 -0.58   data arrival time
-----------------------------------------------------------------------------
                                  0.35   slack (MET)


Startpoint: _503_ (rising edge-triggered flip-flop clocked by clk)
Endpoint: _503_ (rising edge-triggered flip-flop clocked by clk)
Path Group: clk
Path Type: min

Fanout     Cap    Slew   Delay    Time   Description
-----------------------------------------------------------------------------
                  0.15    0.00    0.00   clock clk (rise edge)
                          0.00    0.00   clock network delay (ideal)
                  0.15    0.00    0.00 ^ _503_/CLK (sky130_fd_sc_hd__dfrtp_1)
                  0.09    0.37    0.37 ^ _503_/Q (sky130_fd_sc_hd__dfrtp_1)
     2    0.01                           genblk1[29].csa.sc (net)
                  0.09    0.00    0.37 ^ _363_/A (sky130_fd_sc_hd__and2_1)
                  0.05    0.12    0.49 ^ _363_/X (sky130_fd_sc_hd__and2_1)
     1    0.00                           _194_ (net)
                  0.05    0.00    0.49 ^ _364_/B1 (sky130_fd_sc_hd__a31o_1)
                  0.05    0.09    0.58 ^ _364_/X (sky130_fd_sc_hd__a31o_1)
     1    0.00                           _021_ (net)
                  0.05    0.00    0.58 ^ _503_/D (sky130_fd_sc_hd__dfrtp_1)
                                  0.58   data arrival time

                  0.15    0.00    0.00   clock clk (rise edge)
                          0.00    0.00   clock network delay (ideal)
                          0.25    0.25   clock uncertainty
                          0.00    0.25   clock reconvergence pessimism
                                  0.25 ^ _503_/CLK (sky130_fd_sc_hd__dfrtp_1)
                         -0.02    0.23   library hold time
                                  0.23   data required time
-----------------------------------------------------------------------------
                                  0.23   data required time
                                 -0.58   data arrival time
-----------------------------------------------------------------------------
                                  0.35   slack (MET)


