Instance name,  X location,  Y location,  Voltage 
input17, 84.81, 100.64, 1.8
FILLER_30_168, 84.81, 95.2, 1.8
FILLER_31_161, 84.81, 95.2, 1.8
FILLER_31_174, 84.81, 95.2, 1.8
FILLER_32_174, 84.81, 95.2, 1.8
_344_, 84.81, 95.2, 1.8
_356_, 84.81, 95.2, 1.8
input19, 84.81, 95.2, 1.8
input20, 84.81, 95.2, 1.8
input25, 84.81, 95.2, 1.8
FILLER_28_167, 84.81, 89.76, 1.8
FILLER_29_164, 84.81, 89.76, 1.8
FILLER_29_176, 84.81, 89.76, 1.8
FILLER_30_175, 84.81, 89.76, 1.8
_343_, 84.81, 89.76, 1.8
_352_, 84.81, 89.76, 1.8
_354_, 84.81, 89.76, 1.8
_365_, 84.81, 89.76, 1.8
FILLER_26_168, 84.81, 84.32, 1.8
FILLER_27_169, 84.81, 84.32, 1.8
FILLER_27_176, 84.81, 84.32, 1.8
FILLER_28_179, 84.81, 84.32, 1.8
_353_, 84.81, 84.32, 1.8
_355_, 84.81, 84.32, 1.8
_358_, 84.81, 84.32, 1.8
_360_, 84.81, 84.32, 1.8
_361_, 84.81, 84.32, 1.8
_363_, 84.81, 84.32, 1.8
FILLER_25_165, 84.81, 78.88, 1.8
FILLER_25_169, 84.81, 78.88, 1.8
FILLER_25_177, 84.81, 78.88, 1.8
FILLER_26_179, 84.81, 78.88, 1.8
_357_, 84.81, 78.88, 1.8
_359_, 84.81, 78.88, 1.8
_402_, 84.81, 78.88, 1.8
input22, 84.81, 78.88, 1.8
FILLER_22_163, 84.81, 73.44, 1.8
FILLER_24_177, 84.81, 73.44, 1.8
FILLER_24_183, 84.81, 73.44, 1.8
_445_, 84.81, 73.44, 1.8
_498_, 84.81, 73.44, 1.8
input23, 84.81, 73.44, 1.8
ANTENNA_1, 84.81, 68, 1.8
FILLER_20_163, 84.81, 68, 1.8
FILLER_21_161, 84.81, 68, 1.8
_502_, 84.81, 68, 1.8
_505_, 84.81, 68, 1.8
FILLER_16_166, 84.81, 57.12, 1.8
FILLER_17_169, 84.81, 57.12, 1.8
_495_, 84.81, 57.12, 1.8
_501_, 84.81, 57.12, 1.8
FILLER_14_163, 84.81, 51.68, 1.8
_460_, 84.81, 51.68, 1.8
clkbuf_3_7__f_clk, 84.81, 51.68, 1.8
FILLER_12_165, 84.81, 46.24, 1.8
FILLER_13_169, 84.81, 46.24, 1.8
_462_, 84.81, 46.24, 1.8
_504_, 84.81, 46.24, 1.8
FILLER_10_163, 84.81, 40.8, 1.8
FILLER_11_169, 84.81, 40.8, 1.8
_496_, 84.81, 40.8, 1.8
_500_, 84.81, 40.8, 1.8
FILLER_9_174, 84.81, 35.36, 1.8
FILLER_9_181, 84.81, 35.36, 1.8
_432_, 84.81, 35.36, 1.8
_435_, 84.81, 35.36, 1.8
_436_, 84.81, 35.36, 1.8
FILLER_6_163, 84.81, 29.92, 1.8
FILLER_7_169, 84.81, 29.92, 1.8
FILLER_8_179, 84.81, 29.92, 1.8
_393_, 84.81, 29.92, 1.8
_394_, 84.81, 29.92, 1.8
_456_, 84.81, 29.92, 1.8
clkbuf_3_5__f_clk, 84.81, 29.92, 1.8
FILLER_4_165, 84.81, 24.48, 1.8
_461_, 84.81, 24.48, 1.8
_499_, 84.81, 24.48, 1.8
FILLER_2_165, 84.81, 19.04, 1.8
FILLER_3_174, 84.81, 19.04, 1.8
FILLER_3_181, 84.81, 19.04, 1.8
_385_, 84.81, 19.04, 1.8
_429_, 84.81, 19.04, 1.8
_433_, 84.81, 19.04, 1.8
FILLER_0_169, 84.81, 13.6, 1.8
FILLER_0_182, 84.81, 13.6, 1.8
FILLER_1_162, 84.81, 13.6, 1.8
FILLER_1_176, 84.81, 13.6, 1.8
FILLER_2_181, 84.81, 13.6, 1.8
_249_, 84.81, 13.6, 1.8
_250_, 84.81, 13.6, 1.8
_384_, 84.81, 13.6, 1.8
_428_, 84.81, 13.6, 1.8
FILLER_32_118, 62.155, 100.64, 1.8
input10, 62.155, 100.64, 1.8
input11, 62.155, 100.64, 1.8
FILLER_30_115, 62.155, 95.2, 1.8
FILLER_31_118, 62.155, 95.2, 1.8
FILLER_31_125, 62.155, 95.2, 1.8
FILLER_32_125, 62.155, 95.2, 1.8
FILLER_32_132, 62.155, 95.2, 1.8
_335_, 62.155, 95.2, 1.8
_345_, 62.155, 95.2, 1.8
_347_, 62.155, 95.2, 1.8
_351_, 62.155, 95.2, 1.8
input12, 62.155, 95.2, 1.8
FILLER_28_113, 62.155, 89.76, 1.8
FILLER_29_125, 62.155, 89.76, 1.8
FILLER_29_134, 62.155, 89.76, 1.8
FILLER_30_126, 62.155, 89.76, 1.8
_340_, 62.155, 89.76, 1.8
_348_, 62.155, 89.76, 1.8
_349_, 62.155, 89.76, 1.8
FILLER_27_122, 62.155, 84.32, 1.8
FILLER_27_134, 62.155, 84.32, 1.8
FILLER_28_131, 62.155, 84.32, 1.8
_337_, 62.155, 84.32, 1.8
_341_, 62.155, 84.32, 1.8
FILLER_25_125, 62.155, 78.88, 1.8
FILLER_25_133, 62.155, 78.88, 1.8
FILLER_23_135, 62.155, 73.44, 1.8
_490_, 62.155, 73.44, 1.8
FILLER_19_135, 62.155, 62.56, 1.8
FILLER_20_133, 62.155, 62.56, 1.8
_483_, 62.155, 62.56, 1.8
clkbuf_0_clk, 62.155, 57.12, 1.8
FILLER_14_114, 62.155, 51.68, 1.8
FILLER_15_135, 62.155, 51.68, 1.8
_453_, 62.155, 51.68, 1.8
_491_, 62.155, 51.68, 1.8
FILLER_12_111, 62.155, 46.24, 1.8
_443_, 62.155, 46.24, 1.8
FILLER_11_113, 62.155, 40.8, 1.8
FILLER_12_135, 62.155, 40.8, 1.8
_457_, 62.155, 40.8, 1.8
FILLER_10_133, 62.155, 35.36, 1.8
FILLER_9_113, 62.155, 35.36, 1.8
_488_, 62.155, 35.36, 1.8
FILLER_6_111, 62.155, 29.92, 1.8
FILLER_8_134, 62.155, 29.92, 1.8
_465_, 62.155, 29.92, 1.8
_493_, 62.155, 29.92, 1.8
FILLER_4_114, 62.155, 24.48, 1.8
FILLER_4_121, 62.155, 24.48, 1.8
FILLER_5_113, 62.155, 24.48, 1.8
FILLER_5_122, 62.155, 24.48, 1.8
FILLER_6_135, 62.155, 24.48, 1.8
_381_, 62.155, 24.48, 1.8
_398_, 62.155, 24.48, 1.8
_439_, 62.155, 24.48, 1.8
_447_, 62.155, 24.48, 1.8
FILLER_2_120, 62.155, 19.04, 1.8
FILLER_3_118, 62.155, 19.04, 1.8
FILLER_3_125, 62.155, 19.04, 1.8
FILLER_3_132, 62.155, 19.04, 1.8
FILLER_4_133, 62.155, 19.04, 1.8
_373_, 62.155, 19.04, 1.8
_386_, 62.155, 19.04, 1.8
_409_, 62.155, 19.04, 1.8
_425_, 62.155, 19.04, 1.8
_426_, 62.155, 19.04, 1.8
FILLER_0_121, 62.155, 13.6, 1.8
FILLER_0_131, 62.155, 13.6, 1.8
FILLER_1_113, 62.155, 13.6, 1.8
FILLER_1_126, 62.155, 13.6, 1.8
FILLER_2_130, 62.155, 13.6, 1.8
_254_, 62.155, 13.6, 1.8
_258_, 62.155, 13.6, 1.8
_372_, 62.155, 13.6, 1.8
_417_, 62.155, 13.6, 1.8
_418_, 62.155, 13.6, 1.8
_438_, 62.155, 13.6, 1.8
_441_, 62.155, 13.6, 1.8
FILLER_32_69, 39.5, 100.64, 1.8
_318_, 39.5, 100.64, 1.8
FILLER_30_63, 39.5, 95.2, 1.8
FILLER_31_62, 39.5, 95.2, 1.8
FILLER_31_73, 39.5, 95.2, 1.8
FILLER_32_78, 39.5, 95.2, 1.8
FILLER_32_85, 39.5, 95.2, 1.8
_319_, 39.5, 95.2, 1.8
_321_, 39.5, 95.2, 1.8
_331_, 39.5, 95.2, 1.8
FILLER_29_63, 39.5, 89.76, 1.8
FILLER_29_74, 39.5, 89.76, 1.8
FILLER_30_74, 39.5, 89.76, 1.8
_405_, 39.5, 89.76, 1.8
input4, 39.5, 89.76, 1.8
input5, 39.5, 89.76, 1.8
input6, 39.5, 89.76, 1.8
FILLER_26_64, 39.5, 84.32, 1.8
FILLER_27_66, 39.5, 84.32, 1.8
FILLER_27_78, 39.5, 84.32, 1.8
FILLER_28_79, 39.5, 84.32, 1.8
_322_, 39.5, 84.32, 1.8
_323_, 39.5, 84.32, 1.8
_324_, 39.5, 84.32, 1.8
FILLER_25_64, 39.5, 78.88, 1.8
FILLER_26_75, 39.5, 78.88, 1.8
_472_, 39.5, 78.88, 1.8
_474_, 39.5, 78.88, 1.8
FILLER_24_85, 39.5, 73.44, 1.8
_446_, 39.5, 73.44, 1.8
FILLER_21_81, 39.5, 68, 1.8
FILLER_18_73, 39.5, 62.56, 1.8
FILLER_19_69, 39.5, 62.56, 1.8
_487_, 39.5, 62.56, 1.8
FILLER_17_69, 39.5, 57.12, 1.8
FILLER_18_85, 39.5, 57.12, 1.8
_414_, 39.5, 57.12, 1.8
_458_, 39.5, 57.12, 1.8
_466_, 39.5, 57.12, 1.8
FILLER_15_86, 39.5, 51.68, 1.8
clkbuf_3_2__f_clk, 39.5, 51.68, 1.8
FILLER_13_70, 39.5, 46.24, 1.8
FILLER_14_79, 39.5, 46.24, 1.8
FILLER_14_85, 39.5, 46.24, 1.8
_403_, 39.5, 46.24, 1.8
_451_, 39.5, 46.24, 1.8
FILLER_12_79, 39.5, 40.8, 1.8
FILLER_12_85, 39.5, 40.8, 1.8
_454_, 39.5, 40.8, 1.8
_470_, 39.5, 40.8, 1.8
FILLER_9_62, 39.5, 35.36, 1.8
FILLER_9_86, 39.5, 35.36, 1.8
_449_, 39.5, 35.36, 1.8
_471_, 39.5, 35.36, 1.8
FILLER_7_82, 39.5, 29.92, 1.8
_455_, 39.5, 29.92, 1.8
clkbuf_3_0__f_clk, 39.5, 29.92, 1.8
FILLER_4_66, 39.5, 24.48, 1.8
FILLER_5_83, 39.5, 24.48, 1.8
FILLER_6_85, 39.5, 24.48, 1.8
_382_, 39.5, 24.48, 1.8
_444_, 39.5, 24.48, 1.8
FILLER_2_68, 39.5, 19.04, 1.8
FILLER_3_66, 39.5, 19.04, 1.8
FILLER_3_75, 39.5, 19.04, 1.8
FILLER_3_82, 39.5, 19.04, 1.8
FILLER_4_75, 39.5, 19.04, 1.8
FILLER_4_85, 39.5, 19.04, 1.8
_375_, 39.5, 19.04, 1.8
_377_, 39.5, 19.04, 1.8
_387_, 39.5, 19.04, 1.8
_390_, 39.5, 19.04, 1.8
FILLER_0_69, 39.5, 13.6, 1.8
FILLER_0_85, 39.5, 13.6, 1.8
FILLER_1_67, 39.5, 13.6, 1.8
FILLER_1_74, 39.5, 13.6, 1.8
FILLER_1_85, 39.5, 13.6, 1.8
FILLER_2_75, 39.5, 13.6, 1.8
FILLER_2_85, 39.5, 13.6, 1.8
_247_, 39.5, 13.6, 1.8
_248_, 39.5, 13.6, 1.8
_260_, 39.5, 13.6, 1.8
_434_, 39.5, 13.6, 1.8
FILLER_32_19, 16.845, 100.64, 1.8
_299_, 16.845, 100.64, 1.8
input29, 16.845, 100.64, 1.8
FILLER_30_24, 16.845, 95.2, 1.8
FILLER_31_27, 16.845, 95.2, 1.8
FILLER_32_29, 16.845, 95.2, 1.8
_246_, 16.845, 95.2, 1.8
_279_, 16.845, 95.2, 1.8
_371_, 16.845, 95.2, 1.8
FILLER_28_19, 16.845, 89.76, 1.8
FILLER_29_16, 16.845, 89.76, 1.8
FILLER_29_24, 16.845, 89.76, 1.8
FILLER_29_31, 16.845, 89.76, 1.8
FILLER_30_29, 16.845, 89.76, 1.8
FILLER_30_36, 16.845, 89.76, 1.8
_206_, 16.845, 89.76, 1.8
_278_, 16.845, 89.76, 1.8
_298_, 16.845, 89.76, 1.8
_309_, 16.845, 89.76, 1.8
_370_, 16.845, 89.76, 1.8
FILLER_26_15, 16.845, 84.32, 1.8
FILLER_26_23, 16.845, 84.32, 1.8
FILLER_27_26, 16.845, 84.32, 1.8
FILLER_28_36, 16.845, 84.32, 1.8
_264_, 16.845, 84.32, 1.8
_275_, 16.845, 84.32, 1.8
_276_, 16.845, 84.32, 1.8
_277_, 16.845, 84.32, 1.8
FILLER_24_19, 16.845, 78.88, 1.8
FILLER_25_19, 16.845, 78.88, 1.8
FILLER_25_26, 16.845, 78.88, 1.8
FILLER_26_34, 16.845, 78.88, 1.8
_293_, 16.845, 78.88, 1.8
_297_, 16.845, 78.88, 1.8
input24, 16.845, 78.88, 1.8
FILLER_23_14, 16.845, 73.44, 1.8
FILLER_23_35, 16.845, 73.44, 1.8
_295_, 16.845, 73.44, 1.8
_368_, 16.845, 73.44, 1.8
FILLER_20_15, 16.845, 68, 1.8
FILLER_21_24, 16.845, 68, 1.8
FILLER_21_31, 16.845, 68, 1.8
_301_, 16.845, 68, 1.8
_314_, 16.845, 68, 1.8
_315_, 16.845, 68, 1.8
FILLER_19_28, 16.845, 62.56, 1.8
_312_, 16.845, 62.56, 1.8
_313_, 16.845, 62.56, 1.8
FILLER_16_15, 16.845, 57.12, 1.8
FILLER_17_24, 16.845, 57.12, 1.8
_273_, 16.845, 57.12, 1.8
_281_, 16.845, 57.12, 1.8
_282_, 16.845, 57.12, 1.8
FILLER_15_17, 16.845, 51.68, 1.8
FILLER_15_33, 16.845, 51.68, 1.8
FILLER_16_29, 16.845, 51.68, 1.8
_274_, 16.845, 51.68, 1.8
_284_, 16.845, 51.68, 1.8
FILLER_12_23, 16.845, 46.24, 1.8
FILLER_13_19, 16.845, 46.24, 1.8
FILLER_13_29, 16.845, 46.24, 1.8
_227_, 16.845, 46.24, 1.8
_233_, 16.845, 46.24, 1.8
_236_, 16.845, 46.24, 1.8
_266_, 16.845, 46.24, 1.8
FILLER_11_15, 16.845, 40.8, 1.8
FILLER_11_28, 16.845, 40.8, 1.8
FILLER_12_29, 16.845, 40.8, 1.8
_231_, 16.845, 40.8, 1.8
_237_, 16.845, 40.8, 1.8
_241_, 16.845, 40.8, 1.8
FILLER_8_19, 16.845, 35.36, 1.8
FILLER_9_29, 16.845, 35.36, 1.8
_240_, 16.845, 35.36, 1.8
_242_, 16.845, 35.36, 1.8
FILLER_6_17, 16.845, 29.92, 1.8
FILLER_7_33, 16.845, 29.92, 1.8
_224_, 16.845, 29.92, 1.8
_238_, 16.845, 29.92, 1.8
_239_, 16.845, 29.92, 1.8
output35, 16.845, 29.92, 1.8
FILLER_4_15, 16.845, 24.48, 1.8
FILLER_4_24, 16.845, 24.48, 1.8
FILLER_5_24, 16.845, 24.48, 1.8
FILLER_5_31, 16.845, 24.48, 1.8
FILLER_6_25, 16.845, 24.48, 1.8
FILLER_6_29, 16.845, 24.48, 1.8
_208_, 16.845, 24.48, 1.8
_213_, 16.845, 24.48, 1.8
_221_, 16.845, 24.48, 1.8
_222_, 16.845, 24.48, 1.8
FILLER_3_27, 16.845, 19.04, 1.8
PHY_64, 5.52, 100.64, 1.8
PHY_65, 96.14, 100.64, 1.8
FILLER_32_40, 28.172, 100.64, 1.8
input3, 28.172, 100.64, 1.8
input31, 28.172, 100.64, 1.8
FILLER_32_91, 50.827, 100.64, 1.8
FILLER_32_98, 50.827, 100.64, 1.8
input7, 50.827, 100.64, 1.8
input8, 50.827, 100.64, 1.8
FILLER_32_146, 73.482, 100.64, 1.8
input14, 73.482, 100.64, 1.8
FILLER_31_10, 5.52, 95.2, 1.8
FILLER_31_3, 5.52, 95.2, 1.8
FILLER_32_12, 5.52, 95.2, 1.8
FILLER_32_3, 5.52, 95.2, 1.8
PHY_60, 5.52, 95.2, 1.8
PHY_62, 5.52, 95.2, 1.8
input27, 5.52, 95.2, 1.8
input28, 5.52, 95.2, 1.8
FILLER_30_186, 96.14, 95.2, 1.8
FILLER_31_185, 96.14, 95.2, 1.8
PHY_61, 96.14, 95.2, 1.8
PHY_63, 96.14, 95.2, 1.8
input21, 96.14, 95.2, 1.8
FILLER_30_49, 28.172, 95.2, 1.8
FILLER_31_38, 28.172, 95.2, 1.8
FILLER_31_52, 28.172, 95.2, 1.8
_306_, 28.172, 95.2, 1.8
_320_, 28.172, 95.2, 1.8
input30, 28.172, 95.2, 1.8
input32, 28.172, 95.2, 1.8
FILLER_30_94, 50.827, 95.2, 1.8
FILLER_31_108, 50.827, 95.2, 1.8
FILLER_31_90, 50.827, 95.2, 1.8
FILLER_31_97, 50.827, 95.2, 1.8
FILLER_32_105, 50.827, 95.2, 1.8
_330_, 50.827, 95.2, 1.8
_332_, 50.827, 95.2, 1.8
_336_, 50.827, 95.2, 1.8
input9, 50.827, 95.2, 1.8
FILLER_30_146, 73.482, 95.2, 1.8
FILLER_31_139, 73.482, 95.2, 1.8
FILLER_31_150, 73.482, 95.2, 1.8
FILLER_32_153, 73.482, 95.2, 1.8
FILLER_32_160, 73.482, 95.2, 1.8
_342_, 73.482, 95.2, 1.8
_346_, 73.482, 95.2, 1.8
_350_, 73.482, 95.2, 1.8
input15, 73.482, 95.2, 1.8
input16, 73.482, 95.2, 1.8
FILLER_29_3, 5.52, 89.76, 1.8
FILLER_30_12, 5.52, 89.76, 1.8
PHY_56, 5.52, 89.76, 1.8
PHY_58, 5.52, 89.76, 1.8
_291_, 5.52, 89.76, 1.8
_294_, 5.52, 89.76, 1.8
FILLER_28_189, 96.14, 89.76, 1.8
FILLER_29_187, 96.14, 89.76, 1.8
PHY_57, 96.14, 89.76, 1.8
PHY_59, 96.14, 89.76, 1.8
FILLER_28_47, 28.172, 89.76, 1.8
FILLER_29_39, 28.172, 89.76, 1.8
FILLER_29_50, 28.172, 89.76, 1.8
FILLER_29_57, 28.172, 89.76, 1.8
_310_, 28.172, 89.76, 1.8
_317_, 28.172, 89.76, 1.8
_416_, 28.172, 89.76, 1.8
input33, 28.172, 89.76, 1.8
FILLER_28_94, 50.827, 89.76, 1.8
FILLER_29_105, 50.827, 89.76, 1.8
FILLER_30_104, 50.827, 89.76, 1.8
_327_, 50.827, 89.76, 1.8
_329_, 50.827, 89.76, 1.8
_333_, 50.827, 89.76, 1.8
_334_, 50.827, 89.76, 1.8
FILLER_28_146, 73.482, 89.76, 1.8
FILLER_29_141, 73.482, 89.76, 1.8
FILLER_29_153, 73.482, 89.76, 1.8
FILLER_30_157, 73.482, 89.76, 1.8
_214_, 73.482, 89.76, 1.8
_216_, 73.482, 89.76, 1.8
_217_, 73.482, 89.76, 1.8
_411_, 73.482, 89.76, 1.8
input18, 73.482, 89.76, 1.8
FILLER_27_12, 5.52, 84.32, 1.8
FILLER_28_8, 5.52, 84.32, 1.8
PHY_52, 5.52, 84.32, 1.8
PHY_54, 5.52, 84.32, 1.8
_290_, 5.52, 84.32, 1.8
_292_, 5.52, 84.32, 1.8
input34, 5.52, 84.32, 1.8
FILLER_26_190, 96.14, 84.32, 1.8
FILLER_27_189, 96.14, 84.32, 1.8
PHY_53, 96.14, 84.32, 1.8
PHY_55, 96.14, 84.32, 1.8
FILLER_26_46, 28.172, 84.32, 1.8
FILLER_27_37, 28.172, 84.32, 1.8
FILLER_27_47, 28.172, 84.32, 1.8
FILLER_28_58, 28.172, 84.32, 1.8
_300_, 28.172, 84.32, 1.8
_316_, 28.172, 84.32, 1.8
_325_, 28.172, 84.32, 1.8
_326_, 28.172, 84.32, 1.8
input13, 28.172, 84.32, 1.8
FILLER_27_103, 50.827, 84.32, 1.8
FILLER_27_87, 50.827, 84.32, 1.8
FILLER_27_94, 50.827, 84.32, 1.8
FILLER_28_105, 50.827, 84.32, 1.8
_328_, 50.827, 84.32, 1.8
_399_, 50.827, 84.32, 1.8
_412_, 50.827, 84.32, 1.8
FILLER_27_145, 73.482, 84.32, 1.8
FILLER_27_160, 73.482, 84.32, 1.8
FILLER_28_160, 73.482, 84.32, 1.8
_215_, 73.482, 84.32, 1.8
_338_, 73.482, 84.32, 1.8
_339_, 73.482, 84.32, 1.8
_366_, 73.482, 84.32, 1.8
FILLER_25_3, 5.52, 78.88, 1.8
FILLER_26_3, 5.52, 78.88, 1.8
PHY_48, 5.52, 78.88, 1.8
PHY_50, 5.52, 78.88, 1.8
_207_, 5.52, 78.88, 1.8
_367_, 5.52, 78.88, 1.8
FILLER_25_189, 96.14, 78.88, 1.8
PHY_49, 96.14, 78.88, 1.8
PHY_51, 96.14, 78.88, 1.8
input26, 96.14, 78.88, 1.8
FILLER_24_38, 28.172, 78.88, 1.8
FILLER_24_47, 28.172, 78.88, 1.8
FILLER_25_43, 28.172, 78.88, 1.8
FILLER_26_57, 28.172, 78.88, 1.8
_296_, 28.172, 78.88, 1.8
_307_, 28.172, 78.88, 1.8
_308_, 28.172, 78.88, 1.8
_407_, 28.172, 78.88, 1.8
_408_, 28.172, 78.88, 1.8
FILLER_24_93, 50.827, 78.88, 1.8
FILLER_25_103, 50.827, 78.88, 1.8
_475_, 50.827, 78.88, 1.8
FILLER_25_158, 73.482, 78.88, 1.8
FILLER_26_148, 73.482, 78.88, 1.8
FILLER_26_159, 73.482, 78.88, 1.8
_362_, 73.482, 78.88, 1.8
_364_, 73.482, 78.88, 1.8
_415_, 73.482, 78.88, 1.8
FILLER_23_3, 5.52, 73.44, 1.8
FILLER_24_8, 5.52, 73.44, 1.8
PHY_44, 5.52, 73.44, 1.8
PHY_46, 5.52, 73.44, 1.8
_289_, 5.52, 73.44, 1.8
_369_, 5.52, 73.44, 1.8
input2, 5.52, 73.44, 1.8
FILLER_22_187, 96.14, 73.44, 1.8
FILLER_23_191, 96.14, 73.44, 1.8
PHY_45, 96.14, 73.44, 1.8
PHY_47, 96.14, 73.44, 1.8
FILLER_22_48, 28.172, 73.44, 1.8
FILLER_23_45, 28.172, 73.44, 1.8
FILLER_23_52, 28.172, 73.44, 1.8
FILLER_23_57, 28.172, 73.44, 1.8
FILLER_24_58, 28.172, 73.44, 1.8
_302_, 28.172, 73.44, 1.8
_303_, 28.172, 73.44, 1.8
_304_, 28.172, 73.44, 1.8
_305_, 28.172, 73.44, 1.8
_400_, 28.172, 73.44, 1.8
FILLER_22_97, 50.827, 73.44, 1.8
FILLER_23_108, 50.827, 73.44, 1.8
FILLER_23_159, 73.482, 73.44, 1.8
_479_, 73.482, 73.44, 1.8
_489_, 73.482, 73.44, 1.8
FILLER_22_3, 5.52, 68, 1.8
PHY_40, 5.52, 68, 1.8
PHY_42, 5.52, 68, 1.8
_285_, 5.52, 68, 1.8
_288_, 5.52, 68, 1.8
PHY_41, 96.14, 68, 1.8
PHY_43, 96.14, 68, 1.8
FILLER_20_38, 28.172, 68, 1.8
_272_, 28.172, 68, 1.8
_467_, 28.172, 68, 1.8
FILLER_20_97, 50.827, 68, 1.8
FILLER_21_109, 50.827, 68, 1.8
_481_, 50.827, 68, 1.8
_486_, 50.827, 68, 1.8
_497_, 73.482, 68, 1.8
FILLER_19_3, 5.52, 62.56, 1.8
FILLER_20_3, 5.52, 62.56, 1.8
PHY_36, 5.52, 62.56, 1.8
PHY_38, 5.52, 62.56, 1.8
_287_, 5.52, 62.56, 1.8
_311_, 5.52, 62.56, 1.8
PHY_37, 96.14, 62.56, 1.8
PHY_39, 96.14, 62.56, 1.8
FILLER_19_48, 28.172, 62.56, 1.8
FILLER_20_50, 28.172, 62.56, 1.8
_271_, 28.172, 62.56, 1.8
FILLER_19_106, 50.827, 62.56, 1.8
_469_, 50.827, 62.56, 1.8
clkbuf_3_3__f_clk, 50.827, 62.56, 1.8
FILLER_18_136, 73.482, 62.56, 1.8
FILLER_18_146, 73.482, 62.56, 1.8
FILLER_19_159, 73.482, 62.56, 1.8
_413_, 73.482, 62.56, 1.8
_477_, 73.482, 62.56, 1.8
FILLER_17_12, 5.52, 57.12, 1.8
FILLER_18_3, 5.52, 57.12, 1.8
PHY_32, 5.52, 57.12, 1.8
PHY_34, 5.52, 57.12, 1.8
_280_, 5.52, 57.12, 1.8
_286_, 5.52, 57.12, 1.8
PHY_33, 96.14, 57.12, 1.8
PHY_35, 96.14, 57.12, 1.8
FILLER_16_43, 28.172, 57.12, 1.8
FILLER_17_37, 28.172, 57.12, 1.8
FILLER_17_48, 28.172, 57.12, 1.8
_270_, 28.172, 57.12, 1.8
_485_, 28.172, 57.12, 1.8
FILLER_16_97, 50.827, 57.12, 1.8
FILLER_17_105, 50.827, 57.12, 1.8
FILLER_16_136, 73.482, 57.12, 1.8
FILLER_16_141, 73.482, 57.12, 1.8
FILLER_17_159, 73.482, 57.12, 1.8
_480_, 73.482, 57.12, 1.8
_503_, 73.482, 57.12, 1.8
FILLER_15_3, 5.52, 51.68, 1.8
FILLER_16_3, 5.52, 51.68, 1.8
PHY_28, 5.52, 51.68, 1.8
PHY_30, 5.52, 51.68, 1.8
_267_, 5.52, 51.68, 1.8
_269_, 5.52, 51.68, 1.8
FILLER_14_187, 96.14, 51.68, 1.8
FILLER_15_191, 96.14, 51.68, 1.8
PHY_29, 96.14, 51.68, 1.8
PHY_31, 96.14, 51.68, 1.8
FILLER_14_41, 28.172, 51.68, 1.8
FILLER_15_40, 28.172, 51.68, 1.8
FILLER_15_48, 28.172, 51.68, 1.8
FILLER_15_57, 28.172, 51.68, 1.8
FILLER_16_53, 28.172, 51.68, 1.8
_234_, 28.172, 51.68, 1.8
_283_, 28.172, 51.68, 1.8
_401_, 28.172, 51.68, 1.8
_410_, 28.172, 51.68, 1.8
ANTENNA_2, 50.827, 51.68, 1.8
_450_, 50.827, 51.68, 1.8
_476_, 50.827, 51.68, 1.8
_482_, 50.827, 51.68, 1.8
FILLER_15_159, 73.482, 51.68, 1.8
_492_, 73.482, 51.68, 1.8
clkbuf_3_6__f_clk, 73.482, 51.68, 1.8
FILLER_13_11, 5.52, 46.24, 1.8
FILLER_13_3, 5.52, 46.24, 1.8
FILLER_14_3, 5.52, 46.24, 1.8
PHY_24, 5.52, 46.24, 1.8
PHY_26, 5.52, 46.24, 1.8
_268_, 5.52, 46.24, 1.8
FILLER_12_189, 96.14, 46.24, 1.8
PHY_25, 96.14, 46.24, 1.8
PHY_27, 96.14, 46.24, 1.8
FILLER_12_40, 28.172, 46.24, 1.8
FILLER_13_40, 28.172, 46.24, 1.8
FILLER_13_51, 28.172, 46.24, 1.8
FILLER_13_57, 28.172, 46.24, 1.8
FILLER_14_53, 28.172, 46.24, 1.8
_230_, 28.172, 46.24, 1.8
_235_, 28.172, 46.24, 1.8
_473_, 28.172, 46.24, 1.8
FILLER_13_107, 50.827, 46.24, 1.8
_478_, 50.827, 46.24, 1.8
FILLER_12_141, 73.482, 46.24, 1.8
FILLER_13_159, 73.482, 46.24, 1.8
_464_, 73.482, 46.24, 1.8
_484_, 73.482, 46.24, 1.8
FILLER_11_3, 5.52, 40.8, 1.8
FILLER_12_12, 5.52, 40.8, 1.8
PHY_20, 5.52, 40.8, 1.8
PHY_22, 5.52, 40.8, 1.8
_226_, 5.52, 40.8, 1.8
_265_, 5.52, 40.8, 1.8
FILLER_10_189, 96.14, 40.8, 1.8
PHY_21, 96.14, 40.8, 1.8
PHY_23, 96.14, 40.8, 1.8
FILLER_11_48, 28.172, 40.8, 1.8
FILLER_12_55, 28.172, 40.8, 1.8
_232_, 28.172, 40.8, 1.8
_468_, 28.172, 40.8, 1.8
FILLER_10_97, 50.827, 40.8, 1.8
_459_, 73.482, 40.8, 1.8
FILLER_9_3, 5.52, 35.36, 1.8
PHY_16, 5.52, 35.36, 1.8
PHY_18, 5.52, 35.36, 1.8
_225_, 5.52, 35.36, 1.8
FILLER_8_186, 96.14, 35.36, 1.8
FILLER_9_188, 96.14, 35.36, 1.8
PHY_17, 96.14, 35.36, 1.8
PHY_19, 96.14, 35.36, 1.8
_431_, 96.14, 35.36, 1.8
FILLER_8_38, 28.172, 35.36, 1.8
FILLER_9_41, 28.172, 35.36, 1.8
_228_, 28.172, 35.36, 1.8
_229_, 28.172, 35.36, 1.8
_404_, 28.172, 35.36, 1.8
FILLER_8_97, 50.827, 35.36, 1.8
_463_, 50.827, 35.36, 1.8
clkbuf_3_1__f_clk, 50.827, 35.36, 1.8
FILLER_8_141, 73.482, 35.36, 1.8
FILLER_9_152, 73.482, 35.36, 1.8
FILLER_9_159, 73.482, 35.36, 1.8
_392_, 73.482, 35.36, 1.8
_430_, 73.482, 35.36, 1.8
_442_, 73.482, 35.36, 1.8
FILLER_7_12, 5.52, 29.92, 1.8
FILLER_8_3, 5.52, 29.92, 1.8
PHY_12, 5.52, 29.92, 1.8
PHY_14, 5.52, 29.92, 1.8
_211_, 5.52, 29.92, 1.8
_223_, 5.52, 29.92, 1.8
FILLER_6_187, 96.14, 29.92, 1.8
PHY_13, 96.14, 29.92, 1.8
PHY_15, 96.14, 29.92, 1.8
FILLER_6_45, 28.172, 29.92, 1.8
FILLER_7_53, 28.172, 29.92, 1.8
FILLER_7_57, 28.172, 29.92, 1.8
FILLER_8_51, 28.172, 29.92, 1.8
FILLER_8_59, 28.172, 29.92, 1.8
_220_, 28.172, 29.92, 1.8
FILLER_7_106, 50.827, 29.92, 1.8
_383_, 50.827, 29.92, 1.8
_396_, 50.827, 29.92, 1.8
_452_, 50.827, 29.92, 1.8
FILLER_7_145, 73.482, 29.92, 1.8
FILLER_7_152, 73.482, 29.92, 1.8
FILLER_7_159, 73.482, 29.92, 1.8
FILLER_8_148, 73.482, 29.92, 1.8
FILLER_8_155, 73.482, 29.92, 1.8
_388_, 73.482, 29.92, 1.8
_419_, 73.482, 29.92, 1.8
_437_, 73.482, 29.92, 1.8
_494_, 73.482, 29.92, 1.8
clkbuf_3_4__f_clk, 73.482, 29.92, 1.8
FILLER_5_12, 5.52, 24.48, 1.8
FILLER_6_8, 5.52, 24.48, 1.8
PHY_10, 5.52, 24.48, 1.8
PHY_8, 5.52, 24.48, 1.8
_209_, 5.52, 24.48, 1.8
_210_, 5.52, 24.48, 1.8
_212_, 5.52, 24.48, 1.8
FILLER_5_191, 96.14, 24.48, 1.8
PHY_11, 96.14, 24.48, 1.8
PHY_9, 96.14, 24.48, 1.8
FILLER_5_42, 28.172, 24.48, 1.8
FILLER_5_51, 28.172, 24.48, 1.8
FILLER_5_57, 28.172, 24.48, 1.8
FILLER_6_58, 28.172, 24.48, 1.8
_219_, 28.172, 24.48, 1.8
_262_, 28.172, 24.48, 1.8
FILLER_4_95, 50.827, 24.48, 1.8
_380_, 50.827, 24.48, 1.8
_448_, 50.827, 24.48, 1.8
FILLER_4_141, 73.482, 24.48, 1.8
FILLER_5_146, 73.482, 24.48, 1.8
FILLER_5_153, 73.482, 24.48, 1.8
FILLER_5_160, 73.482, 24.48, 1.8
_374_, 73.482, 24.48, 1.8
_378_, 73.482, 24.48, 1.8
_506_, 73.482, 24.48, 1.8
PHY_4, 5.52, 19.04, 1.8
PHY_6, 5.52, 19.04, 1.8
FILLER_2_188, 96.14, 19.04, 1.8
FILLER_3_188, 96.14, 19.04, 1.8
PHY_5, 96.14, 19.04, 1.8
PHY_7, 96.14, 19.04, 1.8
_376_, 96.14, 19.04, 1.8
_391_, 96.14, 19.04, 1.8
FILLER_4_53, 28.172, 19.04, 1.8
_218_, 28.172, 19.04, 1.8
_261_, 28.172, 19.04, 1.8
_263_, 28.172, 19.04, 1.8
FILLER_2_93, 50.827, 19.04, 1.8
FILLER_3_100, 50.827, 19.04, 1.8
FILLER_3_109, 50.827, 19.04, 1.8
FILLER_3_93, 50.827, 19.04, 1.8
FILLER_4_106, 50.827, 19.04, 1.8
_244_, 50.827, 19.04, 1.8
_379_, 50.827, 19.04, 1.8
_420_, 50.827, 19.04, 1.8
_421_, 50.827, 19.04, 1.8
_422_, 50.827, 19.04, 1.8
FILLER_2_137, 73.482, 19.04, 1.8
FILLER_3_139, 73.482, 19.04, 1.8
FILLER_3_146, 73.482, 19.04, 1.8
FILLER_3_153, 73.482, 19.04, 1.8
FILLER_3_160, 73.482, 19.04, 1.8
_389_, 73.482, 19.04, 1.8
_395_, 73.482, 19.04, 1.8
_397_, 73.482, 19.04, 1.8
_423_, 73.482, 19.04, 1.8
_424_, 73.482, 19.04, 1.8
PHY_0, 5.52, 13.6, 1.8
PHY_2, 5.52, 13.6, 1.8
FILLER_0_189, 96.14, 13.6, 1.8
FILLER_1_187, 96.14, 13.6, 1.8
PHY_1, 96.14, 13.6, 1.8
PHY_3, 96.14, 13.6, 1.8
_427_, 96.14, 13.6, 1.8
FILLER_0_53, 28.172, 13.6, 1.8
FILLER_1_51, 28.172, 13.6, 1.8
FILLER_1_57, 28.172, 13.6, 1.8
FILLER_2_53, 28.172, 13.6, 1.8
_259_, 28.172, 13.6, 1.8
FILLER_0_102, 50.827, 13.6, 1.8
FILLER_0_92, 50.827, 13.6, 1.8
FILLER_1_109, 50.827, 13.6, 1.8
FILLER_1_95, 50.827, 13.6, 1.8
FILLER_2_110, 50.827, 13.6, 1.8
FILLER_2_99, 50.827, 13.6, 1.8
_243_, 50.827, 13.6, 1.8
_245_, 50.827, 13.6, 1.8
_252_, 50.827, 13.6, 1.8
_257_, 50.827, 13.6, 1.8
_440_, 50.827, 13.6, 1.8
input1, 50.827, 13.6, 1.8
FILLER_0_149, 73.482, 13.6, 1.8
FILLER_0_160, 73.482, 13.6, 1.8
FILLER_1_140, 73.482, 13.6, 1.8
FILLER_1_151, 73.482, 13.6, 1.8
FILLER_2_149, 73.482, 13.6, 1.8
FILLER_2_158, 73.482, 13.6, 1.8
_251_, 73.482, 13.6, 1.8
_253_, 73.482, 13.6, 1.8
_255_, 73.482, 13.6, 1.8
_256_, 73.482, 13.6, 1.8
_406_, 73.482, 13.6, 1.8

